#
# There is insufficient memory for the Java Runtime Environment to continue.
# Native memory allocation (malloc) failed to allocate 32744 bytes for ChunkPool::allocate
# Possible reasons:
#   The system is out of physical RAM or swap space
#   The process is running with CompressedOops enabled, and the Java Heap may be blocking the growth of the native heap
# Possible solutions:
#   Reduce memory load on the system
#   Increase physical memory or swap space
#   Check if swap backing store is full
#   Decrease Java heap size (-Xmx/-Xms)
#   Decrease number of Java threads
#   Decrease Java thread stack sizes (-Xss)
#   Set larger code cache with -XX:ReservedCodeCacheSize=
#   JVM is running with Unscaled Compressed Oops mode in which the Java heap is
#     placed in the first 4GB address space. The Java Heap base address is the
#     maximum limit for the native heap growth. Please use -XX:HeapBaseMinAddress
#     to set the Java Heap base and to place the Java Heap above 4GB virtual address.
# This output file may be truncated or incomplete.
#
#  Out of Memory Error (allocation.cpp:272), pid=9044, tid=0x0000000000002044
#
# JRE version: Java(TM) SE Runtime Environment (8.0_221-b11) (build 1.8.0_221-b11)
# Java VM: Java HotSpot(TM) 64-Bit Server VM (25.221-b11 mixed mode windows-amd64 compressed oops)
# Failed to write core dump. Minidumps are not enabled by default on client versions of Windows
#

---------------  T H R E A D  ---------------

Current thread (0x0000000014021800):  JavaThread "C2 CompilerThread0" daemon [_thread_in_native, id=8260, stack(0x0000000015650000,0x0000000015750000)]

Stack: [0x0000000015650000,0x0000000015750000]
[error occurred during error reporting (printing stack bounds), id 0xc0000005]

Native frames: (J=compiled Java code, j=interpreted, Vv=VM code, C=native code)


Current CompileTask:
C2:   6279 1891   !   4       java.net.URLClassLoader$1::run (63 bytes)


---------------  P R O C E S S  ---------------

Java Threads: ( => current thread )
  0x0000000017c43800 JavaThread "Cache worker for file hash cache (E:\react-native\PracticeApp\android\.gradle\6.0.1\fileHashes)" [_thread_blocked, id=4528, stack(0x000000001b0e0000,0x000000001b1e0000)]
  0x0000000017c42000 JavaThread "Cache worker for journal cache (C:\Users\hunza rafiq\.gradle\caches\journal-1)" [_thread_blocked, id=4580, stack(0x0000000019b10000,0x0000000019c10000)]
  0x0000000017c3f000 JavaThread "File lock request listener" [_thread_in_native, id=5964, stack(0x0000000019a10000,0x0000000019b10000)]
  0x0000000017c3d800 JavaThread "Cache worker for file hash cache (C:\Users\hunza rafiq\.gradle\caches\6.0.1\fileHashes)" [_thread_blocked, id=4408, stack(0x0000000019910000,0x0000000019a10000)]
  0x0000000017546000 JavaThread "Thread-9" [_thread_blocked, id=5336, stack(0x0000000019810000,0x0000000019910000)]
  0x0000000017543800 JavaThread "Stdin handler" [_thread_blocked, id=3488, stack(0x0000000019710000,0x0000000019810000)]
  0x0000000017542800 JavaThread "Asynchronous log dispatcher for DefaultDaemonConnection: socket connection from /127.0.0.1:50524 to /127.0.0.1:50525" [_thread_blocked, id=1436, stack(0x0000000019410000,0x0000000019510000)]
  0x0000000017540800 JavaThread "Daemon worker" [_thread_in_vm, id=9012, stack(0x0000000019310000,0x0000000019410000)]
  0x000000001753f800 JavaThread "Cancel handler" [_thread_blocked, id=820, stack(0x0000000019210000,0x0000000019310000)]
  0x000000001752f800 JavaThread "Handler for socket connection from /127.0.0.1:50524 to /127.0.0.1:50525" [_thread_in_native, id=6216, stack(0x0000000019110000,0x0000000019210000)]
  0x00000000169a5000 JavaThread "Daemon" [_thread_blocked, id=824, stack(0x0000000019010000,0x0000000019110000)]
  0x00000000174ae000 JavaThread "Daemon periodic checks" [_thread_blocked, id=8924, stack(0x0000000018f10000,0x0000000019010000)]
  0x00000000174aa800 JavaThread "Incoming local TCP Connector on port 50524" [_thread_in_native, id=6604, stack(0x0000000018d30000,0x0000000018e30000)]
  0x0000000017aed800 JavaThread "Daemon health stats" [_thread_blocked, id=972, stack(0x00000000186f0000,0x00000000187f0000)]
  0x0000000015980800 JavaThread "Service Thread" daemon [_thread_blocked, id=6212, stack(0x0000000015d50000,0x0000000015e50000)]
  0x000000001402e800 JavaThread "C1 CompilerThread2" daemon [_thread_blocked, id=8852, stack(0x0000000015850000,0x0000000015950000)]
  0x0000000014026000 JavaThread "C2 CompilerThread1" daemon [_thread_in_native, id=8568, stack(0x0000000015750000,0x0000000015850000)]
=>0x0000000014021800 JavaThread "C2 CompilerThread0" daemon [_thread_in_native, id=8260, stack(0x0000000015650000,0x0000000015750000)]
  0x000000001401f800 JavaThread "Attach Listener" daemon [_thread_blocked, id=7564, stack(0x0000000015550000,0x0000000015650000)]
  0x000000001401c000 JavaThread "Signal Dispatcher" daemon [_thread_blocked, id=3428, stack(0x0000000015450000,0x0000000015550000)]
  0x0000000002cad000 JavaThread "Finalizer" daemon [_thread_blocked, id=8796, stack(0x0000000015270000,0x0000000015370000)]
  0x000000001400a000 JavaThread "Reference Handler" daemon [_thread_blocked, id=3228, stack(0x0000000015170000,0x0000000015270000)]
  0x0000000002bb2800 JavaThread "main" [_thread_blocked, id=8016, stack(0x0000000002ab0000,0x0000000002bb0000)]

Other Threads:
  0x0000000013fe7800 VMThread [stack: 0x0000000015070000,0x0000000015170000] [id=9040]
  0x00000000159b9000 WatcherThread [stack: 0x0000000015e50000,0x0000000015f50000] [id=6620]

VM state:not at safepoint (normal execution)

VM Mutex/Monitor currently owned by a thread: None

heap address: 0x00000000e0000000, size: 512 MB, Compressed Oops mode: 32-bit
Narrow klass base: 0x0000000000000000, Narrow klass shift: 3
Compressed class space size: 1073741824 Address: 0x0000000100000000

Heap:
 PSYoungGen      total 76288K, used 39860K [0x00000000f5580000, 0x00000000fea80000, 0x0000000100000000)
  eden space 65536K, 60% used [0x00000000f5580000,0x00000000f7c6d310,0x00000000f9580000)
  from space 10752K, 0% used [0x00000000fa000000,0x00000000fa000000,0x00000000faa80000)
  to   space 10752K, 0% used [0x00000000f9580000,0x00000000f9580000,0x00000000fa000000)
 ParOldGen       total 175104K, used 7367K [0x00000000e0000000, 0x00000000eab00000, 0x00000000f5580000)
  object space 175104K, 4% used [0x00000000e0000000,0x00000000e0731c08,0x00000000eab00000)
 Metaspace       used 25903K, capacity 26492K, committed 26880K, reserved 1073152K
  class space    used 3570K, capacity 3744K, committed 3840K, reserved 1048576K

Card table byte_map: [0x0000000012070000,0x0000000012180000] byte_map_base: 0x0000000011970000

Marking Bits: (ParMarkBitMap*) 0x000000006b3b5ce0
 Begin Bits: [0x0000000012580000, 0x0000000012d80000)
 End Bits:   [0x0000000012d80000, 0x0000000013580000)

Polling page: 0x0000000002930000

CodeCache: size=245760Kb used=8315Kb max_used=8315Kb free=237444Kb
 bounds [0x0000000002cb0000, 0x00000000034e0000, 0x0000000011cb0000]
 total_blobs=2735 nmethods=2073 adapters=574
 compilation: enabled

Compilation events (10 events):
Event: 6.146 Thread 0x000000001402e800 2081       2       groovyjarjarasm.asm.SymbolTable::addType (81 bytes)
Event: 6.147 Thread 0x000000001402e800 nmethod 2081 0x00000000034cf250 code [0x00000000034cf400, 0x00000000034cf7b8]
Event: 6.147 Thread 0x000000001402e800 2080       2       groovyjarjarasm.asm.SymbolTable::put (150 bytes)
Event: 6.147 Thread 0x000000001402e800 nmethod 2080 0x00000000034cfa50 code [0x00000000034cfbe0, 0x00000000034d00f0]
Event: 6.148 Thread 0x000000001402e800 2082       1       groovyjarjarasm.asm.SymbolTable::getMajorVersion (5 bytes)
Event: 6.148 Thread 0x000000001402e800 nmethod 2082 0x00000000034d0510 code [0x00000000034d0660, 0x00000000034d0770]
Event: 6.158 Thread 0x000000001402e800 2083       2       java.util.concurrent.TimeUnit::x (27 bytes)
Event: 6.159 Thread 0x000000001402e800 nmethod 2083 0x00000000034d07d0 code [0x00000000034d0920, 0x00000000034d0a90]
Event: 6.238 Thread 0x000000001402e800 2084       2       java.util.concurrent.locks.AbstractQueuedSynchronizer::compareAndSetWaitStatus (13 bytes)
Event: 6.238 Thread 0x000000001402e800 nmethod 2084 0x00000000034d0b10 code [0x00000000034d0c60, 0x00000000034d0db0]

GC Heap History (10 events):
Event: 2.521 GC heap before
{Heap before GC invocations=1 (full 0):
 PSYoungGen      total 76288K, used 65536K [0x00000000f5580000, 0x00000000faa80000, 0x0000000100000000)
  eden space 65536K, 100% used [0x00000000f5580000,0x00000000f9580000,0x00000000f9580000)
  from space 10752K, 0% used [0x00000000fa000000,0x00000000fa000000,0x00000000faa80000)
  to   space 10752K, 0% used [0x00000000f9580000,0x00000000f9580000,0x00000000fa000000)
 ParOldGen       total 175104K, used 0K [0x00000000e0000000, 0x00000000eab00000, 0x00000000f5580000)
  object space 175104K, 0% used [0x00000000e0000000,0x00000000e0000000,0x00000000eab00000)
 Metaspace       used 7000K, capacity 7240K, committed 7424K, reserved 1056768K
  class space    used 874K, capacity 948K, committed 1024K, reserved 1048576K
Event: 2.535 GC heap after
Heap after GC invocations=1 (full 0):
 PSYoungGen      total 76288K, used 5557K [0x00000000f5580000, 0x00000000faa80000, 0x0000000100000000)
  eden space 65536K, 0% used [0x00000000f5580000,0x00000000f5580000,0x00000000f9580000)
  from space 10752K, 51% used [0x00000000f9580000,0x00000000f9aed6b0,0x00000000fa000000)
  to   space 10752K, 0% used [0x00000000fa000000,0x00000000fa000000,0x00000000faa80000)
 ParOldGen       total 175104K, used 8K [0x00000000e0000000, 0x00000000eab00000, 0x00000000f5580000)
  object space 175104K, 0% used [0x00000000e0000000,0x00000000e0002000,0x00000000eab00000)
 Metaspace       used 7000K, capacity 7240K, committed 7424K, reserved 1056768K
  class space    used 874K, capacity 948K, committed 1024K, reserved 1048576K
}
Event: 3.685 GC heap before
{Heap before GC invocations=2 (full 0):
 PSYoungGen      total 76288K, used 71093K [0x00000000f5580000, 0x00000000faa80000, 0x0000000100000000)
  eden space 65536K, 100% used [0x00000000f5580000,0x00000000f9580000,0x00000000f9580000)
  from space 10752K, 51% used [0x00000000f9580000,0x00000000f9aed6b0,0x00000000fa000000)
  to   space 10752K, 0% used [0x00000000fa000000,0x00000000fa000000,0x00000000faa80000)
 ParOldGen       total 175104K, used 8K [0x00000000e0000000, 0x00000000eab00000, 0x00000000f5580000)
  object space 175104K, 0% used [0x00000000e0000000,0x00000000e0002000,0x00000000eab00000)
 Metaspace       used 14192K, capacity 14518K, committed 14720K, reserved 1062912K
  class space    used 2019K, capacity 2133K, committed 2176K, reserved 1048576K
Event: 3.698 GC heap after
Heap after GC invocations=2 (full 0):
 PSYoungGen      total 76288K, used 9303K [0x00000000f5580000, 0x00000000faa80000, 0x0000000100000000)
  eden space 65536K, 0% used [0x00000000f5580000,0x00000000f5580000,0x00000000f9580000)
  from space 10752K, 86% used [0x00000000fa000000,0x00000000fa915ed8,0x00000000faa80000)
  to   space 10752K, 0% used [0x00000000f9580000,0x00000000f9580000,0x00000000fa000000)
 ParOldGen       total 175104K, used 16K [0x00000000e0000000, 0x00000000eab00000, 0x00000000f5580000)
  object space 175104K, 0% used [0x00000000e0000000,0x00000000e0004000,0x00000000eab00000)
 Metaspace       used 14192K, capacity 14518K, committed 14720K, reserved 1062912K
  class space    used 2019K, capacity 2133K, committed 2176K, reserved 1048576K
}
Event: 5.047 GC heap before
{Heap before GC invocations=3 (full 0):
 PSYoungGen      total 76288K, used 74839K [0x00000000f5580000, 0x00000000faa80000, 0x0000000100000000)
  eden space 65536K, 100% used [0x00000000f5580000,0x00000000f9580000,0x00000000f9580000)
  from space 10752K, 86% used [0x00000000fa000000,0x00000000fa915ed8,0x00000000faa80000)
  to   space 10752K, 0% used [0x00000000f9580000,0x00000000f9580000,0x00000000fa000000)
 ParOldGen       total 175104K, used 16K [0x00000000e0000000, 0x00000000eab00000, 0x00000000f5580000)
  object space 175104K, 0% used [0x00000000e0000000,0x00000000e0004000,0x00000000eab00000)
 Metaspace       used 20300K, capacity 20756K, committed 21120K, reserved 1067008K
  class space    used 2998K, capacity 3140K, committed 3200K, reserved 1048576K
Event: 5.062 GC heap after
Heap after GC invocations=3 (full 0):
 PSYoungGen      total 76288K, used 10720K [0x00000000f5580000, 0x00000000faa80000, 0x0000000100000000)
  eden space 65536K, 0% used [0x00000000f5580000,0x00000000f5580000,0x00000000f9580000)
  from space 10752K, 99% used [0x00000000f9580000,0x00000000f9ff8050,0x00000000fa000000)
  to   space 10752K, 0% used [0x00000000fa000000,0x00000000fa000000,0x00000000faa80000)
 ParOldGen       total 175104K, used 1787K [0x00000000e0000000, 0x00000000eab00000, 0x00000000f5580000)
  object space 175104K, 1% used [0x00000000e0000000,0x00000000e01bec58,0x00000000eab00000)
 Metaspace       used 20300K, capacity 20756K, committed 21120K, reserved 1067008K
  class space    used 2998K, capacity 3140K, committed 3200K, reserved 1048576K
}
Event: 5.089 GC heap before
{Heap before GC invocations=4 (full 0):
 PSYoungGen      total 76288K, used 11867K [0x00000000f5580000, 0x00000000faa80000, 0x0000000100000000)
  eden space 65536K, 1% used [0x00000000f5580000,0x00000000f569efa0,0x00000000f9580000)
  from space 10752K, 99% used [0x00000000f9580000,0x00000000f9ff8050,0x00000000fa000000)
  to   space 10752K, 0% used [0x00000000fa000000,0x00000000fa000000,0x00000000faa80000)
 ParOldGen       total 175104K, used 1787K [0x00000000e0000000, 0x00000000eab00000, 0x00000000f5580000)
  object space 175104K, 1% used [0x00000000e0000000,0x00000000e01bec58,0x00000000eab00000)
 Metaspace       used 20649K, capacity 21108K, committed 21296K, reserved 1067008K
  class space    used 3002K, capacity 3172K, committed 3200K, reserved 1048576K
Event: 5.100 GC heap after
Heap after GC invocations=4 (full 0):
 PSYoungGen      total 76288K, used 7484K [0x00000000f5580000, 0x00000000fea80000, 0x0000000100000000)
  eden space 65536K, 0% used [0x00000000f5580000,0x00000000f5580000,0x00000000f9580000)
  from space 10752K, 69% used [0x00000000fa000000,0x00000000fa74f218,0x00000000faa80000)
  to   space 10752K, 0% used [0x00000000f9580000,0x00000000f9580000,0x00000000fa000000)
 ParOldGen       total 175104K, used 1795K [0x00000000e0000000, 0x00000000eab00000, 0x00000000f5580000)
  object space 175104K, 1% used [0x00000000e0000000,0x00000000e01c0c58,0x00000000eab00000)
 Metaspace       used 20649K, capacity 21108K, committed 21296K, reserved 1067008K
  class space    used 3002K, capacity 3172K, committed 3200K, reserved 1048576K
}
Event: 5.100 GC heap before
{Heap before GC invocations=5 (full 1):
 PSYoungGen      total 76288K, used 7484K [0x00000000f5580000, 0x00000000fea80000, 0x0000000100000000)
  eden space 65536K, 0% used [0x00000000f5580000,0x00000000f5580000,0x00000000f9580000)
  from space 10752K, 69% used [0x00000000fa000000,0x00000000fa74f218,0x00000000faa80000)
  to   space 10752K, 0% used [0x00000000f9580000,0x00000000f9580000,0x00000000fa000000)
 ParOldGen       total 175104K, used 1795K [0x00000000e0000000, 0x00000000eab00000, 0x00000000f5580000)
  object space 175104K, 1% used [0x00000000e0000000,0x00000000e01c0c58,0x00000000eab00000)
 Metaspace       used 20649K, capacity 21108K, committed 21296K, reserved 1067008K
  class space    used 3002K, capacity 3172K, committed 3200K, reserved 1048576K
Event: 5.161 GC heap after
Heap after GC invocations=5 (full 1):
 PSYoungGen      total 76288K, used 0K [0x00000000f5580000, 0x00000000fea80000, 0x0000000100000000)
  eden space 65536K, 0% used [0x00000000f5580000,0x00000000f5580000,0x00000000f9580000)
  from space 10752K, 0% used [0x00000000fa000000,0x00000000fa000000,0x00000000faa80000)
  to   space 10752K, 0% used [0x00000000f9580000,0x00000000f9580000,0x00000000fa000000)
 ParOldGen       total 175104K, used 7367K [0x00000000e0000000, 0x00000000eab00000, 0x00000000f5580000)
  object space 175104K, 4% used [0x00000000e0000000,0x00000000e0731c08,0x00000000eab00000)
 Metaspace       used 20649K, capacity 21108K, committed 21296K, reserved 1067008K
  class space    used 3002K, capacity 3172K, committed 3200K, reserved 1048576K
}

Deoptimization events (10 events):
Event: 4.642 Thread 0x0000000017540800 Uncommon trap: reason=unstable_if action=reinterpret pc=0x0000000002fbec18 method=java.io.File.getName()Ljava/lang/String; @ 16
Event: 5.574 Thread 0x0000000017540800 Uncommon trap: reason=class_check action=maybe_recompile pc=0x00000000032e530c method=sun.misc.URLClassPath.getLoader(I)Lsun/misc/URLClassPath$Loader; @ 94
Event: 5.574 Thread 0x0000000017540800 Uncommon trap: reason=class_check action=maybe_recompile pc=0x00000000032a5764 method=sun.misc.URLClassPath.getResource(Ljava/lang/String;Z)Lsun/misc/Resource; @ 62
Event: 5.574 Thread 0x0000000017540800 Uncommon trap: reason=unstable_if action=reinterpret pc=0x00000000032c1eb8 method=java.lang.String.regionMatches(ZILjava/lang/String;II)Z @ 41
Event: 5.579 Thread 0x0000000017540800 Uncommon trap: reason=unstable_if action=reinterpret pc=0x000000000317a008 method=java.lang.ClassLoader.getClassLoadingLock(Ljava/lang/String;)Ljava/lang/Object; @ 6
Event: 5.616 Thread 0x0000000017540800 Uncommon trap: reason=class_check action=maybe_recompile pc=0x00000000032e5828 method=sun.misc.URLClassPath.getLoader(I)Lsun/misc/URLClassPath$Loader; @ 239
Event: 5.640 Thread 0x0000000017540800 Uncommon trap: reason=class_check action=maybe_recompile pc=0x00000000032e5828 method=sun.misc.URLClassPath.getLoader(I)Lsun/misc/URLClassPath$Loader; @ 239
Event: 6.001 Thread 0x0000000017540800 Uncommon trap: reason=unstable_if action=reinterpret pc=0x0000000002f3be84 method=sun.nio.cs.UTF_8$Decoder.decode([BII[C)I @ 30
Event: 6.001 Thread 0x0000000017540800 Uncommon trap: reason=unstable_if action=reinterpret pc=0x0000000002e7a418 method=sun.nio.cs.UTF_8$Encoder.encode([CII[B)I @ 33
Event: 6.021 Thread 0x0000000017540800 Uncommon trap: reason=class_check action=maybe_recompile pc=0x00000000032e530c method=sun.misc.URLClassPath.getLoader(I)Lsun/misc/URLClassPath$Loader; @ 94

Classes redefined (0 events):
No events

Internal exceptions (10 events):
Event: 6.122 Thread 0x0000000017540800 Exception <a 'java/lang/ClassNotFoundException': java/io/InputStreamReaderBeanInfo> (0x00000000f79ba320) thrown at [C:\re\workspace\8-2-build-windows-amd64-cygwin\jdk8u221\13320\hotspot\src\share\vm\classfile\systemDictionary.cpp, line 210]
Event: 6.123 Thread 0x0000000017540800 Exception <a 'java/lang/ClassNotFoundException': java/io/ReaderBeanInfo> (0x00000000f79be038) thrown at [C:\re\workspace\8-2-build-windows-amd64-cygwin\jdk8u221\13320\hotspot\src\share\vm\classfile\systemDictionary.cpp, line 210]
Event: 6.123 Thread 0x0000000017540800 Exception <a 'java/lang/ClassNotFoundException': java/io/ReaderCustomizer> (0x00000000f79c1dc8) thrown at [C:\re\workspace\8-2-build-windows-amd64-cygwin\jdk8u221\13320\hotspot\src\share\vm\classfile\systemDictionary.cpp, line 210]
Event: 6.123 Thread 0x0000000017540800 Exception <a 'java/lang/ClassNotFoundException': java/io/InputStreamReaderCustomizer> (0x00000000f79ca8a8) thrown at [C:\re\workspace\8-2-build-windows-amd64-cygwin\jdk8u221\13320\hotspot\src\share\vm\classfile\systemDictionary.cpp, line 210]
Event: 6.126 Thread 0x0000000017540800 Exception <a 'java/lang/ClassNotFoundException': java/io/BufferedReaderBeanInfo> (0x00000000f79f03d8) thrown at [C:\re\workspace\8-2-build-windows-amd64-cygwin\jdk8u221\13320\hotspot\src\share\vm\classfile\systemDictionary.cpp, line 210]
Event: 6.126 Thread 0x0000000017540800 Exception <a 'java/lang/ClassNotFoundException': java/io/BufferedReaderCustomizer> (0x00000000f79f4230) thrown at [C:\re\workspace\8-2-build-windows-amd64-cygwin\jdk8u221\13320\hotspot\src\share\vm\classfile\systemDictionary.cpp, line 210]
Event: 6.132 Thread 0x0000000017540800 Exception <a 'java/lang/ClassNotFoundException': java/lang/StringBufferBeanInfo> (0x00000000f7b07018) thrown at [C:\re\workspace\8-2-build-windows-amd64-cygwin\jdk8u221\13320\hotspot\src\share\vm\classfile\systemDictionary.cpp, line 210]
Event: 6.132 Thread 0x0000000017540800 Exception <a 'java/lang/ClassNotFoundException': java/lang/AbstractStringBuilderBeanInfo> (0x00000000f7b0b010) thrown at [C:\re\workspace\8-2-build-windows-amd64-cygwin\jdk8u221\13320\hotspot\src\share\vm\classfile\systemDictionary.cpp, line 210]
Event: 6.132 Thread 0x0000000017540800 Exception <a 'java/lang/ClassNotFoundException': java/lang/AbstractStringBuilderCustomizer> (0x00000000f7b0f040) thrown at [C:\re\workspace\8-2-build-windows-amd64-cygwin\jdk8u221\13320\hotspot\src\share\vm\classfile\systemDictionary.cpp, line 210]
Event: 6.140 Thread 0x0000000017540800 Exception <a 'java/lang/ClassNotFoundException': java/lang/StringBufferCustomizer> (0x00000000f7bb31c8) thrown at [C:\re\workspace\8-2-build-windows-amd64-cygwin\jdk8u221\13320\hotspot\src\share\vm\classfile\systemDictionary.cpp, line 210]

Events (10 events):
Event: 6.132 loading class java/lang/AbstractStringBuilderCustomizer
Event: 6.132 loading class java/lang/AbstractStringBuilderCustomizer done
Event: 6.132 loading class java/lang/AbstractStringBuilderCustomizer
Event: 6.132 loading class java/lang/AbstractStringBuilderCustomizer done
Event: 6.140 loading class java/lang/StringBufferCustomizer
Event: 6.140 loading class java/lang/StringBufferCustomizer done
Event: 6.140 loading class java/lang/StringBufferCustomizer
Event: 6.140 loading class java/lang/StringBufferCustomizer done
Event: 6.146 loading class groovy/lang/GroovyRuntimeException
Event: 6.146 loading class groovy/lang/GroovyRuntimeException done


Dynamic libraries:
0x00007ff6b6c50000 - 0x00007ff6b6c87000 	C:\Program Files\Java\jdk1.8.0_221\bin\java.exe
0x00007ff9b9b80000 - 0x00007ff9b9d41000 	C:\WINDOWS\SYSTEM32\ntdll.dll
0x00007ff9b96c0000 - 0x00007ff9b976d000 	C:\WINDOWS\system32\KERNEL32.DLL
0x00007ff9b6230000 - 0x00007ff9b6418000 	C:\WINDOWS\system32\KERNELBASE.dll
0x00007ff9b70c0000 - 0x00007ff9b7167000 	C:\WINDOWS\system32\ADVAPI32.dll
0x00007ff9b7bc0000 - 0x00007ff9b7c5d000 	C:\WINDOWS\system32\msvcrt.dll
0x00007ff9b71f0000 - 0x00007ff9b724b000 	C:\WINDOWS\system32\sechost.dll
0x00007ff9b7250000 - 0x00007ff9b736d000 	C:\WINDOWS\system32\RPCRT4.dll
0x00007ff9b74d0000 - 0x00007ff9b7626000 	C:\WINDOWS\system32\USER32.dll
0x00007ff9b9770000 - 0x00007ff9b98f7000 	C:\WINDOWS\system32\GDI32.dll
0x00007ff9a86a0000 - 0x00007ff9a8914000 	C:\WINDOWS\WinSxS\amd64_microsoft.windows.common-controls_6595b64144ccf1df_6.0.10586.839_none_a2ddba30a539a2ae\COMCTL32.dll
0x00007ff9b76a0000 - 0x00007ff9b791e000 	C:\WINDOWS\system32\combase.dll
0x00007ff9b6f10000 - 0x00007ff9b6f7a000 	C:\WINDOWS\system32\bcryptPrimitives.dll
0x00007ff9b7b80000 - 0x00007ff9b7bbb000 	C:\WINDOWS\system32\IMM32.DLL
0x000000006b440000 - 0x000000006b512000 	C:\Program Files\Java\jdk1.8.0_221\jre\bin\msvcr100.dll
0x000000006ab90000 - 0x000000006b435000 	C:\Program Files\Java\jdk1.8.0_221\jre\bin\server\jvm.dll
0x00007ff9b6f80000 - 0x00007ff9b6f88000 	C:\WINDOWS\system32\PSAPI.DLL
0x00007ff9b32a0000 - 0x00007ff9b32a9000 	C:\WINDOWS\SYSTEM32\WSOCK32.dll
0x00007ff9b4880000 - 0x00007ff9b48a3000 	C:\WINDOWS\SYSTEM32\WINMM.dll
0x00007ff9b7630000 - 0x00007ff9b769b000 	C:\WINDOWS\system32\WS2_32.dll
0x00007ff9aabe0000 - 0x00007ff9aabea000 	C:\WINDOWS\SYSTEM32\VERSION.dll
0x00007ff9b4820000 - 0x00007ff9b484c000 	C:\WINDOWS\SYSTEM32\WINMMBASE.dll
0x00007ff9b6e10000 - 0x00007ff9b6e53000 	C:\WINDOWS\system32\cfgmgr32.dll
0x00007ff9a9e20000 - 0x00007ff9a9e2f000 	C:\Program Files\Java\jdk1.8.0_221\jre\bin\verify.dll
0x00007ff9a1d70000 - 0x00007ff9a1d99000 	C:\Program Files\Java\jdk1.8.0_221\jre\bin\java.dll
0x00007ff9a9e00000 - 0x00007ff9a9e16000 	C:\Program Files\Java\jdk1.8.0_221\jre\bin\zip.dll
0x00007ff9b7cc0000 - 0x00007ff9b921c000 	C:\WINDOWS\system32\SHELL32.dll
0x00007ff9b64e0000 - 0x00007ff9b6b25000 	C:\WINDOWS\system32\windows.storage.dll
0x00007ff9b7190000 - 0x00007ff9b71e2000 	C:\WINDOWS\system32\shlwapi.dll
0x00007ff9b6210000 - 0x00007ff9b621f000 	C:\WINDOWS\system32\kernel.appcore.dll
0x00007ff9b6420000 - 0x00007ff9b64d5000 	C:\WINDOWS\system32\shcore.dll
0x00007ff9b61a0000 - 0x00007ff9b61eb000 	C:\WINDOWS\system32\powrprof.dll
0x00007ff9b61f0000 - 0x00007ff9b6204000 	C:\WINDOWS\system32\profapi.dll
0x00007ff9a1d50000 - 0x00007ff9a1d6a000 	C:\Program Files\Java\jdk1.8.0_221\jre\bin\net.dll
0x00007ff9a5320000 - 0x00007ff9a54d7000 	C:\WINDOWS\SYSTEM32\urlmon.dll
0x00007ff9aaf60000 - 0x00007ff9ab2ea000 	C:\WINDOWS\SYSTEM32\iertutil.dll
0x00007ff9b5a70000 - 0x00007ff9b5acc000 	C:\WINDOWS\system32\mswsock.dll
0x00007ff9a1d30000 - 0x00007ff9a1d42000 	C:\Program Files\Java\jdk1.8.0_221\jre\bin\nio.dll
0x00007ff9a1d00000 - 0x00007ff9a1d26000 	C:\Users\hunza rafiq\.gradle\native\30\windows-amd64\native-platform.dll
0x00007ff9a50d0000 - 0x00007ff9a50dd000 	C:\Program Files\Java\jdk1.8.0_221\jre\bin\management.dll
0x00007ff9b5b20000 - 0x00007ff9b5b37000 	C:\WINDOWS\SYSTEM32\CRYPTSP.dll
0x00007ff9b57b0000 - 0x00007ff9b57e4000 	C:\WINDOWS\system32\rsaenh.dll
0x00007ff9b60d0000 - 0x00007ff9b60f9000 	C:\WINDOWS\SYSTEM32\bcrypt.dll
0x00007ff9b5900000 - 0x00007ff9b591f000 	C:\WINDOWS\SYSTEM32\USERENV.dll
0x00007ff9b5c40000 - 0x00007ff9b5c4b000 	C:\WINDOWS\SYSTEM32\CRYPTBASE.dll
0x00007ff9b13b0000 - 0x00007ff9b13e8000 	C:\WINDOWS\SYSTEM32\IPHLPAPI.DLL
0x00007ff9b7170000 - 0x00007ff9b7178000 	C:\WINDOWS\system32\NSI.dll
0x00007ff9ae290000 - 0x00007ff9ae2a6000 	C:\WINDOWS\SYSTEM32\dhcpcsvc6.DLL
0x00007ff9b0480000 - 0x00007ff9b049a000 	C:\WINDOWS\SYSTEM32\dhcpcsvc.DLL

VM Arguments:
jvm_args: -XX:MaxMetaspaceSize=256m -XX:+HeapDumpOnOutOfMemoryError -Xms256m -Xmx512m -Dfile.encoding=windows-1252 -Duser.country=US -Duser.language=en -Duser.variant 
java_command: org.gradle.launcher.daemon.bootstrap.GradleDaemon 6.0.1
java_class_path (initial): C:\Users\hunza rafiq\.gradle\wrapper\dists\gradle-6.0.1-all\99d3u8wxs16ndehh90lbbir67\gradle-6.0.1\lib\gradle-launcher-6.0.1.jar
Launcher Type: SUN_STANDARD

Environment Variables:
JAVA_HOME=C:\Program Files\Java\jdk1.8.0_221
CLASSPATH=E:\react-native\PracticeApp\android\\gradle\wrapper\gradle-wrapper.jar
PATH=E:\react-native\PracticeApp\android\node_modules\.bin;E:\react-native\PracticeApp\node_modules\.bin;E:\react-native\node_modules\.bin;E:\node_modules\.bin;C:\Program Files\nodejs;C:\Python27\;C:\Python27\Scripts;C:\Program Files (x86)\Intel\iCLS Client\C:\Users\hunza rafiq\Desktop\openssl;C:\Program Files\Intel\iCLS Client\;C:\WINDOWS\system32;C:\WINDOWS;C:\WINDOWS\System32\Wbem;C:\WINDOWS\System32\WindowsPowerShell\v1.0\;C:\Program Files (x86)\Intel\Intel(R) Management Engine Components\DAL;C:\Program Files\Intel\Intel(R) Management Engine Components\DAL;C:\Program Files (x86)\Intel\Intel(R) Management Engine Components\IPT;C:\Program Files\Intel\Intel(R) Management Engine Components\IPT;C:\Program Files\Git\cmd;c:\OpenSSL\;e:\100\Tools\Binn\;e:\100\DTS\Binn\;e:\100\Tools\Binn\VSShell\Common7\IDE\;C:\ProgramData\chocolatey\bin;C:\Program Files\nodejs\;E:\android\platform-tools;C:\Program Files\Java\jdk1.8.0_221;C:\Program Files\Microsoft VS Code\bin;C:\Program Files\Microsoft VS Code\bin;C:\Program Files\heroku\bin;C:\Users\hunza rafiq\Desktop\openssl;C:\Users\hunza rafiq\AppData\Roaming\npm;E:\android\platform-tools
USERNAME=hunza rafiq
OS=Windows_NT
PROCESSOR_IDENTIFIER=Intel64 Family 6 Model 61 Stepping 4, GenuineIntel



---------------  S Y S T E M  ---------------

OS: Windows 10.0 , 64 bit Build 10586 (10.0.10586.589)

CPU:total 4 (initial active 4) (2 cores per cpu, 2 threads per core) family 6 model 61 stepping 4, cmov, cx8, fxsr, mmx, sse, sse2, sse3, ssse3, sse4.1, sse4.2, popcnt, avx, avx2, aes, clmul, erms, 3dnowpref, lzcnt, ht, tsc, tscinvbit, bmi1, bmi2, adx

Memory: 4k page, physical 4107804k(790716k free), swap 4494772k(13780k free)

vm_info: Java HotSpot(TM) 64-Bit Server VM (25.221-b11) for windows-amd64 JRE (1.8.0_221-b11), built on Jul  4 2019 04:39:29 by "java_re" with MS VC++ 10.0 (VS2010)

time: Fri Jun 19 16:25:26 2020
timezone: Pakistan Standard Time
elapsed time: 6 seconds (0d 0h 0m 6s)

