#
# There is insufficient memory for the Java Runtime Environment to continue.
# Native memory allocation (malloc) failed to allocate 946496 bytes for Chunk::new
# Possible reasons:
#   The system is out of physical RAM or swap space
#   The process is running with CompressedOops enabled, and the Java Heap may be blocking the growth of the native heap
# Possible solutions:
#   Reduce memory load on the system
#   Increase physical memory or swap space
#   Check if swap backing store is full
#   Decrease Java heap size (-Xmx/-Xms)
#   Decrease number of Java threads
#   Decrease Java thread stack sizes (-Xss)
#   Set larger code cache with -XX:ReservedCodeCacheSize=
#   JVM is running with Unscaled Compressed Oops mode in which the Java heap is
#     placed in the first 4GB address space. The Java Heap base address is the
#     maximum limit for the native heap growth. Please use -XX:HeapBaseMinAddress
#     to set the Java Heap base and to place the Java Heap above 4GB virtual address.
# This output file may be truncated or incomplete.
#
#  Out of Memory Error (allocation.cpp:389), pid=752, tid=0x0000000000001c30
#
# JRE version: Java(TM) SE Runtime Environment (8.0_221-b11) (build 1.8.0_221-b11)
# Java VM: Java HotSpot(TM) 64-Bit Server VM (25.221-b11 mixed mode windows-amd64 compressed oops)
# Failed to write core dump. Minidumps are not enabled by default on client versions of Windows
#

---------------  T H R E A D  ---------------

Current thread (0x00000000170c8800):  JavaThread "C2 CompilerThread0" daemon [_thread_in_native, id=7216, stack(0x00000000186f0000,0x00000000187f0000)]

Stack: [0x00000000186f0000,0x00000000187f0000]
[error occurred during error reporting (printing stack bounds), id 0xc0000005]

Native frames: (J=compiled Java code, j=interpreted, Vv=VM code, C=native code)


Current CompileTask:
C2:   2304 1343       4       java.net.URLClassLoader$1::run (5 bytes)


---------------  P R O C E S S  ---------------

Java Threads: ( => current thread )
  0x000000001aade000 JavaThread "Cache worker for journal cache (C:\Users\hunza rafiq\.gradle\caches\journal-1)" [_thread_blocked, id=3980, stack(0x000000001cbb0000,0x000000001ccb0000)]
  0x000000001aadb000 JavaThread "File lock request listener" [_thread_in_native, id=7628, stack(0x000000001cab0000,0x000000001cbb0000)]
  0x000000001aadc800 JavaThread "Cache worker for file hash cache (C:\Users\hunza rafiq\.gradle\caches\6.0.1\fileHashes)" [_thread_blocked, id=7880, stack(0x000000001c9b0000,0x000000001cab0000)]
  0x000000001a9fa800 JavaThread "Thread-9" [_thread_blocked, id=4688, stack(0x000000001c8b0000,0x000000001c9b0000)]
  0x000000001aa18800 JavaThread "Stdin handler" [_thread_blocked, id=7904, stack(0x000000001c7b0000,0x000000001c8b0000)]
  0x000000001a9f4000 JavaThread "Asynchronous log dispatcher for DefaultDaemonConnection: socket connection from /127.0.0.1:50272 to /127.0.0.1:50273" [_thread_blocked, id=3500, stack(0x000000001c6b0000,0x000000001c7b0000)]
  0x000000001a904800 JavaThread "Daemon worker" [_thread_in_vm, id=7504, stack(0x000000001c3b0000,0x000000001c4b0000)]
  0x000000001a8f8000 JavaThread "Cancel handler" [_thread_blocked, id=1592, stack(0x000000001c2b0000,0x000000001c3b0000)]
  0x000000001a8ed000 JavaThread "Handler for socket connection from /127.0.0.1:50272 to /127.0.0.1:50273" [_thread_in_native, id=2716, stack(0x000000001c1b0000,0x000000001c2b0000)]
  0x000000001a8e8800 JavaThread "Daemon" [_thread_blocked, id=7744, stack(0x000000001c0b0000,0x000000001c1b0000)]
  0x000000001984a800 JavaThread "Daemon periodic checks" [_thread_blocked, id=7208, stack(0x000000001bfb0000,0x000000001c0b0000)]
  0x00000000199ea000 JavaThread "Incoming local TCP Connector on port 50272" [_thread_in_native, id=4128, stack(0x000000001bdd0000,0x000000001bed0000)]
  0x000000001a5fe800 JavaThread "Daemon health stats" [_thread_blocked, id=7756, stack(0x000000001b790000,0x000000001b890000)]
  0x0000000018a30800 JavaThread "Service Thread" daemon [_thread_blocked, id=6048, stack(0x0000000018df0000,0x0000000018ef0000)]
  0x00000000170e0000 JavaThread "C1 CompilerThread2" daemon [_thread_blocked, id=3972, stack(0x00000000188f0000,0x00000000189f0000)]
  0x00000000170ce800 JavaThread "C2 CompilerThread1" daemon [_thread_in_native, id=7100, stack(0x00000000187f0000,0x00000000188f0000)]
=>0x00000000170c8800 JavaThread "C2 CompilerThread0" daemon [_thread_in_native, id=7216, stack(0x00000000186f0000,0x00000000187f0000)]
  0x00000000170c6800 JavaThread "Attach Listener" daemon [_thread_blocked, id=6348, stack(0x00000000185f0000,0x00000000186f0000)]
  0x00000000170c3000 JavaThread "Signal Dispatcher" daemon [_thread_blocked, id=7348, stack(0x00000000184f0000,0x00000000185f0000)]
  0x000000000249c000 JavaThread "Finalizer" daemon [_thread_in_Java, id=7732, stack(0x0000000018310000,0x0000000018410000)]
  0x0000000002493000 JavaThread "Reference Handler" daemon [_thread_in_Java, id=2456, stack(0x0000000018210000,0x0000000018310000)]
  0x00000000023a3800 JavaThread "main" [_thread_blocked, id=7908, stack(0x00000000022a0000,0x00000000023a0000)]

Other Threads:
  0x0000000017087800 VMThread [stack: 0x0000000018110000,0x0000000018210000] [id=6668]
  0x000000001711d000 WatcherThread [stack: 0x0000000018ef0000,0x0000000018ff0000] [id=6376]

VM state:not at safepoint (normal execution)

VM Mutex/Monitor currently owned by a thread: None

heap address: 0x0000000080000000, size: 2048 MB, Compressed Oops mode: 32-bit
Narrow klass base: 0x0000000000000000, Narrow klass shift: 3
Compressed class space size: 1073741824 Address: 0x0000000100000000

Heap:
 PSYoungGen      total 35328K, used 2895K [0x00000000d5580000, 0x00000000d7a80000, 0x0000000100000000)
  eden space 32768K, 1% used [0x00000000d5580000,0x00000000d55d7f10,0x00000000d7580000)
  from space 2560K, 99% used [0x00000000d7800000,0x00000000d7a7c010,0x00000000d7a80000)
  to   space 2560K, 0% used [0x00000000d7580000,0x00000000d7580000,0x00000000d7800000)
 ParOldGen       total 44032K, used 8254K [0x0000000080000000, 0x0000000082b00000, 0x00000000d5580000)
  object space 44032K, 18% used [0x0000000080000000,0x000000008080f8f8,0x0000000082b00000)
 Metaspace       used 14387K, capacity 14666K, committed 14976K, reserved 1062912K
  class space    used 2065K, capacity 2165K, committed 2176K, reserved 1048576K

Card table byte_map: [0x0000000011860000,0x0000000011c70000] byte_map_base: 0x0000000011460000

Marking Bits: (ParMarkBitMap*) 0x0000000061955ce0
 Begin Bits: [0x0000000012320000, 0x0000000014320000)
 End Bits:   [0x0000000014320000, 0x0000000016320000)

Polling page: 0x00000000006e0000

CodeCache: size=245760Kb used=5096Kb max_used=5096Kb free=240663Kb
 bounds [0x00000000024a0000, 0x00000000029a0000, 0x00000000114a0000]
 total_blobs=1753 nmethods=1373 adapters=293
 compilation: enabled

Compilation events (10 events):
Event: 2.284 Thread 0x00000000170e0000 1370       3       org.gradle.internal.service.DefaultServiceMethodFactory::toServiceMethod (11 bytes)
Event: 2.284 Thread 0x00000000170e0000 nmethod 1370 0x000000000298c110 code [0x000000000298c280, 0x000000000298c4a8]
Event: 2.284 Thread 0x00000000170e0000 1371   !   3       org.gradle.internal.service.MethodHandleBasedServiceMethodFactory::toServiceMethod (51 bytes)
Event: 2.286 Thread 0x00000000170e0000 nmethod 1371 0x0000000002995f10 code [0x00000000029961a0, 0x0000000002997388]
Event: 2.286 Thread 0x00000000170e0000 1372       3       java.lang.reflect.Method::getGenericParameterTypes (5 bytes)
Event: 2.287 Thread 0x00000000170e0000 nmethod 1372 0x0000000002997d90 code [0x0000000002997fc0, 0x0000000002998d28]
Event: 2.287 Thread 0x00000000170e0000 1373       3       org.gradle.internal.service.DefaultServiceRegistry$FactoryMethodService::<init> (29 bytes)
Event: 2.288 Thread 0x00000000170e0000 nmethod 1373 0x0000000002999690 code [0x0000000002999860, 0x000000000299a0a8]
Event: 2.293 Thread 0x00000000170e0000 1374       3       org.gradle.internal.service.AbstractServiceMethod::<init> (42 bytes)
Event: 2.295 Thread 0x00000000170e0000 nmethod 1374 0x000000000299a750 code [0x000000000299a9c0, 0x000000000299bcc8]

GC Heap History (10 events):
Event: 0.624 GC heap after
Heap after GC invocations=1 (full 0):
 PSYoungGen      total 18944K, used 2433K [0x00000000d5580000, 0x00000000d6a80000, 0x0000000100000000)
  eden space 16384K, 0% used [0x00000000d5580000,0x00000000d5580000,0x00000000d6580000)
  from space 2560K, 95% used [0x00000000d6580000,0x00000000d67e0798,0x00000000d6800000)
  to   space 2560K, 0% used [0x00000000d6800000,0x00000000d6800000,0x00000000d6a80000)
 ParOldGen       total 44032K, used 8K [0x0000000080000000, 0x0000000082b00000, 0x00000000d5580000)
  object space 44032K, 0% used [0x0000000080000000,0x0000000080002000,0x0000000082b00000)
 Metaspace       used 5742K, capacity 5860K, committed 5888K, reserved 1056768K
  class space    used 698K, capacity 748K, committed 768K, reserved 1048576K
}
Event: 0.962 GC heap before
{Heap before GC invocations=2 (full 0):
 PSYoungGen      total 18944K, used 18817K [0x00000000d5580000, 0x00000000d6a80000, 0x0000000100000000)
  eden space 16384K, 100% used [0x00000000d5580000,0x00000000d6580000,0x00000000d6580000)
  from space 2560K, 95% used [0x00000000d6580000,0x00000000d67e0798,0x00000000d6800000)
  to   space 2560K, 0% used [0x00000000d6800000,0x00000000d6800000,0x00000000d6a80000)
 ParOldGen       total 44032K, used 8K [0x0000000080000000, 0x0000000082b00000, 0x00000000d5580000)
  object space 44032K, 0% used [0x0000000080000000,0x0000000080002000,0x0000000082b00000)
 Metaspace       used 6803K, capacity 6916K, committed 7168K, reserved 1056768K
  class space    used 850K, capacity 908K, committed 1024K, reserved 1048576K
Event: 0.967 GC heap after
Heap after GC invocations=2 (full 0):
 PSYoungGen      total 18944K, used 2544K [0x00000000d5580000, 0x00000000d7a80000, 0x0000000100000000)
  eden space 16384K, 0% used [0x00000000d5580000,0x00000000d5580000,0x00000000d6580000)
  from space 2560K, 99% used [0x00000000d6800000,0x00000000d6a7c010,0x00000000d6a80000)
  to   space 2560K, 0% used [0x00000000d6580000,0x00000000d6580000,0x00000000d6800000)
 ParOldGen       total 44032K, used 629K [0x0000000080000000, 0x0000000082b00000, 0x00000000d5580000)
  object space 44032K, 1% used [0x0000000080000000,0x000000008009d598,0x0000000082b00000)
 Metaspace       used 6803K, capacity 6916K, committed 7168K, reserved 1056768K
  class space    used 850K, capacity 908K, committed 1024K, reserved 1048576K
}
Event: 1.144 GC heap before
{Heap before GC invocations=3 (full 0):
 PSYoungGen      total 18944K, used 18928K [0x00000000d5580000, 0x00000000d7a80000, 0x0000000100000000)
  eden space 16384K, 100% used [0x00000000d5580000,0x00000000d6580000,0x00000000d6580000)
  from space 2560K, 99% used [0x00000000d6800000,0x00000000d6a7c010,0x00000000d6a80000)
  to   space 2560K, 0% used [0x00000000d6580000,0x00000000d6580000,0x00000000d6800000)
 ParOldGen       total 44032K, used 629K [0x0000000080000000, 0x0000000082b00000, 0x00000000d5580000)
  object space 44032K, 1% used [0x0000000080000000,0x000000008009d598,0x0000000082b00000)
 Metaspace       used 6825K, capacity 6980K, committed 7168K, reserved 1056768K
  class space    used 850K, capacity 908K, committed 1024K, reserved 1048576K
Event: 1.147 GC heap after
Heap after GC invocations=3 (full 0):
 PSYoungGen      total 18944K, used 2112K [0x00000000d5580000, 0x00000000d7a80000, 0x0000000100000000)
  eden space 16384K, 0% used [0x00000000d5580000,0x00000000d5580000,0x00000000d6580000)
  from space 2560K, 82% used [0x00000000d6580000,0x00000000d6790020,0x00000000d6800000)
  to   space 2560K, 0% used [0x00000000d7800000,0x00000000d7800000,0x00000000d7a80000)
 ParOldGen       total 44032K, used 637K [0x0000000080000000, 0x0000000082b00000, 0x00000000d5580000)
  object space 44032K, 1% used [0x0000000080000000,0x000000008009f598,0x0000000082b00000)
 Metaspace       used 6825K, capacity 6980K, committed 7168K, reserved 1056768K
  class space    used 850K, capacity 908K, committed 1024K, reserved 1048576K
}
Event: 1.373 GC heap before
{Heap before GC invocations=4 (full 0):
 PSYoungGen      total 18944K, used 18496K [0x00000000d5580000, 0x00000000d7a80000, 0x0000000100000000)
  eden space 16384K, 100% used [0x00000000d5580000,0x00000000d6580000,0x00000000d6580000)
  from space 2560K, 82% used [0x00000000d6580000,0x00000000d6790020,0x00000000d6800000)
  to   space 2560K, 0% used [0x00000000d7800000,0x00000000d7800000,0x00000000d7a80000)
 ParOldGen       total 44032K, used 637K [0x0000000080000000, 0x0000000082b00000, 0x00000000d5580000)
  object space 44032K, 1% used [0x0000000080000000,0x000000008009f598,0x0000000082b00000)
 Metaspace       used 7025K, capacity 7228K, committed 7424K, reserved 1056768K
  class space    used 880K, capacity 948K, committed 1024K, reserved 1048576K
Event: 1.379 GC heap after
Heap after GC invocations=4 (full 0):
 PSYoungGen      total 35328K, used 2560K [0x00000000d5580000, 0x00000000d7a80000, 0x0000000100000000)
  eden space 32768K, 0% used [0x00000000d5580000,0x00000000d5580000,0x00000000d7580000)
  from space 2560K, 100% used [0x00000000d7800000,0x00000000d7a80000,0x00000000d7a80000)
  to   space 2560K, 0% used [0x00000000d7580000,0x00000000d7580000,0x00000000d7800000)
 ParOldGen       total 44032K, used 1176K [0x0000000080000000, 0x0000000082b00000, 0x00000000d5580000)
  object space 44032K, 2% used [0x0000000080000000,0x00000000801260b0,0x0000000082b00000)
 Metaspace       used 7025K, capacity 7228K, committed 7424K, reserved 1056768K
  class space    used 880K, capacity 948K, committed 1024K, reserved 1048576K
}
Event: 1.954 GC heap before
{Heap before GC invocations=5 (full 0):
 PSYoungGen      total 35328K, used 35328K [0x00000000d5580000, 0x00000000d7a80000, 0x0000000100000000)
  eden space 32768K, 100% used [0x00000000d5580000,0x00000000d7580000,0x00000000d7580000)
  from space 2560K, 100% used [0x00000000d7800000,0x00000000d7a80000,0x00000000d7a80000)
  to   space 2560K, 0% used [0x00000000d7580000,0x00000000d7580000,0x00000000d7800000)
 ParOldGen       total 44032K, used 1176K [0x0000000080000000, 0x0000000082b00000, 0x00000000d5580000)
  object space 44032K, 2% used [0x0000000080000000,0x00000000801260b0,0x0000000082b00000)
 Metaspace       used 11927K, capacity 12194K, committed 12544K, reserved 1060864K
  class space    used 1649K, capacity 1747K, committed 1792K, reserved 1048576K
Event: 1.966 GC heap after
Heap after GC invocations=5 (full 0):
 PSYoungGen      total 35328K, used 2528K [0x00000000d5580000, 0x00000000d7a80000, 0x0000000100000000)
  eden space 32768K, 0% used [0x00000000d5580000,0x00000000d5580000,0x00000000d7580000)
  from space 2560K, 98% used [0x00000000d7580000,0x00000000d77f8020,0x00000000d7800000)
  to   space 2560K, 0% used [0x00000000d7800000,0x00000000d7800000,0x00000000d7a80000)
 ParOldGen       total 44032K, used 4867K [0x0000000080000000, 0x0000000082b00000, 0x00000000d5580000)
  object space 44032K, 11% used [0x0000000080000000,0x00000000804c0ec0,0x0000000082b00000)
 Metaspace       used 11927K, capacity 12194K, committed 12544K, reserved 1060864K
  class space    used 1649K, capacity 1747K, committed 1792K, reserved 1048576K
}
Event: 2.296 GC heap before
{Heap before GC invocations=6 (full 0):
 PSYoungGen      total 35328K, used 35296K [0x00000000d5580000, 0x00000000d7a80000, 0x0000000100000000)
  eden space 32768K, 100% used [0x00000000d5580000,0x00000000d7580000,0x00000000d7580000)
  from space 2560K, 98% used [0x00000000d7580000,0x00000000d77f8020,0x00000000d7800000)
  to   space 2560K, 0% used [0x00000000d7800000,0x00000000d7800000,0x00000000d7a80000)
 ParOldGen       total 44032K, used 4867K [0x0000000080000000, 0x0000000082b00000, 0x00000000d5580000)
  object space 44032K, 11% used [0x0000000080000000,0x00000000804c0ec0,0x0000000082b00000)
 Metaspace       used 14383K, capacity 14666K, committed 14976K, reserved 1062912K
  class space    used 2063K, capacity 2165K, committed 2176K, reserved 1048576K

Deoptimization events (10 events):
Event: 1.603 Thread 0x00000000023a3800 Uncommon trap: reason=class_check action=maybe_recompile pc=0x000000000276d170 method=java.util.HashMap.putVal(ILjava/lang/Object;Ljava/lang/Object;ZZ)Ljava/lang/Object; @ 203
Event: 1.700 Thread 0x00000000023a3800 Uncommon trap: reason=unstable_if action=reinterpret pc=0x00000000027c56e0 method=java.io.WinNTFileSystem.normalize(Ljava/lang/String;)Ljava/lang/String; @ 128
Event: 1.901 Thread 0x000000001a904800 Uncommon trap: reason=bimorphic action=maybe_recompile pc=0x000000000276c7e8 method=java.util.HashMap.putVal(ILjava/lang/Object;Ljava/lang/Object;ZZ)Ljava/lang/Object; @ 253
Event: 1.901 Thread 0x000000001a904800 Uncommon trap: reason=bimorphic action=maybe_recompile pc=0x000000000276c7e8 method=java.util.HashMap.putVal(ILjava/lang/Object;Ljava/lang/Object;ZZ)Ljava/lang/Object; @ 253
Event: 1.901 Thread 0x000000001a904800 Uncommon trap: reason=bimorphic action=maybe_recompile pc=0x000000000276c7e8 method=java.util.HashMap.putVal(ILjava/lang/Object;Ljava/lang/Object;ZZ)Ljava/lang/Object; @ 253
Event: 1.901 Thread 0x000000001a904800 Uncommon trap: reason=bimorphic action=maybe_recompile pc=0x000000000276c7e8 method=java.util.HashMap.putVal(ILjava/lang/Object;Ljava/lang/Object;ZZ)Ljava/lang/Object; @ 253
Event: 2.122 Thread 0x000000001a904800 Uncommon trap: reason=class_check action=maybe_recompile pc=0x00000000027bfad8 method=java.util.regex.Matcher.match(II)Z @ 86
Event: 2.135 Thread 0x000000001a904800 Uncommon trap: reason=class_check action=maybe_recompile pc=0x00000000027bfad8 method=java.util.regex.Matcher.match(II)Z @ 86
Event: 2.136 Thread 0x000000001a904800 Uncommon trap: reason=class_check action=maybe_recompile pc=0x00000000027bfad8 method=java.util.regex.Matcher.match(II)Z @ 86
Event: 2.136 Thread 0x000000001a904800 Uncommon trap: reason=class_check action=maybe_recompile pc=0x000000000278031c method=java.util.regex.Matcher.match(II)Z @ 86

Classes redefined (0 events):
No events

Internal exceptions (10 events):
Event: 0.635 Thread 0x00000000023a3800 Exception <a 'java/lang/ArrayIndexOutOfBoundsException'> (0x00000000d55d0eb8) thrown at [C:\re\workspace\8-2-build-windows-amd64-cygwin\jdk8u221\13320\hotspot\src\share\vm\runtime\sharedRuntime.cpp, line 605]
Event: 0.669 Thread 0x00000000023a3800 Exception <a 'java/lang/ArrayIndexOutOfBoundsException'> (0x00000000d58beb98) thrown at [C:\re\workspace\8-2-build-windows-amd64-cygwin\jdk8u221\13320\hotspot\src\share\vm\runtime\sharedRuntime.cpp, line 605]
Event: 0.670 Thread 0x00000000023a3800 Exception <a 'java/lang/ArrayIndexOutOfBoundsException'> (0x00000000d58c9310) thrown at [C:\re\workspace\8-2-build-windows-amd64-cygwin\jdk8u221\13320\hotspot\src\share\vm\runtime\sharedRuntime.cpp, line 605]
Event: 0.671 Thread 0x00000000023a3800 Exception <a 'java/lang/ArrayIndexOutOfBoundsException'> (0x00000000d58caab0) thrown at [C:\re\workspace\8-2-build-windows-amd64-cygwin\jdk8u221\13320\hotspot\src\share\vm\runtime\sharedRuntime.cpp, line 605]
Event: 0.671 Thread 0x00000000023a3800 Exception <a 'java/lang/ArrayIndexOutOfBoundsException'> (0x00000000d58cddf8) thrown at [C:\re\workspace\8-2-build-windows-amd64-cygwin\jdk8u221\13320\hotspot\src\share\vm\runtime\sharedRuntime.cpp, line 605]
Event: 0.672 Thread 0x00000000023a3800 Exception <a 'java/lang/ArrayIndexOutOfBoundsException'> (0x00000000d58d9b88) thrown at [C:\re\workspace\8-2-build-windows-amd64-cygwin\jdk8u221\13320\hotspot\src\share\vm\runtime\sharedRuntime.cpp, line 605]
Event: 0.673 Thread 0x00000000023a3800 Exception <a 'java/lang/ArrayIndexOutOfBoundsException'> (0x00000000d58e8370) thrown at [C:\re\workspace\8-2-build-windows-amd64-cygwin\jdk8u221\13320\hotspot\src\share\vm\runtime\sharedRuntime.cpp, line 605]
Event: 1.576 Thread 0x00000000023a3800 Exception <a 'java/lang/NoSuchFieldError': method resolution failed> (0x00000000d67b5f20) thrown at [C:\re\workspace\8-2-build-windows-amd64-cygwin\jdk8u221\13320\hotspot\src\share\vm\prims\methodHandles.cpp, line 1167]
Event: 1.579 Thread 0x00000000023a3800 Exception <a 'java/lang/NoSuchFieldError': method resolution failed> (0x00000000d67c3c28) thrown at [C:\re\workspace\8-2-build-windows-amd64-cygwin\jdk8u221\13320\hotspot\src\share\vm\prims\methodHandles.cpp, line 1167]
Event: 1.822 Thread 0x00000000023a3800 Exception <a 'java/io/IOException'> (0x00000000d6f51530) thrown at [C:\re\workspace\8-2-build-windows-amd64-cygwin\jdk8u221\13320\hotspot\src\share\vm\prims\jni.cpp, line 710]

Events (10 events):
Event: 2.293 loading class org/gradle/maven/MavenModule done
Event: 2.294 loading class org/gradle/maven/MavenPomArtifact
Event: 2.294 loading class org/gradle/maven/MavenPomArtifact done
Event: 2.294 loading class org/gradle/api/internal/artifacts/ivyservice/projectmodule/DefaultProjectDependencyPublicationResolver
Event: 2.294 loading class org/gradle/api/internal/artifacts/ivyservice/projectmodule/DefaultProjectDependencyPublicationResolver done
Event: 2.295 loading class org/gradle/api/internal/artifacts/ivyservice/projectmodule/ProjectDependencyPublicationResolver
Event: 2.295 loading class org/gradle/api/internal/artifacts/ivyservice/projectmodule/ProjectDependencyPublicationResolver done
Event: 2.296 loading class org/gradle/api/publish/ivy/internal/IvyServices$BuildServices
Event: 2.296 loading class org/gradle/api/publish/ivy/internal/IvyServices$BuildServices done
Event: 2.296 Executing VM operation: ParallelGCFailedAllocation


Dynamic libraries:
0x00007ff6ee4c0000 - 0x00007ff6ee4f7000 	C:\Program Files\Java\jdk1.8.0_221\bin\java.exe
0x00007ff984ab0000 - 0x00007ff984c71000 	C:\WINDOWS\SYSTEM32\ntdll.dll
0x00007ff982c90000 - 0x00007ff982d3d000 	C:\WINDOWS\system32\KERNEL32.DLL
0x00007ff981480000 - 0x00007ff981668000 	C:\WINDOWS\system32\KERNELBASE.dll
0x00007ff984980000 - 0x00007ff984a27000 	C:\WINDOWS\system32\ADVAPI32.dll
0x00007ff982590000 - 0x00007ff98262d000 	C:\WINDOWS\system32\msvcrt.dll
0x00007ff982630000 - 0x00007ff98268b000 	C:\WINDOWS\system32\sechost.dll
0x00007ff984610000 - 0x00007ff98472d000 	C:\WINDOWS\system32\RPCRT4.dll
0x00007ff9821b0000 - 0x00007ff982306000 	C:\WINDOWS\system32\USER32.dll
0x00007ff982b00000 - 0x00007ff982c87000 	C:\WINDOWS\system32\GDI32.dll
0x00007ff973b90000 - 0x00007ff973e04000 	C:\WINDOWS\WinSxS\amd64_microsoft.windows.common-controls_6595b64144ccf1df_6.0.10586.839_none_a2ddba30a539a2ae\COMCTL32.dll
0x00007ff982dc0000 - 0x00007ff98303e000 	C:\WINDOWS\system32\combase.dll
0x00007ff981410000 - 0x00007ff98147a000 	C:\WINDOWS\system32\bcryptPrimitives.dll
0x00007ff982690000 - 0x00007ff9826cb000 	C:\WINDOWS\system32\IMM32.DLL
0x00000000619e0000 - 0x0000000061ab2000 	C:\Program Files\Java\jdk1.8.0_221\jre\bin\msvcr100.dll
0x0000000061130000 - 0x00000000619d5000 	C:\Program Files\Java\jdk1.8.0_221\jre\bin\server\jvm.dll
0x00007ff983040000 - 0x00007ff983048000 	C:\WINDOWS\system32\PSAPI.DLL
0x00007ff977970000 - 0x00007ff977979000 	C:\WINDOWS\SYSTEM32\WSOCK32.dll
0x00007ff97f8c0000 - 0x00007ff97f8e3000 	C:\WINDOWS\SYSTEM32\WINMM.dll
0x00007ff982d40000 - 0x00007ff982dab000 	C:\WINDOWS\system32\WS2_32.dll
0x00007ff977c00000 - 0x00007ff977c0a000 	C:\WINDOWS\SYSTEM32\VERSION.dll
0x00007ff97f860000 - 0x00007ff97f88c000 	C:\WINDOWS\SYSTEM32\WINMMBASE.dll
0x00007ff981d70000 - 0x00007ff981db3000 	C:\WINDOWS\system32\cfgmgr32.dll
0x00007ff974a80000 - 0x00007ff974a8f000 	C:\Program Files\Java\jdk1.8.0_221\jre\bin\verify.dll
0x00007ff95c1f0000 - 0x00007ff95c219000 	C:\Program Files\Java\jdk1.8.0_221\jre\bin\java.dll
0x00007ff96d350000 - 0x00007ff96d366000 	C:\Program Files\Java\jdk1.8.0_221\jre\bin\zip.dll
0x00007ff983050000 - 0x00007ff9845ac000 	C:\WINDOWS\system32\SHELL32.dll
0x00007ff981720000 - 0x00007ff981d65000 	C:\WINDOWS\system32\windows.storage.dll
0x00007ff984730000 - 0x00007ff984782000 	C:\WINDOWS\system32\shlwapi.dll
0x00007ff981100000 - 0x00007ff98110f000 	C:\WINDOWS\system32\kernel.appcore.dll
0x00007ff981180000 - 0x00007ff981235000 	C:\WINDOWS\system32\shcore.dll
0x00007ff981110000 - 0x00007ff98115b000 	C:\WINDOWS\system32\powrprof.dll
0x00007ff9810d0000 - 0x00007ff9810e4000 	C:\WINDOWS\system32\profapi.dll
0x00007ff96ca50000 - 0x00007ff96ca6a000 	C:\Program Files\Java\jdk1.8.0_221\jre\bin\net.dll
0x00007ff970210000 - 0x00007ff9703c7000 	C:\WINDOWS\SYSTEM32\urlmon.dll
0x00007ff9758c0000 - 0x00007ff975c4a000 	C:\WINDOWS\SYSTEM32\iertutil.dll
0x00007ff9809a0000 - 0x00007ff9809fc000 	C:\WINDOWS\system32\mswsock.dll
0x00007ff9612e0000 - 0x00007ff9612f2000 	C:\Program Files\Java\jdk1.8.0_221\jre\bin\nio.dll
0x00007ff95b440000 - 0x00007ff95b466000 	C:\Users\hunza rafiq\.gradle\native\30\windows-amd64\native-platform.dll
0x00007ff9726a0000 - 0x00007ff9726ad000 	C:\Program Files\Java\jdk1.8.0_221\jre\bin\management.dll
0x00007ff980a50000 - 0x00007ff980a67000 	C:\WINDOWS\SYSTEM32\CRYPTSP.dll
0x00007ff9806e0000 - 0x00007ff980714000 	C:\WINDOWS\system32\rsaenh.dll
0x00007ff981000000 - 0x00007ff981029000 	C:\WINDOWS\SYSTEM32\bcrypt.dll
0x00007ff980830000 - 0x00007ff98084f000 	C:\WINDOWS\SYSTEM32\USERENV.dll
0x00007ff980ff0000 - 0x00007ff980ffb000 	C:\WINDOWS\SYSTEM32\CRYPTBASE.dll
0x00007ff979a60000 - 0x00007ff979a98000 	C:\WINDOWS\SYSTEM32\IPHLPAPI.DLL
0x00007ff9848a0000 - 0x00007ff9848a8000 	C:\WINDOWS\system32\NSI.dll
0x00007ff978fc0000 - 0x00007ff978fd6000 	C:\WINDOWS\SYSTEM32\dhcpcsvc6.DLL
0x00007ff978fe0000 - 0x00007ff978ffa000 	C:\WINDOWS\SYSTEM32\dhcpcsvc.DLL

VM Arguments:
jvm_args: -XX:MaxPermSize=512m -XX:+HeapDumpOnOutOfMemoryError -Xmx2048m -Dfile.encoding=UTF-8 -Duser.country=US -Duser.language=en -Duser.variant 
java_command: org.gradle.launcher.daemon.bootstrap.GradleDaemon 6.0.1
java_class_path (initial): C:\Users\hunza rafiq\.gradle\wrapper\dists\gradle-6.0.1-all\99d3u8wxs16ndehh90lbbir67\gradle-6.0.1\lib\gradle-launcher-6.0.1.jar
Launcher Type: SUN_STANDARD

Environment Variables:
JAVA_HOME=C:\Program Files\Java\jdk1.8.0_221
CLASSPATH=E:\react-native\PracticeApp\android\\gradle\wrapper\gradle-wrapper.jar
PATH=E:\react-native\PracticeApp\android\node_modules\.bin;E:\react-native\PracticeApp\node_modules\.bin;E:\react-native\node_modules\.bin;E:\node_modules\.bin;C:\Program Files\nodejs;C:\Python27\;C:\Python27\Scripts;C:\Program Files (x86)\Intel\iCLS Client\C:\Users\hunza rafiq\Desktop\openssl;C:\Program Files\Intel\iCLS Client\;C:\WINDOWS\system32;C:\WINDOWS;C:\WINDOWS\System32\Wbem;C:\WINDOWS\System32\WindowsPowerShell\v1.0\;C:\Program Files (x86)\Intel\Intel(R) Management Engine Components\DAL;C:\Program Files\Intel\Intel(R) Management Engine Components\DAL;C:\Program Files (x86)\Intel\Intel(R) Management Engine Components\IPT;C:\Program Files\Intel\Intel(R) Management Engine Components\IPT;C:\Program Files\Git\cmd;c:\OpenSSL\;e:\100\Tools\Binn\;e:\100\DTS\Binn\;e:\100\Tools\Binn\VSShell\Common7\IDE\;C:\ProgramData\chocolatey\bin;C:\Program Files\nodejs\;E:\android\platform-tools;C:\Program Files\Java\jdk1.8.0_221;C:\Program Files\Microsoft VS Code\bin;C:\Program Files\Microsoft VS Code\bin;C:\Program Files\heroku\bin;C:\Users\hunza rafiq\Desktop\openssl;C:\Users\hunza rafiq\AppData\Roaming\npm;E:\android\platform-tools
USERNAME=hunza rafiq
OS=Windows_NT
PROCESSOR_IDENTIFIER=Intel64 Family 6 Model 61 Stepping 4, GenuineIntel



---------------  S Y S T E M  ---------------

OS: Windows 10.0 , 64 bit Build 10586 (10.0.10586.589)

CPU:total 4 (initial active 4) (2 cores per cpu, 2 threads per core) family 6 model 61 stepping 4, cmov, cx8, fxsr, mmx, sse, sse2, sse3, ssse3, sse4.1, sse4.2, popcnt, avx, avx2, aes, clmul, erms, 3dnowpref, lzcnt, ht, tsc, tscinvbit, bmi1, bmi2, adx

Memory: 4k page, physical 4107804k(671236k free), swap 4509436k(5364k free)

vm_info: Java HotSpot(TM) 64-Bit Server VM (25.221-b11) for windows-amd64 JRE (1.8.0_221-b11), built on Jul  4 2019 04:39:29 by "java_re" with MS VC++ 10.0 (VS2010)

time: Sat Jun 13 10:41:23 2020
timezone: Pakistan Standard Time
elapsed time: 2 seconds (0d 0h 0m 2s)

