#
# There is insufficient memory for the Java Runtime Environment to continue.
# Native memory allocation (malloc) failed to allocate 1665696 bytes for Chunk::new
# Possible reasons:
#   The system is out of physical RAM or swap space
#   The process is running with CompressedOops enabled, and the Java Heap may be blocking the growth of the native heap
# Possible solutions:
#   Reduce memory load on the system
#   Increase physical memory or swap space
#   Check if swap backing store is full
#   Decrease Java heap size (-Xmx/-Xms)
#   Decrease number of Java threads
#   Decrease Java thread stack sizes (-Xss)
#   Set larger code cache with -XX:ReservedCodeCacheSize=
#   JVM is running with Unscaled Compressed Oops mode in which the Java heap is
#     placed in the first 4GB address space. The Java Heap base address is the
#     maximum limit for the native heap growth. Please use -XX:HeapBaseMinAddress
#     to set the Java Heap base and to place the Java Heap above 4GB virtual address.
# This output file may be truncated or incomplete.
#
#  Out of Memory Error (allocation.cpp:389), pid=6004, tid=0x0000000000002240
#
# JRE version: Java(TM) SE Runtime Environment (8.0_221-b11) (build 1.8.0_221-b11)
# Java VM: Java HotSpot(TM) 64-Bit Server VM (25.221-b11 mixed mode windows-amd64 compressed oops)
# Failed to write core dump. Minidumps are not enabled by default on client versions of Windows
#

---------------  T H R E A D  ---------------

Current thread (0x0000000014094000):  JavaThread "C2 CompilerThread1" daemon [_thread_in_native, id=8768, stack(0x00000000157e0000,0x00000000158e0000)]

Stack: [0x00000000157e0000,0x00000000158e0000]
[error occurred during error reporting (printing stack bounds), id 0xc0000005]

Native frames: (J=compiled Java code, j=interpreted, Vv=VM code, C=native code)


Current CompileTask:
C2: 100474 14826 %     4       com.android.tools.r8.ir.regalloc.LinearScanRegisterAllocator::a @ 2072 (3743 bytes)


---------------  P R O C E S S  ---------------

Java Threads: ( => current thread )
  0x00000000167c7800 JavaThread "WorkerExecutor Queue" [_thread_in_native, id=5540, stack(0x0000000022a70000,0x0000000022b70000)]
  0x00000000167cc000 JavaThread "Cache worker for execution history cache (E:\react-native\PracticeApp\android\.gradle\6.0.1\executionHistory)" [_thread_blocked, id=3792, stack(0x0000000022770000,0x0000000022870000)]
  0x00000000167c7000 JavaThread "Execution worker for ':' Thread 3" [_thread_in_Java, id=8800, stack(0x0000000022670000,0x0000000022770000)]
  0x00000000167ca000 JavaThread "Execution worker for ':' Thread 2" [_thread_blocked, id=7524, stack(0x0000000022570000,0x0000000022670000)]
  0x00000000167bf800 JavaThread "Execution worker for ':'" [_thread_in_Java, id=3260, stack(0x0000000022010000,0x0000000022110000)]
  0x00000000167c6000 JavaThread "Cache worker for file content cache (E:\react-native\PracticeApp\android\.gradle\6.0.1\fileContent)" [_thread_blocked, id=8400, stack(0x0000000021f10000,0x0000000022010000)]
  0x00000000167c5800 JavaThread "Cache worker for file content cache (C:\Users\hunza rafiq\.gradle\caches\6.0.1\fileContent)" [_thread_blocked, id=8600, stack(0x0000000021560000,0x0000000021660000)]
  0x00000000167c4800 JavaThread "Memory manager" [_thread_blocked, id=7928, stack(0x0000000021260000,0x0000000021360000)]
  0x00000000167c2800 JavaThread "Cache worker for Build Output Cleanup Cache (E:\react-native\PracticeApp\android\.gradle\buildOutputCleanup)" [_thread_blocked, id=3648, stack(0x0000000020960000,0x0000000020a60000)]
  0x00000000167c0000 JavaThread "pool-1-thread-1" [_thread_blocked, id=1004, stack(0x0000000020860000,0x0000000020960000)]
  0x00000000167c1000 JavaThread "Build operations Thread 4" [_thread_blocked, id=5076, stack(0x000000001fc50000,0x000000001fd50000)]
  0x00000000167c3000 JavaThread "Build operations Thread 3" [_thread_blocked, id=5744, stack(0x000000001fb50000,0x000000001fc50000)]
  0x00000000167c1800 JavaThread "Build operations Thread 2" [_thread_blocked, id=6792, stack(0x000000001fa50000,0x000000001fb50000)]
  0x00000000176b6000 JavaThread "Build operations" [_thread_blocked, id=4468, stack(0x000000001f950000,0x000000001fa50000)]
  0x00000000176bc000 JavaThread "Cache worker for execution history cache (C:\Users\hunza rafiq\.gradle\caches\6.0.1\executionHistory)" [_thread_blocked, id=5368, stack(0x000000001e460000,0x000000001e560000)]
  0x00000000176bb000 JavaThread "Cache worker for cache directory md-rule (C:\Users\hunza rafiq\.gradle\caches\6.0.1\md-rule)" [_thread_blocked, id=3808, stack(0x000000001e1a0000,0x000000001e2a0000)]
  0x00000000176b9000 JavaThread "Cache worker for cache directory md-supplier (C:\Users\hunza rafiq\.gradle\caches\6.0.1\md-supplier)" [_thread_blocked, id=8844, stack(0x000000001e0a0000,0x000000001e1a0000)]
  0x00000000176ba800 JavaThread "Cache worker for file hash cache (E:\react-native\PracticeApp\android\.gradle\6.0.1\fileHashes)" [_thread_blocked, id=7500, stack(0x000000001c620000,0x000000001c720000)]
  0x00000000176b6800 JavaThread "Cache worker for journal cache (C:\Users\hunza rafiq\.gradle\caches\journal-1)" [_thread_blocked, id=524, stack(0x0000000019ca0000,0x0000000019da0000)]
  0x00000000176b9800 JavaThread "File lock request listener" [_thread_in_native, id=7800, stack(0x0000000019ba0000,0x0000000019ca0000)]
  0x00000000176b7800 JavaThread "Cache worker for file hash cache (C:\Users\hunza rafiq\.gradle\caches\6.0.1\fileHashes)" [_thread_blocked, id=4660, stack(0x0000000019aa0000,0x0000000019ba0000)]
  0x0000000017a9f800 JavaThread "Thread-9" [_thread_blocked, id=8360, stack(0x00000000199a0000,0x0000000019aa0000)]
  0x0000000017c26000 JavaThread "Stdin handler" [_thread_blocked, id=5872, stack(0x00000000198a0000,0x00000000199a0000)]
  0x0000000017399800 JavaThread "Asynchronous log dispatcher for DefaultDaemonConnection: socket connection from /127.0.0.1:54532 to /127.0.0.1:54533" [_thread_blocked, id=7836, stack(0x00000000197a0000,0x00000000198a0000)]
  0x0000000016c96000 JavaThread "Daemon worker" [_thread_in_Java, id=7240, stack(0x00000000194a0000,0x00000000195a0000)]
  0x0000000016c94800 JavaThread "Cancel handler" [_thread_blocked, id=3108, stack(0x00000000193a0000,0x00000000194a0000)]
  0x0000000017a0b000 JavaThread "Handler for socket connection from /127.0.0.1:54532 to /127.0.0.1:54533" [_thread_in_native, id=8632, stack(0x00000000192a0000,0x00000000193a0000)]
  0x0000000017a06000 JavaThread "Daemon" [_thread_blocked, id=8984, stack(0x00000000191a0000,0x00000000192a0000)]
  0x0000000016981000 JavaThread "Daemon periodic checks" [_thread_blocked, id=7268, stack(0x00000000190a0000,0x00000000191a0000)]
  0x00000000176ea800 JavaThread "Incoming local TCP Connector on port 54532" [_thread_in_native, id=5932, stack(0x0000000018ec0000,0x0000000018fc0000)]
  0x0000000017b0c800 JavaThread "Daemon health stats" [_thread_blocked, id=3400, stack(0x0000000018780000,0x0000000018880000)]
  0x0000000015a00800 JavaThread "Service Thread" daemon [_thread_blocked, id=1096, stack(0x0000000015de0000,0x0000000015ee0000)]
  0x000000001409e800 JavaThread "C1 CompilerThread2" daemon [_thread_blocked, id=4744, stack(0x00000000158e0000,0x00000000159e0000)]
=>0x0000000014094000 JavaThread "C2 CompilerThread1" daemon [_thread_in_native, id=8768, stack(0x00000000157e0000,0x00000000158e0000)]
  0x0000000014090800 JavaThread "C2 CompilerThread0" daemon [_thread_in_native, id=4068, stack(0x00000000156e0000,0x00000000157e0000)]
  0x000000001408e800 JavaThread "Attach Listener" daemon [_thread_blocked, id=6472, stack(0x00000000155e0000,0x00000000156e0000)]
  0x000000001408b000 JavaThread "Signal Dispatcher" daemon [_thread_blocked, id=7616, stack(0x00000000154e0000,0x00000000155e0000)]
  0x0000000014079800 JavaThread "Finalizer" daemon [_thread_blocked, id=8032, stack(0x0000000015300000,0x0000000015400000)]
  0x0000000002c61800 JavaThread "Reference Handler" daemon [_thread_blocked, id=1824, stack(0x0000000015200000,0x0000000015300000)]
  0x0000000002b72800 JavaThread "main" [_thread_blocked, id=6008, stack(0x0000000002970000,0x0000000002a70000)]

Other Threads:
  0x0000000014057800 VMThread [stack: 0x0000000015100000,0x0000000015200000] [id=4164]
  0x0000000015a29000 WatcherThread [stack: 0x0000000015ee0000,0x0000000015fe0000] [id=7488]

VM state:not at safepoint (normal execution)

VM Mutex/Monitor currently owned by a thread: None

heap address: 0x00000000e0000000, size: 512 MB, Compressed Oops mode: 32-bit
Narrow klass base: 0x0000000000000000, Narrow klass shift: 3
Compressed class space size: 1073741824 Address: 0x0000000100000000

Heap:
 PSYoungGen      total 121344K, used 20066K [0x00000000f5580000, 0x00000000ffa00000, 0x0000000100000000)
  eden space 77824K, 18% used [0x00000000f5580000,0x00000000f6362060,0x00000000fa180000)
  from space 43520K, 13% used [0x00000000fcf80000,0x00000000fd536840,0x00000000ffa00000)
  to   space 45568K, 0% used [0x00000000fa180000,0x00000000fa180000,0x00000000fce00000)
 ParOldGen       total 175104K, used 143130K [0x00000000e0000000, 0x00000000eab00000, 0x00000000f5580000)
  object space 175104K, 81% used [0x00000000e0000000,0x00000000e8bc69e8,0x00000000eab00000)
 Metaspace       used 78212K, capacity 82998K, committed 83584K, reserved 1120256K
  class space    used 10857K, capacity 11975K, committed 12160K, reserved 1048576K

Card table byte_map: [0x0000000012030000,0x0000000012140000] byte_map_base: 0x0000000011930000

Marking Bits: (ParMarkBitMap*) 0x0000000077f75ce0
 Begin Bits: [0x00000000125f0000, 0x0000000012df0000)
 End Bits:   [0x0000000012df0000, 0x00000000135f0000)

Polling page: 0x0000000002890000

CodeCache: size=245760Kb used=41386Kb max_used=41830Kb free=204373Kb
 bounds [0x0000000002c70000, 0x00000000055b0000, 0x0000000011c70000]
 total_blobs=13404 nmethods=12572 adapters=740
 compilation: enabled

Compilation events (10 events):
Event: 99.979 Thread 0x000000001409e800 14988       2       com.android.tools.r8.n.a.a.a.g.E0::a (20 bytes)
Event: 99.980 Thread 0x000000001409e800 nmethod 14988 0x000000000437d750 code [0x000000000437d8c0, 0x000000000437db18]
Event: 100.317 Thread 0x000000001409e800 14990       2       com.android.tools.r8.ir.conversion.IRConverter::b (77 bytes)
Event: 100.321 Thread 0x000000001409e800 nmethod 14990 0x0000000004772750 code [0x0000000004772940, 0x0000000004772ff8]
Event: 100.354 Thread 0x000000001409e800 14991       2       com.android.tools.r8.ir.analysis.type.ReferenceTypeLatticeElement::asReferenceTypeLatticeElement (2 bytes)
Event: 100.355 Thread 0x000000001409e800 nmethod 14991 0x0000000004e5ee50 code [0x0000000004e5efa0, 0x0000000004e5f0f0]
Event: 100.407 Thread 0x000000001409e800 14993       2       com.android.tools.r8.ir.code.j::a (137 bytes)
Event: 100.410 Thread 0x000000001409e800 nmethod 14993 0x0000000002ec9d50 code [0x0000000002ec9f20, 0x0000000002eca428]
Event: 100.414 Thread 0x000000001409e800 14994       2       com.android.tools.r8.ir.code.e::e (2 bytes)
Event: 100.415 Thread 0x000000001409e800 nmethod 14994 0x0000000004e5eb10 code [0x0000000004e5ec60, 0x0000000004e5edb0]

GC Heap History (10 events):
Event: 95.811 GC heap before
{Heap before GC invocations=26 (full 4):
 PSYoungGen      total 76800K, used 74240K [0x00000000f5580000, 0x00000000fff00000, 0x0000000100000000)
  eden space 74240K, 100% used [0x00000000f5580000,0x00000000f9e00000,0x00000000f9e00000)
  from space 2560K, 0% used [0x00000000f9e00000,0x00000000f9e00000,0x00000000fa080000)
  to   space 49664K, 0% used [0x00000000fce80000,0x00000000fce80000,0x00000000fff00000)
 ParOldGen       total 175104K, used 136959K [0x00000000e0000000, 0x00000000eab00000, 0x00000000f5580000)
  object space 175104K, 78% used [0x00000000e0000000,0x00000000e85bfe48,0x00000000eab00000)
 Metaspace       used 78126K, capacity 82968K, committed 83584K, reserved 1120256K
  class space    used 10854K, capacity 11970K, committed 12160K, reserved 1048576K
Event: 95.841 GC heap after
Heap after GC invocations=26 (full 4):
 PSYoungGen      total 124416K, used 3117K [0x00000000f5580000, 0x0000000100000000, 0x0000000100000000)
  eden space 74752K, 0% used [0x00000000f5580000,0x00000000f5580000,0x00000000f9e80000)
  from space 49664K, 6% used [0x00000000fce80000,0x00000000fd18b690,0x00000000fff00000)
  to   space 49152K, 0% used [0x00000000f9e80000,0x00000000f9e80000,0x00000000fce80000)
 ParOldGen       total 175104K, used 136959K [0x00000000e0000000, 0x00000000eab00000, 0x00000000f5580000)
  object space 175104K, 78% used [0x00000000e0000000,0x00000000e85bfe48,0x00000000eab00000)
 Metaspace       used 78126K, capacity 82968K, committed 83584K, reserved 1120256K
  class space    used 10854K, capacity 11970K, committed 12160K, reserved 1048576K
}
Event: 96.730 GC heap before
{Heap before GC invocations=27 (full 4):
 PSYoungGen      total 124416K, used 77869K [0x00000000f5580000, 0x0000000100000000, 0x0000000100000000)
  eden space 74752K, 100% used [0x00000000f5580000,0x00000000f9e80000,0x00000000f9e80000)
  from space 49664K, 6% used [0x00000000fce80000,0x00000000fd18b690,0x00000000fff00000)
  to   space 49152K, 0% used [0x00000000f9e80000,0x00000000f9e80000,0x00000000fce80000)
 ParOldGen       total 175104K, used 136959K [0x00000000e0000000, 0x00000000eab00000, 0x00000000f5580000)
  object space 175104K, 78% used [0x00000000e0000000,0x00000000e85bfe48,0x00000000eab00000)
 Metaspace       used 78137K, capacity 82968K, committed 83584K, reserved 1120256K
  class space    used 10854K, capacity 11970K, committed 12160K, reserved 1048576K
Event: 96.755 GC heap after
Heap after GC invocations=27 (full 4):
 PSYoungGen      total 79360K, used 4242K [0x00000000f5580000, 0x00000000ffc80000, 0x0000000100000000)
  eden space 74752K, 0% used [0x00000000f5580000,0x00000000f5580000,0x00000000f9e80000)
  from space 4608K, 92% used [0x00000000f9e80000,0x00000000fa2a4920,0x00000000fa300000)
  to   space 47616K, 0% used [0x00000000fce00000,0x00000000fce00000,0x00000000ffc80000)
 ParOldGen       total 175104K, used 136967K [0x00000000e0000000, 0x00000000eab00000, 0x00000000f5580000)
  object space 175104K, 78% used [0x00000000e0000000,0x00000000e85c1e48,0x00000000eab00000)
 Metaspace       used 78137K, capacity 82968K, committed 83584K, reserved 1120256K
  class space    used 10854K, capacity 11970K, committed 12160K, reserved 1048576K
}
Event: 97.785 GC heap before
{Heap before GC invocations=28 (full 4):
 PSYoungGen      total 79360K, used 78994K [0x00000000f5580000, 0x00000000ffc80000, 0x0000000100000000)
  eden space 74752K, 100% used [0x00000000f5580000,0x00000000f9e80000,0x00000000f9e80000)
  from space 4608K, 92% used [0x00000000f9e80000,0x00000000fa2a4920,0x00000000fa300000)
  to   space 47616K, 0% used [0x00000000fce00000,0x00000000fce00000,0x00000000ffc80000)
 ParOldGen       total 175104K, used 136967K [0x00000000e0000000, 0x00000000eab00000, 0x00000000f5580000)
  object space 175104K, 78% used [0x00000000e0000000,0x00000000e85c1e48,0x00000000eab00000)
 Metaspace       used 78176K, capacity 82998K, committed 83584K, reserved 1120256K
  class space    used 10857K, capacity 11975K, committed 12160K, reserved 1048576K
Event: 97.830 GC heap after
Heap after GC invocations=28 (full 4):
 PSYoungGen      total 125440K, used 6697K [0x00000000f5580000, 0x0000000100000000, 0x0000000100000000)
  eden space 77824K, 0% used [0x00000000f5580000,0x00000000f5580000,0x00000000fa180000)
  from space 47616K, 14% used [0x00000000fce00000,0x00000000fd48a788,0x00000000ffc80000)
  to   space 45568K, 0% used [0x00000000fa180000,0x00000000fa180000,0x00000000fce00000)
 ParOldGen       total 175104K, used 136967K [0x00000000e0000000, 0x00000000eab00000, 0x00000000f5580000)
  object space 175104K, 78% used [0x00000000e0000000,0x00000000e85c1e48,0x00000000eab00000)
 Metaspace       used 78176K, capacity 82998K, committed 83584K, reserved 1120256K
  class space    used 10857K, capacity 11975K, committed 12160K, reserved 1048576K
}
Event: 99.075 GC heap before
{Heap before GC invocations=29 (full 4):
 PSYoungGen      total 125440K, used 84521K [0x00000000f5580000, 0x0000000100000000, 0x0000000100000000)
  eden space 77824K, 100% used [0x00000000f5580000,0x00000000fa180000,0x00000000fa180000)
  from space 47616K, 14% used [0x00000000fce00000,0x00000000fd48a788,0x00000000ffc80000)
  to   space 45568K, 0% used [0x00000000fa180000,0x00000000fa180000,0x00000000fce00000)
 ParOldGen       total 175104K, used 136967K [0x00000000e0000000, 0x00000000eab00000, 0x00000000f5580000)
  object space 175104K, 78% used [0x00000000e0000000,0x00000000e85c1e48,0x00000000eab00000)
 Metaspace       used 78198K, capacity 82998K, committed 83584K, reserved 1120256K
  class space    used 10857K, capacity 11975K, committed 12160K, reserved 1048576K
Event: 99.153 GC heap after
Heap after GC invocations=29 (full 4):
 PSYoungGen      total 123392K, used 6501K [0x00000000f5580000, 0x00000000ffa00000, 0x0000000100000000)
  eden space 77824K, 0% used [0x00000000f5580000,0x00000000f5580000,0x00000000fa180000)
  from space 45568K, 14% used [0x00000000fa180000,0x00000000fa7d9668,0x00000000fce00000)
  to   space 43520K, 0% used [0x00000000fcf80000,0x00000000fcf80000,0x00000000ffa00000)
 ParOldGen       total 175104K, used 139735K [0x00000000e0000000, 0x00000000eab00000, 0x00000000f5580000)
  object space 175104K, 79% used [0x00000000e0000000,0x00000000e8875f30,0x00000000eab00000)
 Metaspace       used 78198K, capacity 82998K, committed 83584K, reserved 1120256K
  class space    used 10857K, capacity 11975K, committed 12160K, reserved 1048576K
}
Event: 100.193 GC heap before
{Heap before GC invocations=30 (full 4):
 PSYoungGen      total 123392K, used 84325K [0x00000000f5580000, 0x00000000ffa00000, 0x0000000100000000)
  eden space 77824K, 100% used [0x00000000f5580000,0x00000000fa180000,0x00000000fa180000)
  from space 45568K, 14% used [0x00000000fa180000,0x00000000fa7d9668,0x00000000fce00000)
  to   space 43520K, 0% used [0x00000000fcf80000,0x00000000fcf80000,0x00000000ffa00000)
 ParOldGen       total 175104K, used 139735K [0x00000000e0000000, 0x00000000eab00000, 0x00000000f5580000)
  object space 175104K, 79% used [0x00000000e0000000,0x00000000e8875f30,0x00000000eab00000)
 Metaspace       used 78208K, capacity 82998K, committed 83584K, reserved 1120256K
  class space    used 10857K, capacity 11975K, committed 12160K, reserved 1048576K
Event: 100.264 GC heap after
Heap after GC invocations=30 (full 4):
 PSYoungGen      total 121344K, used 5850K [0x00000000f5580000, 0x00000000ffa00000, 0x0000000100000000)
  eden space 77824K, 0% used [0x00000000f5580000,0x00000000f5580000,0x00000000fa180000)
  from space 43520K, 13% used [0x00000000fcf80000,0x00000000fd536840,0x00000000ffa00000)
  to   space 45568K, 0% used [0x00000000fa180000,0x00000000fa180000,0x00000000fce00000)
 ParOldGen       total 175104K, used 143130K [0x00000000e0000000, 0x00000000eab00000, 0x00000000f5580000)
  object space 175104K, 81% used [0x00000000e0000000,0x00000000e8bc69e8,0x00000000eab00000)
 Metaspace       used 78208K, capacity 82998K, committed 83584K, reserved 1120256K
  class space    used 10857K, capacity 11975K, committed 12160K, reserved 1048576K
}

Deoptimization events (10 events):
Event: 91.485 Thread 0x00000000167c7000 Uncommon trap: reason=unstable_if action=reinterpret pc=0x00000000054b07a4 method=com.android.tools.r8.ir.conversion.U.a(Lcom/android/tools/r8/ir/conversion/T;)Z @ 211
Event: 91.578 Thread 0x00000000167c7000 Uncommon trap: reason=unstable_if action=reinterpret pc=0x000000000544553c method=com.android.tools.r8.ir.regalloc.c.b(I)Z @ 17
Event: 91.584 Thread 0x00000000167c7000 Uncommon trap: reason=unstable_if action=reinterpret pc=0x0000000005232838 method=com.android.tools.r8.ir.optimize.z.a(Lcom/android/tools/r8/ir/code/Instruction;)Z @ 146
Event: 91.757 Thread 0x0000000016c96000 Uncommon trap: reason=unstable_if action=reinterpret pc=0x0000000005428198 method=com.android.tools.r8.ir.optimize.CodeRewriter.a(Lcom/android/tools/r8/ir/code/Instruction;ZLcom/android/tools/r8/ir/code/Instruction;)Z @ 48
Event: 92.349 Thread 0x00000000167c7000 Uncommon trap: reason=unstable_if action=reinterpret pc=0x000000000551b2a0 method=com.android.tools.r8.ir.conversion.N.a()Z @ 23
Event: 96.847 Thread 0x00000000167c7000 Uncommon trap: reason=class_check action=maybe_recompile pc=0x00000000055392c4 method=com.android.tools.r8.ir.analysis.g.e.b(Lcom/android/tools/r8/ir/code/Instruction;)V @ 139
Event: 96.847 Thread 0x00000000167c7000 Uncommon trap: reason=class_check action=maybe_recompile pc=0x00000000055392c4 method=com.android.tools.r8.ir.analysis.g.e.b(Lcom/android/tools/r8/ir/code/Instruction;)V @ 139
Event: 97.302 Thread 0x00000000167bf800 Uncommon trap: reason=class_check action=maybe_recompile pc=0x0000000004b4d4ac method=com.android.tools.r8.ir.analysis.g.e.b(Lcom/android/tools/r8/ir/code/Instruction;)V @ 223
Event: 97.302 Thread 0x00000000167bf800 Uncommon trap: reason=class_check action=maybe_recompile pc=0x0000000004b4d4ac method=com.android.tools.r8.ir.analysis.g.e.b(Lcom/android/tools/r8/ir/code/Instruction;)V @ 223
Event: 97.960 Thread 0x0000000016c96000 Uncommon trap: reason=unstable_if action=reinterpret pc=0x0000000005422cc4 method=com.android.tools.r8.ir.optimize.CodeRewriter.a(Lcom/android/tools/r8/ir/code/Instruction;ZLcom/android/tools/r8/ir/code/Instruction;)Z @ 24

Classes redefined (0 events):
No events

Internal exceptions (10 events):
Event: 83.766 Thread 0x00000000167bf800 Exception <a 'sun/nio/fs/WindowsException'> (0x00000000f873dde0) thrown at [C:\re\workspace\8-2-build-windows-amd64-cygwin\jdk8u221\13320\hotspot\src\share\vm\prims\jni.cpp, line 710]
Event: 83.997 Thread 0x00000000167c7000 Exception <a 'sun/nio/fs/WindowsException'> (0x00000000f9a09de8) thrown at [C:\re\workspace\8-2-build-windows-amd64-cygwin\jdk8u221\13320\hotspot\src\share\vm\prims\jni.cpp, line 710]
Event: 84.029 Thread 0x00000000167bf800 Exception <a 'java/lang/NoSuchMethodError': java.lang.Object.lambda$identity$2(Ljava/lang/Object;)Ljava/lang/Object;> (0x00000000f9b49120) thrown at [C:\re\workspace\8-2-build-windows-amd64-cygwin\jdk8u221\13320\hotspot\src\share\vm\interpreter\linkResolv
Event: 84.029 Thread 0x00000000167c7000 Exception <a 'java/lang/NoSuchMethodError': java.lang.Object.lambda$identity$2(Ljava/lang/Object;)Ljava/lang/Object;> (0x00000000f9ce55c8) thrown at [C:\re\workspace\8-2-build-windows-amd64-cygwin\jdk8u221\13320\hotspot\src\share\vm\interpreter\linkResolv
Event: 84.193 Thread 0x0000000016c96000 Exception <a 'sun/nio/fs/WindowsException'> (0x00000000fab46c70) thrown at [C:\re\workspace\8-2-build-windows-amd64-cygwin\jdk8u221\13320\hotspot\src\share\vm\prims\jni.cpp, line 710]
Event: 85.699 Thread 0x00000000167bf800 Exception <a 'java/lang/NoSuchMethodError': java.lang.Object.lambda$maxBy$1(Ljava/util/Comparator;Ljava/lang/Object;Ljava/lang/Object;)Ljava/lang/Object;> (0x00000000f91f4e00) thrown at [C:\re\workspace\8-2-build-windows-amd64-cygwin\jdk8u221\13320\hotspo
Event: 85.699 Thread 0x00000000167c7000 Exception <a 'java/lang/NoSuchMethodError': java.lang.Object.lambda$maxBy$1(Ljava/util/Comparator;Ljava/lang/Object;Ljava/lang/Object;)Ljava/lang/Object;> (0x00000000f926fdf8) thrown at [C:\re\workspace\8-2-build-windows-amd64-cygwin\jdk8u221\13320\hotspo
Event: 85.699 Thread 0x0000000016c96000 Exception <a 'java/lang/NoSuchMethodError': java.lang.Object.lambda$maxBy$1(Ljava/util/Comparator;Ljava/lang/Object;Ljava/lang/Object;)Ljava/lang/Object;> (0x00000000f9136b88) thrown at [C:\re\workspace\8-2-build-windows-amd64-cygwin\jdk8u221\13320\hotspo
Event: 86.058 Thread 0x00000000167c7000 Implicit null exception at 0x00000000043faa49 to 0x00000000043faeba
Event: 88.373 Thread 0x00000000167bf800 Implicit null exception at 0x00000000050d2d7c to 0x00000000050d30cd

Events (10 events):
Event: 99.154 Executing VM operation: RevokeBias
Event: 99.154 Executing VM operation: RevokeBias done
Event: 99.203 Executing VM operation: RevokeBias
Event: 99.205 Executing VM operation: RevokeBias done
Event: 99.205 Executing VM operation: RevokeBias
Event: 99.205 Executing VM operation: RevokeBias done
Event: 99.206 Executing VM operation: BulkRevokeBias
Event: 99.208 Executing VM operation: BulkRevokeBias done
Event: 100.191 Executing VM operation: ParallelGCFailedAllocation
Event: 100.264 Executing VM operation: ParallelGCFailedAllocation done


Dynamic libraries:
0x00007ff7c7a30000 - 0x00007ff7c7a67000 	C:\Program Files\Java\jdk1.8.0_221\bin\java.exe
0x00007ffa49fb0000 - 0x00007ffa4a171000 	C:\WINDOWS\SYSTEM32\ntdll.dll
0x00007ffa48cb0000 - 0x00007ffa48d5d000 	C:\WINDOWS\system32\KERNEL32.DLL
0x00007ffa46990000 - 0x00007ffa46b78000 	C:\WINDOWS\system32\KERNELBASE.dll
0x00007ffa48af0000 - 0x00007ffa48b97000 	C:\WINDOWS\system32\ADVAPI32.dll
0x00007ffa48a50000 - 0x00007ffa48aed000 	C:\WINDOWS\system32\msvcrt.dll
0x00007ffa49790000 - 0x00007ffa497eb000 	C:\WINDOWS\system32\sechost.dll
0x00007ffa49e90000 - 0x00007ffa49fad000 	C:\WINDOWS\system32\RPCRT4.dll
0x00007ffa49630000 - 0x00007ffa49786000 	C:\WINDOWS\system32\USER32.dll
0x00007ffa49c30000 - 0x00007ffa49db7000 	C:\WINDOWS\system32\GDI32.dll
0x00007ffa38b90000 - 0x00007ffa38e04000 	C:\WINDOWS\WinSxS\amd64_microsoft.windows.common-controls_6595b64144ccf1df_6.0.10586.839_none_a2ddba30a539a2ae\COMCTL32.dll
0x00007ffa499a0000 - 0x00007ffa49c1e000 	C:\WINDOWS\system32\combase.dll
0x00007ffa46920000 - 0x00007ffa4698a000 	C:\WINDOWS\system32\bcryptPrimitives.dll
0x00007ffa47480000 - 0x00007ffa474bb000 	C:\WINDOWS\system32\IMM32.DLL
0x00000000507f0000 - 0x00000000508c2000 	C:\Program Files\Java\jdk1.8.0_221\jre\bin\msvcr100.dll
0x0000000077750000 - 0x0000000077ff5000 	C:\Program Files\Java\jdk1.8.0_221\jre\bin\server\jvm.dll
0x00007ffa491f0000 - 0x00007ffa491f8000 	C:\WINDOWS\system32\PSAPI.DLL
0x00007ffa435b0000 - 0x00007ffa435b9000 	C:\WINDOWS\SYSTEM32\WSOCK32.dll
0x00007ffa49360000 - 0x00007ffa493cb000 	C:\WINDOWS\system32\WS2_32.dll
0x00007ffa44cb0000 - 0x00007ffa44cd3000 	C:\WINDOWS\SYSTEM32\WINMM.dll
0x00007ffa3b260000 - 0x00007ffa3b26a000 	C:\WINDOWS\SYSTEM32\VERSION.dll
0x00007ffa44c50000 - 0x00007ffa44c7c000 	C:\WINDOWS\SYSTEM32\WINMMBASE.dll
0x00007ffa47360000 - 0x00007ffa473a3000 	C:\WINDOWS\system32\cfgmgr32.dll
0x00007ffa389e0000 - 0x00007ffa389ef000 	C:\Program Files\Java\jdk1.8.0_221\jre\bin\verify.dll
0x00007ffa36b50000 - 0x00007ffa36b79000 	C:\Program Files\Java\jdk1.8.0_221\jre\bin\java.dll
0x00007ffa37df0000 - 0x00007ffa37e06000 	C:\Program Files\Java\jdk1.8.0_221\jre\bin\zip.dll
0x00007ffa474d0000 - 0x00007ffa48a2c000 	C:\WINDOWS\system32\SHELL32.dll
0x00007ffa46c40000 - 0x00007ffa47285000 	C:\WINDOWS\system32\windows.storage.dll
0x00007ffa49dc0000 - 0x00007ffa49e12000 	C:\WINDOWS\system32\shlwapi.dll
0x00007ffa46630000 - 0x00007ffa4663f000 	C:\WINDOWS\system32\kernel.appcore.dll
0x00007ffa46b80000 - 0x00007ffa46c35000 	C:\WINDOWS\system32\shcore.dll
0x00007ffa465d0000 - 0x00007ffa4661b000 	C:\WINDOWS\system32\powrprof.dll
0x00007ffa46640000 - 0x00007ffa46654000 	C:\WINDOWS\system32\profapi.dll
0x00007ffa36ab0000 - 0x00007ffa36aca000 	C:\Program Files\Java\jdk1.8.0_221\jre\bin\net.dll
0x00007ffa35650000 - 0x00007ffa35807000 	C:\WINDOWS\SYSTEM32\urlmon.dll
0x00007ffa3b390000 - 0x00007ffa3b71a000 	C:\WINDOWS\SYSTEM32\iertutil.dll
0x00007ffa45f00000 - 0x00007ffa45f5c000 	C:\WINDOWS\system32\mswsock.dll
0x00007ffa36a90000 - 0x00007ffa36aa2000 	C:\Program Files\Java\jdk1.8.0_221\jre\bin\nio.dll
0x00007ffa35410000 - 0x00007ffa35436000 	C:\Users\hunza rafiq\.gradle\native\30\windows-amd64\native-platform.dll
0x00007ffa37f40000 - 0x00007ffa37f4d000 	C:\Program Files\Java\jdk1.8.0_221\jre\bin\management.dll
0x00007ffa45fb0000 - 0x00007ffa45fc7000 	C:\WINDOWS\SYSTEM32\CRYPTSP.dll
0x00007ffa45c40000 - 0x00007ffa45c74000 	C:\WINDOWS\system32\rsaenh.dll
0x00007ffa46500000 - 0x00007ffa46529000 	C:\WINDOWS\SYSTEM32\bcrypt.dll
0x00007ffa45d90000 - 0x00007ffa45daf000 	C:\WINDOWS\SYSTEM32\USERENV.dll
0x00007ffa460d0000 - 0x00007ffa460db000 	C:\WINDOWS\SYSTEM32\CRYPTBASE.dll
0x00007ffa3e910000 - 0x00007ffa3e948000 	C:\WINDOWS\SYSTEM32\IPHLPAPI.DLL
0x00007ffa474c0000 - 0x00007ffa474c8000 	C:\WINDOWS\system32\NSI.dll
0x00007ffa3d940000 - 0x00007ffa3d956000 	C:\WINDOWS\SYSTEM32\dhcpcsvc6.DLL
0x00007ffa3da20000 - 0x00007ffa3da3a000 	C:\WINDOWS\SYSTEM32\dhcpcsvc.DLL

VM Arguments:
jvm_args: -XX:MaxMetaspaceSize=256m -XX:+HeapDumpOnOutOfMemoryError -Xms256m -Xmx512m -Dfile.encoding=windows-1252 -Duser.country=US -Duser.language=en -Duser.variant 
java_command: org.gradle.launcher.daemon.bootstrap.GradleDaemon 6.0.1
java_class_path (initial): C:\Users\hunza rafiq\.gradle\wrapper\dists\gradle-6.0.1-all\99d3u8wxs16ndehh90lbbir67\gradle-6.0.1\lib\gradle-launcher-6.0.1.jar
Launcher Type: SUN_STANDARD

Environment Variables:
JAVA_HOME=C:\Program Files\Java\jdk1.8.0_221
CLASSPATH=E:\react-native\PracticeApp\android\\gradle\wrapper\gradle-wrapper.jar
PATH=E:\react-native\PracticeApp\android\node_modules\.bin;E:\react-native\PracticeApp\node_modules\.bin;E:\react-native\node_modules\.bin;E:\node_modules\.bin;C:\Program Files\nodejs;C:\Python27\;C:\Python27\Scripts;C:\Program Files (x86)\Intel\iCLS Client\C:\Users\hunza rafiq\Desktop\openssl;C:\Program Files\Intel\iCLS Client\;C:\WINDOWS\system32;C:\WINDOWS;C:\WINDOWS\System32\Wbem;C:\WINDOWS\System32\WindowsPowerShell\v1.0\;C:\Program Files (x86)\Intel\Intel(R) Management Engine Components\DAL;C:\Program Files\Intel\Intel(R) Management Engine Components\DAL;C:\Program Files (x86)\Intel\Intel(R) Management Engine Components\IPT;C:\Program Files\Intel\Intel(R) Management Engine Components\IPT;C:\Program Files\Git\cmd;c:\OpenSSL\;e:\100\Tools\Binn\;e:\100\DTS\Binn\;e:\100\Tools\Binn\VSShell\Common7\IDE\;C:\ProgramData\chocolatey\bin;C:\Program Files\nodejs\;E:\android\platform-tools;C:\Program Files\Java\jdk1.8.0_221;C:\Program Files\Microsoft VS Code\bin;C:\Program Files\Microsoft VS Code\bin;C:\Program Files\heroku\bin;C:\Users\hunza rafiq\Desktop\openssl;C:\Users\hunza rafiq\AppData\Roaming\npm;E:\android\platform-tools
USERNAME=hunza rafiq
OS=Windows_NT
PROCESSOR_IDENTIFIER=Intel64 Family 6 Model 61 Stepping 4, GenuineIntel



---------------  S Y S T E M  ---------------

OS: Windows 10.0 , 64 bit Build 10586 (10.0.10586.589)

CPU:total 4 (initial active 4) (2 cores per cpu, 2 threads per core) family 6 model 61 stepping 4, cmov, cx8, fxsr, mmx, sse, sse2, sse3, ssse3, sse4.1, sse4.2, popcnt, avx, avx2, aes, clmul, erms, 3dnowpref, lzcnt, ht, tsc, tscinvbit, bmi1, bmi2, adx

Memory: 4k page, physical 4107804k(884264k free), swap 4506468k(1728k free)

vm_info: Java HotSpot(TM) 64-Bit Server VM (25.221-b11) for windows-amd64 JRE (1.8.0_221-b11), built on Jul  4 2019 04:39:29 by "java_re" with MS VC++ 10.0 (VS2010)

time: Sun Jun 14 17:40:07 2020
timezone: Pakistan Standard Time
elapsed time: 100 seconds (0d 0h 1m 40s)

