#
# There is insufficient memory for the Java Runtime Environment to continue.
# Native memory allocation (malloc) failed to allocate 1048576 bytes for AllocateHeap
# Possible reasons:
#   The system is out of physical RAM or swap space
#   The process is running with CompressedOops enabled, and the Java Heap may be blocking the growth of the native heap
# Possible solutions:
#   Reduce memory load on the system
#   Increase physical memory or swap space
#   Check if swap backing store is full
#   Decrease Java heap size (-Xmx/-Xms)
#   Decrease number of Java threads
#   Decrease Java thread stack sizes (-Xss)
#   Set larger code cache with -XX:ReservedCodeCacheSize=
#   JVM is running with Unscaled Compressed Oops mode in which the Java heap is
#     placed in the first 4GB address space. The Java Heap base address is the
#     maximum limit for the native heap growth. Please use -XX:HeapBaseMinAddress
#     to set the Java Heap base and to place the Java Heap above 4GB virtual address.
# This output file may be truncated or incomplete.
#
#  Out of Memory Error (memory/allocation.inline.hpp:61), pid=368, tid=0x000000000000179c
#
# JRE version:  (8.0_221-b11) (build )
# Java VM: Java HotSpot(TM) 64-Bit Server VM (25.221-b11 mixed mode windows-amd64 compressed oops)
# Failed to write core dump. Minidumps are not enabled by default on client versions of Windows
#

---------------  T H R E A D  ---------------

Current thread (0x0000000002662800):  JavaThread "Unknown thread" [_thread_in_vm, id=6044, stack(0x0000000002550000,0x0000000002650000)]

Stack: [0x0000000002550000,0x0000000002650000]
[error occurred during error reporting (printing stack bounds), id 0xc0000005]

Native frames: (J=compiled Java code, j=interpreted, Vv=VM code, C=native code)


---------------  P R O C E S S  ---------------

Java Threads: ( => current thread )

Other Threads:

=>0x0000000002662800 (exited) JavaThread "Unknown thread" [_thread_in_vm, id=6044, stack(0x0000000002550000,0x0000000002650000)]

VM state:not at safepoint (normal execution)

VM Mutex/Monitor currently owned by a thread: None

heap address: 0x00000000fc000000, size: 64 MB, Compressed Oops mode: 32-bit
Narrow klass base: 0x0000000000000000, Narrow klass shift: 3
Compressed class space size: 1073741824 Address: 0x0000000100000000

Heap:
 PSYoungGen      total 18944K, used 327K [0x00000000feb00000, 0x0000000100000000, 0x0000000100000000)
  eden space 16384K, 2% used [0x00000000feb00000,0x00000000feb51ec8,0x00000000ffb00000)
  from space 2560K, 0% used [0x00000000ffd80000,0x00000000ffd80000,0x0000000100000000)
  to   space 2560K, 0% used [0x00000000ffb00000,0x00000000ffb00000,0x00000000ffd80000)
 ParOldGen       total 44032K, used 0K [0x00000000fc000000, 0x00000000feb00000, 0x00000000feb00000)
  object space 44032K, 0% used [0x00000000fc000000,0x00000000fc000000,0x00000000feb00000)
 Metaspace       used 776K, capacity 4480K, committed 4480K, reserved 1056768K
  class space    used 76K, capacity 384K, committed 384K, reserved 1048576K

Card table byte_map: [0x0000000000de0000,0x0000000000e10000] byte_map_base: 0x0000000000600000

Marking Bits: (ParMarkBitMap*) 0x00000000776f5ce0
 Begin Bits: [0x0000000011fb0000, 0x00000000120b0000)
 End Bits:   [0x00000000120b0000, 0x00000000121b0000)

Polling page: 0x0000000000d80000

CodeCache: size=245760Kb used=328Kb max_used=328Kb free=245431Kb
 bounds [0x00000000027f0000, 0x0000000002a60000, 0x00000000117f0000]
 total_blobs=58 nmethods=0 adapters=38
 compilation: enabled

Compilation events (0 events):
No events

GC Heap History (0 events):
No events

Deoptimization events (0 events):
No events

Classes redefined (0 events):
No events

Internal exceptions (0 events):
No events

Events (10 events):
Event: 0.027 loading class java/lang/Short
Event: 0.027 loading class java/lang/Short done
Event: 0.027 loading class java/lang/Integer
Event: 0.027 loading class java/lang/Integer done
Event: 0.027 loading class java/lang/Long
Event: 0.027 loading class java/lang/Long done
Event: 0.028 loading class java/lang/NullPointerException
Event: 0.028 loading class java/lang/NullPointerException done
Event: 0.028 loading class java/lang/ArithmeticException
Event: 0.028 loading class java/lang/ArithmeticException done


Dynamic libraries:
0x00007ff6367a0000 - 0x00007ff6367d7000 	C:\Program Files\Java\jdk1.8.0_221\bin\java.exe
0x00007ffbe8850000 - 0x00007ffbe8a11000 	C:\WINDOWS\SYSTEM32\ntdll.dll
0x00007ffbe8570000 - 0x00007ffbe861d000 	C:\WINDOWS\system32\KERNEL32.DLL
0x00007ffbe59d0000 - 0x00007ffbe5bb8000 	C:\WINDOWS\system32\KERNELBASE.dll
0x00007ffbe87a0000 - 0x00007ffbe8847000 	C:\WINDOWS\system32\ADVAPI32.dll
0x00007ffbe6710000 - 0x00007ffbe67ad000 	C:\WINDOWS\system32\msvcrt.dll
0x00007ffbe8510000 - 0x00007ffbe856b000 	C:\WINDOWS\system32\sechost.dll
0x00007ffbe62c0000 - 0x00007ffbe63dd000 	C:\WINDOWS\system32\RPCRT4.dll
0x00007ffbe5d10000 - 0x00007ffbe5e66000 	C:\WINDOWS\system32\USER32.dll
0x00007ffbe6580000 - 0x00007ffbe6707000 	C:\WINDOWS\system32\GDI32.dll
0x00007ffbd6ee0000 - 0x00007ffbd7154000 	C:\WINDOWS\WinSxS\amd64_microsoft.windows.common-controls_6595b64144ccf1df_6.0.10586.839_none_a2ddba30a539a2ae\COMCTL32.dll
0x00007ffbe6ac0000 - 0x00007ffbe6d3e000 	C:\WINDOWS\system32\combase.dll
0x00007ffbe5900000 - 0x00007ffbe596a000 	C:\WINDOWS\system32\bcryptPrimitives.dll
0x00007ffbe63e0000 - 0x00007ffbe641b000 	C:\WINDOWS\system32\IMM32.DLL
0x00000000500a0000 - 0x0000000050172000 	C:\Program Files\Java\jdk1.8.0_221\jre\bin\msvcr100.dll
0x0000000076ed0000 - 0x0000000077775000 	C:\Program Files\Java\jdk1.8.0_221\jre\bin\server\jvm.dll
0x00007ffbe6d40000 - 0x00007ffbe6d48000 	C:\WINDOWS\system32\PSAPI.DLL
0x00007ffbd9c60000 - 0x00007ffbd9c6a000 	C:\WINDOWS\SYSTEM32\VERSION.dll
0x00007ffbe3660000 - 0x00007ffbe3683000 	C:\WINDOWS\SYSTEM32\WINMM.dll
0x00007ffbe1910000 - 0x00007ffbe1919000 	C:\WINDOWS\SYSTEM32\WSOCK32.dll
0x00007ffbe8730000 - 0x00007ffbe879b000 	C:\WINDOWS\system32\WS2_32.dll
0x0000000000d90000 - 0x0000000000dbc000 	C:\WINDOWS\SYSTEM32\WINMMBASE.dll
0x00007ffbe56c0000 - 0x00007ffbe5703000 	C:\WINDOWS\system32\cfgmgr32.dll
0x00007ffbcf420000 - 0x00007ffbcf42f000 	C:\Program Files\Java\jdk1.8.0_221\jre\bin\verify.dll
0x00007ffbc1ed0000 - 0x00007ffbc1ef9000 	C:\Program Files\Java\jdk1.8.0_221\jre\bin\java.dll
0x00007ffbc1900000 - 0x00007ffbc1916000 	C:\Program Files\Java\jdk1.8.0_221\jre\bin\zip.dll

VM Arguments:
jvm_args: -Xmx64m -Xms64m -Dorg.gradle.appname=gradlew 
java_command: org.gradle.wrapper.GradleWrapperMain app:installDebug -PreactNativeDevServerPort=8081
java_class_path (initial): E:\react-native\PracticeApp\android\\gradle\wrapper\gradle-wrapper.jar
Launcher Type: SUN_STANDARD

Environment Variables:
JAVA_HOME=C:\Program Files\Java\jdk1.8.0_221
CLASSPATH=E:\react-native\PracticeApp\android\\gradle\wrapper\gradle-wrapper.jar
PATH=E:\react-native\PracticeApp\android\node_modules\.bin;E:\react-native\PracticeApp\node_modules\.bin;E:\react-native\node_modules\.bin;E:\node_modules\.bin;C:\Program Files\nodejs;C:\Python27\;C:\Python27\Scripts;C:\Program Files (x86)\Intel\iCLS Client\C:\Users\hunza rafiq\Desktop\openssl;C:\Program Files\Intel\iCLS Client\;C:\WINDOWS\system32;C:\WINDOWS;C:\WINDOWS\System32\Wbem;C:\WINDOWS\System32\WindowsPowerShell\v1.0\;C:\Program Files (x86)\Intel\Intel(R) Management Engine Components\DAL;C:\Program Files\Intel\Intel(R) Management Engine Components\DAL;C:\Program Files (x86)\Intel\Intel(R) Management Engine Components\IPT;C:\Program Files\Intel\Intel(R) Management Engine Components\IPT;C:\Program Files\Git\cmd;c:\OpenSSL\;e:\100\Tools\Binn\;e:\100\DTS\Binn\;e:\100\Tools\Binn\VSShell\Common7\IDE\;C:\ProgramData\chocolatey\bin;C:\Program Files\nodejs\;E:\android\platform-tools;C:\Program Files\Java\jdk1.8.0_221;C:\Program Files\Microsoft VS Code\bin;C:\Program Files\Microsoft VS Code\bin;C:\Program Files\heroku\bin;C:\Users\hunza rafiq\Desktop\openssl;C:\Users\hunza rafiq\AppData\Roaming\npm;E:\android\platform-tools
USERNAME=hunza rafiq
OS=Windows_NT
PROCESSOR_IDENTIFIER=Intel64 Family 6 Model 61 Stepping 4, GenuineIntel



---------------  S Y S T E M  ---------------

OS: Windows 10.0 , 64 bit Build 10586 (10.0.10586.589)

CPU:total 4 (initial active 4) (2 cores per cpu, 2 threads per core) family 6 model 61 stepping 4, cmov, cx8, fxsr, mmx, sse, sse2, sse3, ssse3, sse4.1, sse4.2, popcnt, avx, avx2, aes, clmul, erms, 3dnowpref, lzcnt, ht, tsc, tscinvbit, bmi1, bmi2, adx

Memory: 4k page, physical 4107804k(629372k free), swap 4560372k(4444k free)

vm_info: Java HotSpot(TM) 64-Bit Server VM (25.221-b11) for windows-amd64 JRE (1.8.0_221-b11), built on Jul  4 2019 04:39:29 by "java_re" with MS VC++ 10.0 (VS2010)

time: Mon Jun 15 14:37:10 2020
timezone: Pakistan Standard Time
elapsed time: 0 seconds (0d 0h 0m 0s)

