#
# There is insufficient memory for the Java Runtime Environment to continue.
# Native memory allocation (malloc) failed to allocate 1082256 bytes for Chunk::new
# Possible reasons:
#   The system is out of physical RAM or swap space
#   The process is running with CompressedOops enabled, and the Java Heap may be blocking the growth of the native heap
# Possible solutions:
#   Reduce memory load on the system
#   Increase physical memory or swap space
#   Check if swap backing store is full
#   Decrease Java heap size (-Xmx/-Xms)
#   Decrease number of Java threads
#   Decrease Java thread stack sizes (-Xss)
#   Set larger code cache with -XX:ReservedCodeCacheSize=
#   JVM is running with Unscaled Compressed Oops mode in which the Java heap is
#     placed in the first 4GB address space. The Java Heap base address is the
#     maximum limit for the native heap growth. Please use -XX:HeapBaseMinAddress
#     to set the Java Heap base and to place the Java Heap above 4GB virtual address.
# This output file may be truncated or incomplete.
#
#  Out of Memory Error (allocation.cpp:389), pid=7796, tid=0x0000000000001e28
#
# JRE version: Java(TM) SE Runtime Environment (8.0_221-b11) (build 1.8.0_221-b11)
# Java VM: Java HotSpot(TM) 64-Bit Server VM (25.221-b11 mixed mode windows-amd64 compressed oops)
# Failed to write core dump. Minidumps are not enabled by default on client versions of Windows
#

---------------  T H R E A D  ---------------

Current thread (0x0000000013a0a800):  JavaThread "C2 CompilerThread0" daemon [_thread_in_native, id=7720, stack(0x0000000015060000,0x0000000015160000)]

Stack: [0x0000000015060000,0x0000000015160000]
[error occurred during error reporting (printing stack bounds), id 0xc0000005]

Native frames: (J=compiled Java code, j=interpreted, Vv=VM code, C=native code)


Current CompileTask:
C2:12289817 27295 % !   4       com.android.ide.common.resources.DataMerger::mergeData @ 247 (611 bytes)


---------------  P R O C E S S  ---------------

Java Threads: ( => current thread )
  0x0000000020eca800 JavaThread "AWT-Shutdown" [_thread_blocked, id=7552, stack(0x0000000072fd0000,0x00000000730d0000)]
  0x00000000174a1800 JavaThread "WorkerExecutor Queue Thread 4" [_thread_blocked, id=7368, stack(0x0000000072ad0000,0x0000000072bd0000)]
  0x0000000017752800 JavaThread "Cache worker for Java compile cache (E:\react-native\PracticeApp\android\.gradle\6.0.1\javaCompile)" [_thread_blocked, id=912, stack(0x00000000720d0000,0x00000000721d0000)]
  0x0000000017756000 JavaThread "Cache worker for Java compile cache (C:\Users\hunza rafiq\.gradle\caches\6.0.1\javaCompile)" [_thread_blocked, id=7848, stack(0x0000000071fd0000,0x00000000720d0000)]
  0x000000001774b000 JavaThread "WorkerExecutor Queue Thread 2" [_thread_blocked, id=5912, stack(0x0000000071bd0000,0x0000000071cd0000)]
  0x000000001774e800 JavaThread "WorkerExecutor Queue" [_thread_blocked, id=8556, stack(0x0000000071ad0000,0x0000000071bd0000)]
  0x000000001774a000 JavaThread "Cache worker for execution history cache (E:\react-native\PracticeApp\android\.gradle\6.0.1\executionHistory)" [_thread_blocked, id=8344, stack(0x00000000716d0000,0x00000000717d0000)]
  0x0000000020ec8800 JavaThread "Execution worker for ':' Thread 3" [_thread_blocked, id=4676, stack(0x00000000714d0000,0x00000000715d0000)]
  0x0000000020ec7800 JavaThread "Execution worker for ':' Thread 2" [_thread_in_Java, id=2788, stack(0x00000000713d0000,0x00000000714d0000)]
  0x0000000020ec6000 JavaThread "Execution worker for ':'" [_thread_blocked, id=7672, stack(0x00000000712d0000,0x00000000713d0000)]
  0x0000000020ec0000 JavaThread "Cache worker for file content cache (E:\react-native\PracticeApp\android\.gradle\6.0.1\fileContent)" [_thread_blocked, id=1096, stack(0x0000000070ad0000,0x0000000070bd0000)]
  0x0000000020ec5800 JavaThread "Cache worker for Build Output Cleanup Cache (E:\react-native\PracticeApp\android\.gradle\buildOutputCleanup)" [_thread_blocked, id=2748, stack(0x00000000703d0000,0x00000000704d0000)]
  0x0000000020ec9000 JavaThread "pool-4-thread-1" [_thread_blocked, id=6696, stack(0x00000000702d0000,0x00000000703d0000)]
  0x0000000020eca000 JavaThread "Build operations Thread 4" [_thread_blocked, id=3940, stack(0x00000000701d0000,0x00000000702d0000)]
  0x0000000020ebe000 JavaThread "Build operations Thread 3" [_thread_blocked, id=8092, stack(0x00000000700d0000,0x00000000701d0000)]
  0x0000000020ec3000 JavaThread "Build operations Thread 2" [_thread_blocked, id=224, stack(0x000000006ffd0000,0x00000000700d0000)]
  0x0000000020ec4800 JavaThread "Build operations" [_thread_blocked, id=4736, stack(0x000000006fed0000,0x000000006ffd0000)]
  0x0000000020ebe800 JavaThread "Cache worker for cache directory md-rule (C:\Users\hunza rafiq\.gradle\caches\6.0.1\md-rule)" [_thread_blocked, id=7624, stack(0x000000006fdd0000,0x000000006fed0000)]
  0x0000000020ec2800 JavaThread "Cache worker for cache directory md-supplier (C:\Users\hunza rafiq\.gradle\caches\6.0.1\md-supplier)" [_thread_blocked, id=7256, stack(0x000000006fcd0000,0x000000006fdd0000)]
  0x0000000020ec4000 JavaThread "Cache worker for file hash cache (E:\react-native\PracticeApp\android\.gradle\6.0.1\fileHashes)" [_thread_blocked, id=4412, stack(0x000000006f8d0000,0x000000006f9d0000)]
  0x0000000020ebb800 JavaThread "Thread-79" [_thread_blocked, id=4640, stack(0x000000006f7d0000,0x000000006f8d0000)]
  0x0000000020ebc000 JavaThread "Stdin handler" [_thread_blocked, id=8488, stack(0x000000006f6d0000,0x000000006f7d0000)]
  0x000000001b7d1800 JavaThread "Asynchronous log dispatcher for DefaultDaemonConnection: socket connection from /127.0.0.1:53263 to /127.0.0.1:54105" [_thread_blocked, id=5368, stack(0x000000006f5d0000,0x000000006f6d0000)]
  0x000000001b7d0000 JavaThread "Daemon worker Thread 4" [_thread_blocked, id=5380, stack(0x000000006f4d0000,0x000000006f5d0000)]
  0x000000001b7c7000 JavaThread "Cancel handler" [_thread_blocked, id=6240, stack(0x000000006f3d0000,0x000000006f4d0000)]
  0x000000001b7cd000 JavaThread "Handler for socket connection from /127.0.0.1:53263 to /127.0.0.1:54105" [_thread_in_native, id=4532, stack(0x000000006f2d0000,0x000000006f3d0000)]
  0x000000001b7cc800 JavaThread "Daemon Thread 4" [_thread_blocked, id=888, stack(0x000000006f1d0000,0x000000006f2d0000)]
  0x0000000020ec1000 JavaThread "AWT-Windows" daemon [_thread_in_native, id=8592, stack(0x000000002a410000,0x000000002a510000)]
  0x0000000020ebd000 JavaThread "Java2D Disposer" daemon [_thread_blocked, id=8444, stack(0x000000002a210000,0x000000002a310000)]
  0x0000000020ebf800 JavaThread "Device List Monitor" [_thread_in_native, id=3296, stack(0x0000000029f10000,0x000000002a010000)]
  0x0000000020ec1800 JavaThread "Monitor" [_thread_in_native, id=9080, stack(0x0000000029b10000,0x0000000029c10000)]
  0x000000001b7cb800 JavaThread "Cache worker for file content cache (C:\Users\hunza rafiq\.gradle\caches\6.0.1\fileContent)" [_thread_blocked, id=8144, stack(0x00000000222f0000,0x00000000223f0000)]
  0x0000000017759000 JavaThread "Memory manager" [_thread_blocked, id=7880, stack(0x000000001f7e0000,0x000000001f8e0000)]
  0x0000000017751800 JavaThread "Cache worker for execution history cache (C:\Users\hunza rafiq\.gradle\caches\6.0.1\executionHistory)" [_thread_blocked, id=7396, stack(0x000000001dee0000,0x000000001dfe0000)]
  0x0000000017750000 JavaThread "Cache worker for journal cache (C:\Users\hunza rafiq\.gradle\caches\journal-1)" [_thread_blocked, id=7692, stack(0x0000000019520000,0x0000000019620000)]
  0x000000001774e000 JavaThread "File lock request listener" [_thread_in_native, id=8072, stack(0x0000000019420000,0x0000000019520000)]
  0x0000000017751000 JavaThread "Cache worker for file hash cache (C:\Users\hunza rafiq\.gradle\caches\6.0.1\fileHashes)" [_thread_blocked, id=8492, stack(0x0000000019320000,0x0000000019420000)]
  0x00000000174a2000 JavaThread "Daemon periodic checks" [_thread_blocked, id=7620, stack(0x0000000018920000,0x0000000018a20000)]
  0x000000001749c000 JavaThread "Incoming local TCP Connector on port 53263" [_thread_in_native, id=6380, stack(0x0000000018740000,0x0000000018840000)]
  0x000000001749f000 JavaThread "Daemon health stats" [_thread_blocked, id=1060, stack(0x0000000018100000,0x0000000018200000)]
  0x0000000015383000 JavaThread "Service Thread" daemon [_thread_blocked, id=8652, stack(0x0000000015760000,0x0000000015860000)]
  0x0000000013a13000 JavaThread "C1 CompilerThread2" daemon [_thread_blocked, id=8352, stack(0x0000000015260000,0x0000000015360000)]
  0x0000000013a0f000 JavaThread "C2 CompilerThread1" daemon [_thread_in_native, id=7172, stack(0x0000000015160000,0x0000000015260000)]
=>0x0000000013a0a800 JavaThread "C2 CompilerThread0" daemon [_thread_in_native, id=7720, stack(0x0000000015060000,0x0000000015160000)]
  0x0000000013a1a000 JavaThread "Attach Listener" daemon [_thread_blocked, id=7716, stack(0x0000000014f60000,0x0000000015060000)]
  0x0000000013a16800 JavaThread "Signal Dispatcher" daemon [_thread_blocked, id=7320, stack(0x0000000014e60000,0x0000000014f60000)]
  0x000000000269c800 JavaThread "Finalizer" daemon [_thread_blocked, id=6500, stack(0x0000000014c80000,0x0000000014d80000)]
  0x0000000002691800 JavaThread "Reference Handler" daemon [_thread_blocked, id=7336, stack(0x0000000014b80000,0x0000000014c80000)]
  0x00000000025a2800 JavaThread "main" [_thread_blocked, id=8172, stack(0x00000000024a0000,0x00000000025a0000)]

Other Threads:
  0x00000000139d7800 VMThread [stack: 0x0000000014a80000,0x0000000014b80000] [id=8280]
  0x00000000153ab800 WatcherThread [stack: 0x0000000015860000,0x0000000015960000] [id=8396]

VM state:not at safepoint (normal execution)

VM Mutex/Monitor currently owned by a thread: None

heap address: 0x00000000e0000000, size: 512 MB, Compressed Oops mode: 32-bit
Narrow klass base: 0x0000000000000000, Narrow klass shift: 3
Compressed class space size: 1073741824 Address: 0x0000000100000000

Heap:
 PSYoungGen      total 147456K, used 70450K [0x00000000f5580000, 0x0000000100000000, 0x0000000100000000)
  eden space 123392K, 41% used [0x00000000f5580000,0x00000000f873cee0,0x00000000fce00000)
  from space 24064K, 81% used [0x00000000fce00000,0x00000000fe10fa48,0x00000000fe580000)
  to   space 27136K, 0% used [0x00000000fe580000,0x00000000fe580000,0x0000000100000000)
 ParOldGen       total 318464K, used 276112K [0x00000000e0000000, 0x00000000f3700000, 0x00000000f5580000)
  object space 318464K, 86% used [0x00000000e0000000,0x00000000f0da40d0,0x00000000f3700000)
 Metaspace       used 105766K, capacity 112582K, committed 112640K, reserved 1146880K
  class space    used 13679K, capacity 15095K, committed 15104K, reserved 1048576K

Card table byte_map: [0x0000000011a60000,0x0000000011b70000] byte_map_base: 0x0000000011360000

Marking Bits: (ParMarkBitMap*) 0x0000000077f75ce0
 Begin Bits: [0x0000000011f70000, 0x0000000012770000)
 End Bits:   [0x0000000012770000, 0x0000000012f70000)

Polling page: 0x0000000000c20000

CodeCache: size=245760Kb used=74659Kb max_used=75066Kb free=171100Kb
 bounds [0x00000000026a0000, 0x0000000007050000, 0x00000000116a0000]
 total_blobs=22326 nmethods=21372 adapters=863
 compilation: enabled

Compilation events (10 events):
Event: 12285.854 Thread 0x0000000013a13000 27396       3       sun.nio.cs.UTF_8$Encoder::encodeArrayLoop (489 bytes)
Event: 12285.859 Thread 0x0000000013a13000 nmethod 27396 0x0000000006819310 code [0x0000000006819860, 0x000000000681ce48]
Event: 12285.860 Thread 0x0000000013a13000 27397 %     3       sun.nio.cs.UTF_8$Encoder::encodeArrayLoop @ 73 (489 bytes)
Event: 12285.866 Thread 0x0000000013a13000 nmethod 27397% 0x0000000006812a90 code [0x0000000006813020, 0x0000000006816a48]
Event: 12285.920 Thread 0x0000000013a13000 27400   !   2       sun.nio.cs.StreamEncoder::implClose (128 bytes)
Event: 12285.922 Thread 0x0000000013a13000 nmethod 27400 0x000000000689e350 code [0x000000000689e520, 0x000000000689e918]
Event: 12285.925 Thread 0x0000000013a0f000 nmethod 27369 0x0000000006d40e10 code [0x0000000006d41300, 0x0000000006d43fa0]
Event: 12285.926 Thread 0x0000000013a0f000 27398 %     4       sun.nio.cs.UTF_8$Encoder::encodeArrayLoop @ 73 (489 bytes)
Event: 12285.934 Thread 0x0000000013a13000 27401       2       com.android.ide.common.resources.NodeUtils::updateNamespace (161 bytes)
Event: 12285.936 Thread 0x0000000013a13000 nmethod 27401 0x00000000046f68d0 code [0x00000000046f6b00, 0x00000000046f7018]

GC Heap History (10 events):
Event: 12267.477 GC heap before
{Heap before GC invocations=98 (full 5):
 PSYoungGen      total 139776K, used 116928K [0x00000000f5580000, 0x00000000ffb80000, 0x0000000100000000)
  eden space 115712K, 100% used [0x00000000f5580000,0x00000000fc680000,0x00000000fc680000)
  from space 24064K, 5% used [0x00000000fe400000,0x00000000fe530020,0x00000000ffb80000)
  to   space 27136K, 0% used [0x00000000fc680000,0x00000000fc680000,0x00000000fe100000)
 ParOldGen       total 318464K, used 258440K [0x00000000e0000000, 0x00000000f3700000, 0x00000000f5580000)
  object space 318464K, 81% used [0x00000000e0000000,0x00000000efc62188,0x00000000f3700000)
 Metaspace       used 98007K, capacity 104792K, committed 104960K, reserved 1140736K
  class space    used 12815K, capacity 14240K, committed 14336K, reserved 1048576K
Event: 12267.486 GC heap after
Heap after GC invocations=98 (full 5):
 PSYoungGen      total 142848K, used 288K [0x00000000f5580000, 0x0000000100000000, 0x0000000100000000)
  eden space 115712K, 0% used [0x00000000f5580000,0x00000000f5580000,0x00000000fc680000)
  from space 27136K, 1% used [0x00000000fc680000,0x00000000fc6c8000,0x00000000fe100000)
  to   space 26112K, 0% used [0x00000000fe680000,0x00000000fe680000,0x0000000100000000)
 ParOldGen       total 318464K, used 259250K [0x00000000e0000000, 0x00000000f3700000, 0x00000000f5580000)
  object space 318464K, 81% used [0x00000000e0000000,0x00000000efd2cae8,0x00000000f3700000)
 Metaspace       used 98007K, capacity 104792K, committed 104960K, reserved 1140736K
  class space    used 12815K, capacity 14240K, committed 14336K, reserved 1048576K
}
Event: 12270.815 GC heap before
{Heap before GC invocations=99 (full 5):
 PSYoungGen      total 142848K, used 116000K [0x00000000f5580000, 0x0000000100000000, 0x0000000100000000)
  eden space 115712K, 100% used [0x00000000f5580000,0x00000000fc680000,0x00000000fc680000)
  from space 27136K, 1% used [0x00000000fc680000,0x00000000fc6c8000,0x00000000fe100000)
  to   space 26112K, 0% used [0x00000000fe680000,0x00000000fe680000,0x0000000100000000)
 ParOldGen       total 318464K, used 259250K [0x00000000e0000000, 0x00000000f3700000, 0x00000000f5580000)
  object space 318464K, 81% used [0x00000000e0000000,0x00000000efd2cae8,0x00000000f3700000)
 Metaspace       used 103967K, capacity 110834K, committed 110976K, reserved 1144832K
  class space    used 13519K, capacity 14949K, committed 14976K, reserved 1048576K
Event: 12270.837 GC heap after
Heap after GC invocations=99 (full 5):
 PSYoungGen      total 147456K, used 11565K [0x00000000f5580000, 0x0000000100000000, 0x0000000100000000)
  eden space 121344K, 0% used [0x00000000f5580000,0x00000000f5580000,0x00000000fcc00000)
  from space 26112K, 44% used [0x00000000fe680000,0x00000000ff1cb4b0,0x0000000100000000)
  to   space 26624K, 0% used [0x00000000fcc00000,0x00000000fcc00000,0x00000000fe600000)
 ParOldGen       total 318464K, used 259282K [0x00000000e0000000, 0x00000000f3700000, 0x00000000f5580000)
  object space 318464K, 81% used [0x00000000e0000000,0x00000000efd34ae8,0x00000000f3700000)
 Metaspace       used 103967K, capacity 110834K, committed 110976K, reserved 1144832K
  class space    used 13519K, capacity 14949K, committed 14976K, reserved 1048576K
}
Event: 12273.604 GC heap before
{Heap before GC invocations=100 (full 5):
 PSYoungGen      total 147456K, used 132909K [0x00000000f5580000, 0x0000000100000000, 0x0000000100000000)
  eden space 121344K, 100% used [0x00000000f5580000,0x00000000fcc00000,0x00000000fcc00000)
  from space 26112K, 44% used [0x00000000fe680000,0x00000000ff1cb4b0,0x0000000100000000)
  to   space 26624K, 0% used [0x00000000fcc00000,0x00000000fcc00000,0x00000000fe600000)
 ParOldGen       total 318464K, used 259282K [0x00000000e0000000, 0x00000000f3700000, 0x00000000f5580000)
  object space 318464K, 81% used [0x00000000e0000000,0x00000000efd34ae8,0x00000000f3700000)
 Metaspace       used 104706K, capacity 111494K, committed 111872K, reserved 1146880K
  class space    used 13590K, capacity 15021K, committed 15104K, reserved 1048576K
Event: 12273.672 GC heap after
Heap after GC invocations=100 (full 5):
 PSYoungGen      total 131072K, used 9724K [0x00000000f5580000, 0x00000000ffe80000, 0x0000000100000000)
  eden space 121344K, 0% used [0x00000000f5580000,0x00000000f5580000,0x00000000fcc00000)
  from space 9728K, 99% used [0x00000000fcc00000,0x00000000fd57f308,0x00000000fd580000)
  to   space 25600K, 0% used [0x00000000fe580000,0x00000000fe580000,0x00000000ffe80000)
 ParOldGen       total 318464K, used 265733K [0x00000000e0000000, 0x00000000f3700000, 0x00000000f5580000)
  object space 318464K, 83% used [0x00000000e0000000,0x00000000f03815d8,0x00000000f3700000)
 Metaspace       used 104706K, capacity 111494K, committed 111872K, reserved 1146880K
  class space    used 13590K, capacity 15021K, committed 15104K, reserved 1048576K
}
Event: 12276.439 GC heap before
{Heap before GC invocations=101 (full 5):
 PSYoungGen      total 131072K, used 131068K [0x00000000f5580000, 0x00000000ffe80000, 0x0000000100000000)
  eden space 121344K, 100% used [0x00000000f5580000,0x00000000fcc00000,0x00000000fcc00000)
  from space 9728K, 99% used [0x00000000fcc00000,0x00000000fd57f308,0x00000000fd580000)
  to   space 25600K, 0% used [0x00000000fe580000,0x00000000fe580000,0x00000000ffe80000)
 ParOldGen       total 318464K, used 265733K [0x00000000e0000000, 0x00000000f3700000, 0x00000000f5580000)
  object space 318464K, 83% used [0x00000000e0000000,0x00000000f03815d8,0x00000000f3700000)
 Metaspace       used 104713K, capacity 111564K, committed 111872K, reserved 1146880K
  class space    used 13591K, capacity 15022K, committed 15104K, reserved 1048576K
Event: 12276.467 GC heap after
Heap after GC invocations=101 (full 5):
 PSYoungGen      total 148992K, used 4368K [0x00000000f5580000, 0x0000000100000000, 0x0000000100000000)
  eden space 123392K, 0% used [0x00000000f5580000,0x00000000f5580000,0x00000000fce00000)
  from space 25600K, 17% used [0x00000000fe580000,0x00000000fe9c4010,0x00000000ffe80000)
  to   space 24064K, 0% used [0x00000000fce00000,0x00000000fce00000,0x00000000fe580000)
 ParOldGen       total 318464K, used 273245K [0x00000000e0000000, 0x00000000f3700000, 0x00000000f5580000)
  object space 318464K, 85% used [0x00000000e0000000,0x00000000f0ad7650,0x00000000f3700000)
 Metaspace       used 104713K, capacity 111564K, committed 111872K, reserved 1146880K
  class space    used 13591K, capacity 15022K, committed 15104K, reserved 1048576K
}
Event: 12283.549 GC heap before
{Heap before GC invocations=102 (full 5):
 PSYoungGen      total 148992K, used 127760K [0x00000000f5580000, 0x0000000100000000, 0x0000000100000000)
  eden space 123392K, 100% used [0x00000000f5580000,0x00000000fce00000,0x00000000fce00000)
  from space 25600K, 17% used [0x00000000fe580000,0x00000000fe9c4010,0x00000000ffe80000)
  to   space 24064K, 0% used [0x00000000fce00000,0x00000000fce00000,0x00000000fe580000)
 ParOldGen       total 318464K, used 273245K [0x00000000e0000000, 0x00000000f3700000, 0x00000000f5580000)
  object space 318464K, 85% used [0x00000000e0000000,0x00000000f0ad7650,0x00000000f3700000)
 Metaspace       used 105575K, capacity 112450K, committed 112640K, reserved 1146880K
  class space    used 13665K, capacity 15095K, committed 15104K, reserved 1048576K
Event: 12283.590 GC heap after
Heap after GC invocations=102 (full 5):
 PSYoungGen      total 147456K, used 19518K [0x00000000f5580000, 0x0000000100000000, 0x0000000100000000)
  eden space 123392K, 0% used [0x00000000f5580000,0x00000000f5580000,0x00000000fce00000)
  from space 24064K, 81% used [0x00000000fce00000,0x00000000fe10fa48,0x00000000fe580000)
  to   space 27136K, 0% used [0x00000000fe580000,0x00000000fe580000,0x0000000100000000)
 ParOldGen       total 318464K, used 276112K [0x00000000e0000000, 0x00000000f3700000, 0x00000000f5580000)
  object space 318464K, 86% used [0x00000000e0000000,0x00000000f0da40d0,0x00000000f3700000)
 Metaspace       used 105575K, capacity 112450K, committed 112640K, reserved 1146880K
  class space    used 13665K, capacity 15095K, committed 15104K, reserved 1048576K
}

Deoptimization events (10 events):
Event: 12285.748 Thread 0x0000000020ec7800 Uncommon trap: reason=bimorphic action=maybe_recompile pc=0x000000000700cdb0 method=com.sun.org.apache.xerces.internal.dom.AttributeMap.setNamedItem(Lorg/w3c/dom/Node;)Lorg/w3c/dom/Node; @ 4
Event: 12285.753 Thread 0x0000000020ec7800 Uncommon trap: reason=bimorphic action=maybe_recompile pc=0x000000000700cdb0 method=com.sun.org.apache.xerces.internal.dom.AttributeMap.setNamedItem(Lorg/w3c/dom/Node;)Lorg/w3c/dom/Node; @ 4
Event: 12285.800 Thread 0x0000000020ec7800 Uncommon trap: reason=null_check action=make_not_entrant pc=0x00000000067d85b8 method=com.sun.org.apache.xerces.internal.dom.CoreDocumentImpl.getUserData(Lorg/w3c/dom/Node;Ljava/lang/String;)Ljava/lang/Object; @ 19
Event: 12285.800 Thread 0x0000000020ec7800 Uncommon trap: reason=null_check action=make_not_entrant pc=0x000000000694f958 method=com.sun.org.apache.xerces.internal.dom.CoreDocumentImpl.getUserData(Lorg/w3c/dom/Node;Ljava/lang/String;)Ljava/lang/Object; @ 19
Event: 12285.849 Thread 0x0000000020ec7800 Uncommon trap: reason=unstable_if action=reinterpret pc=0x000000000489b5b0 method=sun.nio.cs.UTF_8$Encoder.encodeArrayLoop(Ljava/nio/CharBuffer;Ljava/nio/ByteBuffer;)Ljava/nio/charset/CoderResult; @ 87
Event: 12285.855 Thread 0x0000000020ec7800 Uncommon trap: reason=unstable_if action=reinterpret pc=0x000000000454cec4 method=sun.nio.cs.UTF_8$Encoder.encodeArrayLoop(Ljava/nio/CharBuffer;Ljava/nio/ByteBuffer;)Ljava/nio/charset/CoderResult; @ 87
Event: 12285.904 Thread 0x0000000020ec7800 Uncommon trap: reason=null_check action=make_not_entrant pc=0x0000000004682ba8 method=com.android.ide.common.resources.NodeUtils.processSingleNodeNamespace(Lorg/w3c/dom/Node;Lorg/w3c/dom/Document;)Z @ 8
Event: 12285.905 Thread 0x0000000020ec7800 Uncommon trap: reason=bimorphic action=maybe_recompile pc=0x000000000700cdb0 method=com.sun.org.apache.xerces.internal.dom.AttributeMap.setNamedItem(Lorg/w3c/dom/Node;)Lorg/w3c/dom/Node; @ 4
Event: 12285.909 Thread 0x0000000020ec7800 Uncommon trap: reason=bimorphic action=maybe_recompile pc=0x000000000700cdb0 method=com.sun.org.apache.xerces.internal.dom.AttributeMap.setNamedItem(Lorg/w3c/dom/Node;)Lorg/w3c/dom/Node; @ 4
Event: 12285.928 Thread 0x0000000020ec7800 Uncommon trap: reason=null_check action=make_not_entrant pc=0x0000000006d438fc method=com.android.ide.common.resources.NodeUtils.processSingleNodeNamespace(Lorg/w3c/dom/Node;Lorg/w3c/dom/Document;)Z @ 8

Classes redefined (0 events):
No events

Internal exceptions (10 events):
Event: 12278.289 Thread 0x0000000020ec6000 Exception <a 'java/lang/NoSuchMethodError': <clinit>> (0x00000000f6bd9128) thrown at [C:\re\workspace\8-2-build-windows-amd64-cygwin\jdk8u221\13320\hotspot\src\share\vm\prims\jni.cpp, line 1614]
Event: 12278.304 Thread 0x000000001774e800 Exception <a 'sun/nio/fs/WindowsException'> (0x00000000f6cb8938) thrown at [C:\re\workspace\8-2-build-windows-amd64-cygwin\jdk8u221\13320\hotspot\src\share\vm\prims\jni.cpp, line 710]
Event: 12278.306 Thread 0x000000001774e800 Exception <a 'sun/nio/fs/WindowsException'> (0x00000000f6cc1c90) thrown at [C:\re\workspace\8-2-build-windows-amd64-cygwin\jdk8u221\13320\hotspot\src\share\vm\prims\jni.cpp, line 710]
Event: 12280.058 Thread 0x0000000020ec7800 Implicit null exception at 0x0000000005a26a1e to 0x0000000005a26ba1
Event: 12280.482 Thread 0x0000000020ec7800 Implicit null exception at 0x0000000006e8e2dc to 0x0000000006e8f0b1
Event: 12281.731 Thread 0x0000000020ec7800 Implicit null exception at 0x0000000006edbd6a to 0x0000000006edc3b1
Event: 12281.754 Thread 0x0000000020ec7800 Implicit null exception at 0x0000000006ee5cda to 0x0000000006ee6415
Event: 12285.005 Thread 0x0000000020ec7800 Implicit null exception at 0x0000000006e93955 to 0x0000000006e940bf
Event: 12285.904 Thread 0x0000000020ec7800 Implicit null exception at 0x0000000004682817 to 0x0000000004682b99
Event: 12285.928 Thread 0x0000000020ec7800 Implicit null exception at 0x0000000006d415e3 to 0x0000000006d438c5

Events (10 events):
Event: 12285.904 Thread 0x0000000020ec7800 DEOPT UNPACKING pc=0x00000000026e583b sp=0x00000000714cb1d0 mode 2
Event: 12285.905 Thread 0x0000000020ec7800 Uncommon trap: trap_request=0xffffffc6 fr.pc=0x000000000700cdb0
Event: 12285.905 Thread 0x0000000020ec7800 DEOPT PACKING pc=0x000000000700cdb0 sp=0x00000000714cb0d0
Event: 12285.905 Thread 0x0000000020ec7800 DEOPT UNPACKING pc=0x00000000026e583b sp=0x00000000714cb0b8 mode 2
Event: 12285.909 Thread 0x0000000020ec7800 Uncommon trap: trap_request=0xffffffc6 fr.pc=0x000000000700cdb0
Event: 12285.909 Thread 0x0000000020ec7800 DEOPT PACKING pc=0x000000000700cdb0 sp=0x00000000714cb0d0
Event: 12285.909 Thread 0x0000000020ec7800 DEOPT UNPACKING pc=0x00000000026e583b sp=0x00000000714cb0b8 mode 2
Event: 12285.928 Thread 0x0000000020ec7800 Uncommon trap: trap_request=0xfffffff4 fr.pc=0x0000000006d438fc
Event: 12285.928 Thread 0x0000000020ec7800 DEOPT PACKING pc=0x0000000006d438fc sp=0x00000000714cb270
Event: 12285.928 Thread 0x0000000020ec7800 DEOPT UNPACKING pc=0x00000000026e583b sp=0x00000000714cb1d8 mode 2


Dynamic libraries:
0x00007ff7c7a30000 - 0x00007ff7c7a67000 	C:\Program Files\Java\jdk1.8.0_221\bin\java.exe
0x00007ffa49fb0000 - 0x00007ffa4a171000 	C:\WINDOWS\SYSTEM32\ntdll.dll
0x00007ffa48cb0000 - 0x00007ffa48d5d000 	C:\WINDOWS\system32\KERNEL32.DLL
0x00007ffa46990000 - 0x00007ffa46b78000 	C:\WINDOWS\system32\KERNELBASE.dll
0x00007ffa48af0000 - 0x00007ffa48b97000 	C:\WINDOWS\system32\ADVAPI32.dll
0x00007ffa48a50000 - 0x00007ffa48aed000 	C:\WINDOWS\system32\msvcrt.dll
0x00007ffa49790000 - 0x00007ffa497eb000 	C:\WINDOWS\system32\sechost.dll
0x00007ffa49e90000 - 0x00007ffa49fad000 	C:\WINDOWS\system32\RPCRT4.dll
0x00007ffa49630000 - 0x00007ffa49786000 	C:\WINDOWS\system32\USER32.dll
0x00007ffa49c30000 - 0x00007ffa49db7000 	C:\WINDOWS\system32\GDI32.dll
0x00007ffa38b90000 - 0x00007ffa38e04000 	C:\WINDOWS\WinSxS\amd64_microsoft.windows.common-controls_6595b64144ccf1df_6.0.10586.839_none_a2ddba30a539a2ae\COMCTL32.dll
0x00007ffa499a0000 - 0x00007ffa49c1e000 	C:\WINDOWS\system32\combase.dll
0x00007ffa46920000 - 0x00007ffa4698a000 	C:\WINDOWS\system32\bcryptPrimitives.dll
0x00007ffa47480000 - 0x00007ffa474bb000 	C:\WINDOWS\system32\IMM32.DLL
0x00000000507f0000 - 0x00000000508c2000 	C:\Program Files\Java\jdk1.8.0_221\jre\bin\msvcr100.dll
0x0000000077750000 - 0x0000000077ff5000 	C:\Program Files\Java\jdk1.8.0_221\jre\bin\server\jvm.dll
0x00007ffa491f0000 - 0x00007ffa491f8000 	C:\WINDOWS\system32\PSAPI.DLL
0x00007ffa435b0000 - 0x00007ffa435b9000 	C:\WINDOWS\SYSTEM32\WSOCK32.dll
0x00007ffa49360000 - 0x00007ffa493cb000 	C:\WINDOWS\system32\WS2_32.dll
0x00007ffa44cb0000 - 0x00007ffa44cd3000 	C:\WINDOWS\SYSTEM32\WINMM.dll
0x00007ffa3b260000 - 0x00007ffa3b26a000 	C:\WINDOWS\SYSTEM32\VERSION.dll
0x0000000000710000 - 0x000000000073c000 	C:\WINDOWS\SYSTEM32\WINMMBASE.dll
0x00007ffa47360000 - 0x00007ffa473a3000 	C:\WINDOWS\system32\cfgmgr32.dll
0x00007ffa3a410000 - 0x00007ffa3a41f000 	C:\Program Files\Java\jdk1.8.0_221\jre\bin\verify.dll
0x00007ffa38110000 - 0x00007ffa38139000 	C:\Program Files\Java\jdk1.8.0_221\jre\bin\java.dll
0x00007ffa380f0000 - 0x00007ffa38106000 	C:\Program Files\Java\jdk1.8.0_221\jre\bin\zip.dll
0x00007ffa474d0000 - 0x00007ffa48a2c000 	C:\WINDOWS\system32\SHELL32.dll
0x00007ffa46c40000 - 0x00007ffa47285000 	C:\WINDOWS\system32\windows.storage.dll
0x00007ffa49dc0000 - 0x00007ffa49e12000 	C:\WINDOWS\system32\shlwapi.dll
0x00007ffa46630000 - 0x00007ffa4663f000 	C:\WINDOWS\system32\kernel.appcore.dll
0x00007ffa46b80000 - 0x00007ffa46c35000 	C:\WINDOWS\system32\shcore.dll
0x00007ffa465d0000 - 0x00007ffa4661b000 	C:\WINDOWS\system32\powrprof.dll
0x00007ffa46640000 - 0x00007ffa46654000 	C:\WINDOWS\system32\profapi.dll
0x00007ffa37fe0000 - 0x00007ffa37ffa000 	C:\Program Files\Java\jdk1.8.0_221\jre\bin\net.dll
0x00007ffa35650000 - 0x00007ffa35807000 	C:\WINDOWS\SYSTEM32\urlmon.dll
0x00007ffa3b390000 - 0x00007ffa3b71a000 	C:\WINDOWS\SYSTEM32\iertutil.dll
0x00007ffa45f00000 - 0x00007ffa45f5c000 	C:\WINDOWS\system32\mswsock.dll
0x00007ffa37fc0000 - 0x00007ffa37fd2000 	C:\Program Files\Java\jdk1.8.0_221\jre\bin\nio.dll
0x00007ffa37f40000 - 0x00007ffa37f66000 	C:\Users\hunza rafiq\.gradle\native\30\windows-amd64\native-platform.dll
0x00007ffa389e0000 - 0x00007ffa389ed000 	C:\Program Files\Java\jdk1.8.0_221\jre\bin\management.dll
0x00007ffa45fb0000 - 0x00007ffa45fc7000 	C:\WINDOWS\SYSTEM32\CRYPTSP.dll
0x00007ffa45c40000 - 0x00007ffa45c74000 	C:\WINDOWS\system32\rsaenh.dll
0x00007ffa46500000 - 0x00007ffa46529000 	C:\WINDOWS\SYSTEM32\bcrypt.dll
0x00007ffa45d90000 - 0x00007ffa45daf000 	C:\WINDOWS\SYSTEM32\USERENV.dll
0x00007ffa460d0000 - 0x00007ffa460db000 	C:\WINDOWS\SYSTEM32\CRYPTBASE.dll
0x00007ffa3e910000 - 0x00007ffa3e948000 	C:\WINDOWS\SYSTEM32\IPHLPAPI.DLL
0x00007ffa474c0000 - 0x00007ffa474c8000 	C:\WINDOWS\system32\NSI.dll
0x00007ffa3d940000 - 0x00007ffa3d956000 	C:\WINDOWS\SYSTEM32\dhcpcsvc6.DLL
0x00007ffa3da20000 - 0x00007ffa3da3a000 	C:\WINDOWS\SYSTEM32\dhcpcsvc.DLL
0x00007ffa37e80000 - 0x00007ffa37ea4000 	C:\Program Files\Java\jdk1.8.0_221\jre\bin\sunec.dll
0x00007ffa45010000 - 0x00007ffa450ba000 	C:\WINDOWS\SYSTEM32\DNSAPI.dll
0x00007ffa36600000 - 0x00007ffa3660a000 	C:\Windows\System32\rasadhlp.dll
0x00007ffa3dea0000 - 0x00007ffa3df07000 	C:\WINDOWS\System32\fwpuclnt.dll
0x00007ffa37e70000 - 0x00007ffa37e7b000 	C:\Program Files\Java\jdk1.8.0_221\jre\bin\sunmscapi.dll
0x00007ffa466c0000 - 0x00007ffa46888000 	C:\WINDOWS\system32\CRYPT32.dll
0x00007ffa46620000 - 0x00007ffa46630000 	C:\WINDOWS\system32\MSASN1.dll
0x00007ffa300c0000 - 0x00007ffa30259000 	C:\Program Files\Java\jdk1.8.0_221\jre\bin\awt.dll
0x00007ffa473b0000 - 0x00007ffa47476000 	C:\WINDOWS\system32\OLEAUT32.dll
0x00007ffa44e80000 - 0x00007ffa44ef9000 	C:\WINDOWS\system32\apphelp.dll
0x00007ffa450c0000 - 0x00007ffa45156000 	C:\WINDOWS\system32\uxtheme.dll
0x00007ffa49200000 - 0x00007ffa4935a000 	C:\WINDOWS\system32\MSCTF.dll
0x00007ffa32f10000 - 0x00007ffa32fb3000 	C:\Program Files\Common Files\microsoft shared\ink\tiptsf.dll
0x00007ffa44080000 - 0x00007ffa440a2000 	C:\WINDOWS\system32\dwmapi.dll
0x00007ffa494e0000 - 0x00007ffa49623000 	C:\WINDOWS\system32\ole32.dll

VM Arguments:
jvm_args: -XX:MaxMetaspaceSize=256m -XX:+HeapDumpOnOutOfMemoryError -Xms256m -Xmx512m -Dfile.encoding=windows-1252 -Duser.country=US -Duser.language=en -Duser.variant 
java_command: org.gradle.launcher.daemon.bootstrap.GradleDaemon 6.0.1
java_class_path (initial): C:\Users\hunza rafiq\.gradle\wrapper\dists\gradle-6.0.1-all\99d3u8wxs16ndehh90lbbir67\gradle-6.0.1\lib\gradle-launcher-6.0.1.jar
Launcher Type: SUN_STANDARD

Environment Variables:
JAVA_HOME=C:\Program Files\Java\jdk1.8.0_221
CLASSPATH=E:\react-native\PracticeApp\android\\gradle\wrapper\gradle-wrapper.jar
PATH=E:\react-native\PracticeApp\android\node_modules\.bin;E:\react-native\PracticeApp\node_modules\.bin;E:\react-native\node_modules\.bin;E:\node_modules\.bin;C:\Program Files\nodejs;C:\Python27\;C:\Python27\Scripts;C:\Program Files (x86)\Intel\iCLS Client\C:\Users\hunza rafiq\Desktop\openssl;C:\Program Files\Intel\iCLS Client\;C:\WINDOWS\system32;C:\WINDOWS;C:\WINDOWS\System32\Wbem;C:\WINDOWS\System32\WindowsPowerShell\v1.0\;C:\Program Files (x86)\Intel\Intel(R) Management Engine Components\DAL;C:\Program Files\Intel\Intel(R) Management Engine Components\DAL;C:\Program Files (x86)\Intel\Intel(R) Management Engine Components\IPT;C:\Program Files\Intel\Intel(R) Management Engine Components\IPT;C:\Program Files\Git\cmd;c:\OpenSSL\;e:\100\Tools\Binn\;e:\100\DTS\Binn\;e:\100\Tools\Binn\VSShell\Common7\IDE\;C:\ProgramData\chocolatey\bin;C:\Program Files\nodejs\;E:\android\platform-tools;C:\Program Files\Java\jdk1.8.0_221;C:\Program Files\Microsoft VS Code\bin;C:\Program Files\Microsoft VS Code\bin;C:\Program Files\heroku\bin;C:\Users\hunza rafiq\Desktop\openssl;C:\Users\hunza rafiq\AppData\Roaming\npm;E:\android\platform-tools
USERNAME=hunza rafiq
OS=Windows_NT
PROCESSOR_IDENTIFIER=Intel64 Family 6 Model 61 Stepping 4, GenuineIntel



---------------  S Y S T E M  ---------------

OS: Windows 10.0 , 64 bit Build 10586 (10.0.10586.589)

CPU:total 4 (initial active 4) (2 cores per cpu, 2 threads per core) family 6 model 61 stepping 4, cmov, cx8, fxsr, mmx, sse, sse2, sse3, ssse3, sse4.1, sse4.2, popcnt, avx, avx2, aes, clmul, erms, 3dnowpref, lzcnt, ht, tsc, tscinvbit, bmi1, bmi2, adx

Memory: 4k page, physical 4107804k(412988k free), swap 4669412k(3952k free)

vm_info: Java HotSpot(TM) 64-Bit Server VM (25.221-b11) for windows-amd64 JRE (1.8.0_221-b11), built on Jul  4 2019 04:39:29 by "java_re" with MS VC++ 10.0 (VS2010)

time: Sun Jun 14 17:19:46 2020
timezone: Pakistan Standard Time
elapsed time: 12285 seconds (0d 3h 24m 45s)

