#
# There is insufficient memory for the Java Runtime Environment to continue.
# Native memory allocation (malloc) failed to allocate 318816 bytes for Chunk::new
# Possible reasons:
#   The system is out of physical RAM or swap space
#   The process is running with CompressedOops enabled, and the Java Heap may be blocking the growth of the native heap
# Possible solutions:
#   Reduce memory load on the system
#   Increase physical memory or swap space
#   Check if swap backing store is full
#   Decrease Java heap size (-Xmx/-Xms)
#   Decrease number of Java threads
#   Decrease Java thread stack sizes (-Xss)
#   Set larger code cache with -XX:ReservedCodeCacheSize=
#   JVM is running with Unscaled Compressed Oops mode in which the Java heap is
#     placed in the first 4GB address space. The Java Heap base address is the
#     maximum limit for the native heap growth. Please use -XX:HeapBaseMinAddress
#     to set the Java Heap base and to place the Java Heap above 4GB virtual address.
# This output file may be truncated or incomplete.
#
#  Out of Memory Error (allocation.cpp:389), pid=7292, tid=0x0000000000001558
#
# JRE version: Java(TM) SE Runtime Environment (8.0_221-b11) (build 1.8.0_221-b11)
# Java VM: Java HotSpot(TM) 64-Bit Server VM (25.221-b11 mixed mode windows-amd64 compressed oops)
# Failed to write core dump. Minidumps are not enabled by default on client versions of Windows
#

---------------  T H R E A D  ---------------

Current thread (0x0000000013856000):  JavaThread "C2 CompilerThread1" daemon [_thread_in_native, id=5464, stack(0x0000000014fb0000,0x00000000150b0000)]

Stack: [0x0000000014fb0000,0x00000000150b0000]
[error occurred during error reporting (printing stack bounds), id 0xc0000005]

Native frames: (J=compiled Java code, j=interpreted, Vv=VM code, C=native code)


Current CompileTask:
C2:  54707 13176       4       com.android.tools.r8.graph.y::a (58 bytes)


---------------  P R O C E S S  ---------------

Java Threads: ( => current thread )
  0x0000000017a39000 JavaThread "WorkerExecutor Queue" [_thread_in_native, id=7044, stack(0x0000000021e50000,0x0000000021f50000)]
  0x0000000017a3a000 JavaThread "Cache worker for execution history cache (E:\react-native\PracticeApp\android\.gradle\6.0.1\executionHistory)" [_thread_blocked, id=7696, stack(0x0000000021b50000,0x0000000021c50000)]
  0x0000000017a37800 JavaThread "Execution worker for ':' Thread 3" [_thread_in_Java, id=1644, stack(0x0000000021a50000,0x0000000021b50000)]
  0x0000000017a30000 JavaThread "Execution worker for ':' Thread 2" [_thread_in_Java, id=4816, stack(0x0000000021950000,0x0000000021a50000)]
  0x0000000017a37000 JavaThread "Execution worker for ':'" [_thread_in_native, id=3780, stack(0x0000000021850000,0x0000000021950000)]
  0x0000000017a2f800 JavaThread "Cache worker for file content cache (E:\react-native\PracticeApp\android\.gradle\6.0.1\fileContent)" [_thread_blocked, id=4984, stack(0x0000000021550000,0x0000000021650000)]
  0x0000000017a33000 JavaThread "Cache worker for file content cache (C:\Users\hunza rafiq\.gradle\caches\6.0.1\fileContent)" [_thread_blocked, id=5544, stack(0x0000000021450000,0x0000000021550000)]
  0x0000000017a35800 JavaThread "Memory manager" [_thread_blocked, id=7684, stack(0x000000001ebe0000,0x000000001ece0000)]
  0x0000000017a32800 JavaThread "Cache worker for Build Output Cleanup Cache (E:\react-native\PracticeApp\android\.gradle\buildOutputCleanup)" [_thread_blocked, id=8428, stack(0x000000001e8d0000,0x000000001e9d0000)]
  0x0000000017a2c800 JavaThread "pool-1-thread-1" [_thread_blocked, id=5620, stack(0x000000001e530000,0x000000001e630000)]
  0x0000000017a2e800 JavaThread "Build operations Thread 4" [_thread_blocked, id=6560, stack(0x000000001e030000,0x000000001e130000)]
  0x0000000017a2e000 JavaThread "Build operations Thread 3" [_thread_blocked, id=6312, stack(0x000000001dc70000,0x000000001dd70000)]
  0x0000000017a2d000 JavaThread "Build operations Thread 2" [_thread_blocked, id=3488, stack(0x000000001db70000,0x000000001dc70000)]
  0x0000000017691000 JavaThread "Build operations" [_thread_blocked, id=2140, stack(0x000000001da70000,0x000000001db70000)]
  0x000000001768c000 JavaThread "Cache worker for execution history cache (C:\Users\hunza rafiq\.gradle\caches\6.0.1\executionHistory)" [_thread_blocked, id=7580, stack(0x000000001d970000,0x000000001da70000)]
  0x000000001768b000 JavaThread "Cache worker for cache directory md-rule (C:\Users\hunza rafiq\.gradle\caches\6.0.1\md-rule)" [_thread_blocked, id=7392, stack(0x000000001d870000,0x000000001d970000)]
  0x000000001768d800 JavaThread "Cache worker for cache directory md-supplier (C:\Users\hunza rafiq\.gradle\caches\6.0.1\md-supplier)" [_thread_blocked, id=4124, stack(0x000000001c310000,0x000000001c410000)]
  0x0000000017690800 JavaThread "Cache worker for file hash cache (E:\react-native\PracticeApp\android\.gradle\6.0.1\fileHashes)" [_thread_blocked, id=6536, stack(0x000000001ba10000,0x000000001bb10000)]
  0x000000001768f800 JavaThread "Cache worker for journal cache (C:\Users\hunza rafiq\.gradle\caches\journal-1)" [_thread_blocked, id=5912, stack(0x0000000019470000,0x0000000019570000)]
  0x0000000017692000 JavaThread "File lock request listener" [_thread_in_native, id=4236, stack(0x0000000019370000,0x0000000019470000)]
  0x000000001768e000 JavaThread "Cache worker for file hash cache (C:\Users\hunza rafiq\.gradle\caches\6.0.1\fileHashes)" [_thread_blocked, id=6932, stack(0x0000000019270000,0x0000000019370000)]
  0x000000001755c000 JavaThread "Thread-9" [_thread_blocked, id=4684, stack(0x0000000019170000,0x0000000019270000)]
  0x0000000017559000 JavaThread "Stdin handler" [_thread_blocked, id=4472, stack(0x0000000019070000,0x0000000019170000)]
  0x0000000017542000 JavaThread "Asynchronous log dispatcher for DefaultDaemonConnection: socket connection from /127.0.0.1:54572 to /127.0.0.1:54573" [_thread_blocked, id=7752, stack(0x0000000018f70000,0x0000000019070000)]
  0x000000001753b000 JavaThread "Daemon worker" [_thread_blocked, id=3636, stack(0x0000000018c70000,0x0000000018d70000)]
  0x000000001753a800 JavaThread "Cancel handler" [_thread_blocked, id=4764, stack(0x0000000018b70000,0x0000000018c70000)]
  0x0000000017542800 JavaThread "Handler for socket connection from /127.0.0.1:54572 to /127.0.0.1:54573" [_thread_in_native, id=624, stack(0x0000000018a70000,0x0000000018b70000)]
  0x0000000017535000 JavaThread "Daemon" [_thread_blocked, id=7688, stack(0x0000000018970000,0x0000000018a70000)]
  0x000000001741d000 JavaThread "Daemon periodic checks" [_thread_blocked, id=1384, stack(0x0000000018870000,0x0000000018970000)]
  0x00000000162f5800 JavaThread "Incoming local TCP Connector on port 54572" [_thread_in_native, id=3892, stack(0x0000000018690000,0x0000000018790000)]
  0x0000000016cc6000 JavaThread "Daemon health stats" [_thread_blocked, id=6040, stack(0x0000000018050000,0x0000000018150000)]
  0x00000000151da800 JavaThread "Service Thread" daemon [_thread_blocked, id=1508, stack(0x00000000155b0000,0x00000000156b0000)]
  0x000000001385d000 JavaThread "C1 CompilerThread2" daemon [_thread_in_native, id=6828, stack(0x00000000150b0000,0x00000000151b0000)]
=>0x0000000013856000 JavaThread "C2 CompilerThread1" daemon [_thread_in_native, id=5464, stack(0x0000000014fb0000,0x00000000150b0000)]
  0x000000001384f800 JavaThread "C2 CompilerThread0" daemon [_thread_in_native, id=4796, stack(0x0000000014eb0000,0x0000000014fb0000)]
  0x000000001384d800 JavaThread "Attach Listener" daemon [_thread_blocked, id=6004, stack(0x0000000014db0000,0x0000000014eb0000)]
  0x00000000024de000 JavaThread "Signal Dispatcher" daemon [_thread_blocked, id=8768, stack(0x0000000014cb0000,0x0000000014db0000)]
  0x0000000013839800 JavaThread "Finalizer" daemon [_thread_blocked, id=9044, stack(0x0000000014ad0000,0x0000000014bd0000)]
  0x00000000024d1800 JavaThread "Reference Handler" daemon [_thread_blocked, id=7824, stack(0x00000000149d0000,0x0000000014ad0000)]
  0x00000000023e2800 JavaThread "main" [_thread_blocked, id=7672, stack(0x0000000002110000,0x0000000002210000)]

Other Threads:
  0x0000000013817800 VMThread [stack: 0x00000000148d0000,0x00000000149d0000] [id=7252]
  0x0000000015203800 WatcherThread [stack: 0x00000000156b0000,0x00000000157b0000] [id=2196]

VM state:not at safepoint (normal execution)

VM Mutex/Monitor currently owned by a thread: None

heap address: 0x00000000e0000000, size: 512 MB, Compressed Oops mode: 32-bit
Narrow klass base: 0x0000000000000000, Narrow klass shift: 3
Compressed class space size: 1073741824 Address: 0x0000000100000000

Heap:
 PSYoungGen      total 133632K, used 83369K [0x00000000f5580000, 0x0000000100000000, 0x0000000100000000)
  eden space 108032K, 53% used [0x00000000f5580000,0x00000000f8ded7b8,0x00000000fbf00000)
  from space 25600K, 99% used [0x00000000fe500000,0x00000000ffdfcfe8,0x00000000ffe00000)
  to   space 33280K, 0% used [0x00000000fbf00000,0x00000000fbf00000,0x00000000fdf80000)
 ParOldGen       total 175104K, used 107147K [0x00000000e0000000, 0x00000000eab00000, 0x00000000f5580000)
  object space 175104K, 61% used [0x00000000e0000000,0x00000000e68a2c90,0x00000000eab00000)
 Metaspace       used 76820K, capacity 81916K, committed 82176K, reserved 1120256K
  class space    used 10799K, capacity 11988K, committed 12032K, reserved 1048576K

Card table byte_map: [0x00000000118a0000,0x00000000119b0000] byte_map_base: 0x00000000111a0000

Marking Bits: (ParMarkBitMap*) 0x0000000077f75ce0
 Begin Bits: [0x0000000011db0000, 0x00000000125b0000)
 End Bits:   [0x00000000125b0000, 0x0000000012db0000)

Polling page: 0x00000000008d0000

CodeCache: size=245760Kb used=35532Kb max_used=35532Kb free=210227Kb
 bounds [0x00000000024e0000, 0x00000000047c0000, 0x00000000114e0000]
 total_blobs=12056 nmethods=11226 adapters=740
 compilation: enabled

Compilation events (10 events):
Event: 54.596 Thread 0x000000001385d000 nmethod 13208 0x00000000047b2f90 code [0x00000000047b3140, 0x00000000047b3618]
Event: 54.596 Thread 0x000000001385d000 13206       3       com.android.tools.r8.n.a.a.a.g.j::equals (54 bytes)
Event: 54.598 Thread 0x000000001385d000 nmethod 13206 0x00000000047b3910 code [0x00000000047b3ae0, 0x00000000047b4308]
Event: 54.598 Thread 0x000000001385d000 13217       3       java.util.PriorityQueue::siftDown (23 bytes)
Event: 54.598 Thread 0x000000001385d000 nmethod 13217 0x00000000047b4490 code [0x00000000047b4600, 0x00000000047b4818]
Event: 54.599 Thread 0x000000001385d000 13213       1       com.android.tools.r8.ir.code.InvokeMethod::t0 (2 bytes)
Event: 54.599 Thread 0x000000001385d000 nmethod 13213 0x00000000047b48d0 code [0x00000000047b4a20, 0x00000000047b4b30]
Event: 54.599 Thread 0x000000001385d000 13209       1       com.android.tools.r8.t.a.a.G.m::d (3 bytes)
Event: 54.599 Thread 0x000000001385d000 nmethod 13209 0x00000000047b4b90 code [0x00000000047b4ce0, 0x00000000047b4df0]
Event: 54.603 Thread 0x000000001385d000 13218       3       com.android.tools.r8.ir.regalloc.LinearScanRegisterAllocator::a (3743 bytes)

GC Heap History (10 events):
Event: 38.778 GC heap before
{Heap before GC invocations=15 (full 3):
 PSYoungGen      total 141312K, used 141004K [0x00000000f5580000, 0x0000000100000000, 0x0000000100000000)
  eden space 123392K, 100% used [0x00000000f5580000,0x00000000fce00000,0x00000000fce00000)
  from space 17920K, 98% used [0x00000000fce00000,0x00000000fdf33178,0x00000000fdf80000)
  to   space 26112K, 0% used [0x00000000fe680000,0x00000000fe680000,0x0000000100000000)
 ParOldGen       total 175104K, used 49790K [0x00000000e0000000, 0x00000000eab00000, 0x00000000f5580000)
  object space 175104K, 28% used [0x00000000e0000000,0x00000000e309fbd0,0x00000000eab00000)
 Metaspace       used 66931K, capacity 70902K, committed 71168K, reserved 1110016K
  class space    used 9356K, capacity 10405K, committed 10496K, reserved 1048576K
Event: 38.904 GC heap after
Heap after GC invocations=15 (full 3):
 PSYoungGen      total 147456K, used 19060K [0x00000000f5580000, 0x0000000100000000, 0x0000000100000000)
  eden space 121344K, 0% used [0x00000000f5580000,0x00000000f5580000,0x00000000fcc00000)
  from space 26112K, 72% used [0x00000000fe680000,0x00000000ff91d058,0x0000000100000000)
  to   space 26624K, 0% used [0x00000000fcc00000,0x00000000fcc00000,0x00000000fe600000)
 ParOldGen       total 175104K, used 64932K [0x00000000e0000000, 0x00000000eab00000, 0x00000000f5580000)
  object space 175104K, 37% used [0x00000000e0000000,0x00000000e3f690a0,0x00000000eab00000)
 Metaspace       used 66931K, capacity 70902K, committed 71168K, reserved 1110016K
  class space    used 9356K, capacity 10405K, committed 10496K, reserved 1048576K
}
Event: 42.658 GC heap before
{Heap before GC invocations=16 (full 3):
 PSYoungGen      total 147456K, used 140404K [0x00000000f5580000, 0x0000000100000000, 0x0000000100000000)
  eden space 121344K, 100% used [0x00000000f5580000,0x00000000fcc00000,0x00000000fcc00000)
  from space 26112K, 72% used [0x00000000fe680000,0x00000000ff91d058,0x0000000100000000)
  to   space 26624K, 0% used [0x00000000fcc00000,0x00000000fcc00000,0x00000000fe600000)
 ParOldGen       total 175104K, used 64932K [0x00000000e0000000, 0x00000000eab00000, 0x00000000f5580000)
  object space 175104K, 37% used [0x00000000e0000000,0x00000000e3f690a0,0x00000000eab00000)
 Metaspace       used 68318K, capacity 72464K, committed 72576K, reserved 1112064K
  class space    used 9561K, capacity 10602K, committed 10624K, reserved 1048576K
Event: 42.725 GC heap after
Heap after GC invocations=16 (full 3):
 PSYoungGen      total 147968K, used 7737K [0x00000000f5580000, 0x0000000100000000, 0x0000000100000000)
  eden space 121344K, 0% used [0x00000000f5580000,0x00000000f5580000,0x00000000fcc00000)
  from space 26624K, 29% used [0x00000000fcc00000,0x00000000fd38e4e8,0x00000000fe600000)
  to   space 26624K, 0% used [0x00000000fe600000,0x00000000fe600000,0x0000000100000000)
 ParOldGen       total 175104K, used 82556K [0x00000000e0000000, 0x00000000eab00000, 0x00000000f5580000)
  object space 175104K, 47% used [0x00000000e0000000,0x00000000e509f090,0x00000000eab00000)
 Metaspace       used 68318K, capacity 72464K, committed 72576K, reserved 1112064K
  class space    used 9561K, capacity 10602K, committed 10624K, reserved 1048576K
}
Event: 46.862 GC heap before
{Heap before GC invocations=17 (full 3):
 PSYoungGen      total 147968K, used 129081K [0x00000000f5580000, 0x0000000100000000, 0x0000000100000000)
  eden space 121344K, 100% used [0x00000000f5580000,0x00000000fcc00000,0x00000000fcc00000)
  from space 26624K, 29% used [0x00000000fcc00000,0x00000000fd38e4e8,0x00000000fe600000)
  to   space 26624K, 0% used [0x00000000fe600000,0x00000000fe600000,0x0000000100000000)
 ParOldGen       total 175104K, used 82556K [0x00000000e0000000, 0x00000000eab00000, 0x00000000f5580000)
  object space 175104K, 47% used [0x00000000e0000000,0x00000000e509f090,0x00000000eab00000)
 Metaspace       used 68706K, capacity 73158K, committed 73472K, reserved 1112064K
  class space    used 9604K, capacity 10673K, committed 10752K, reserved 1048576K
Event: 46.893 GC heap after
Heap after GC invocations=17 (full 3):
 PSYoungGen      total 147968K, used 7872K [0x00000000f5580000, 0x0000000100000000, 0x0000000100000000)
  eden space 121344K, 0% used [0x00000000f5580000,0x00000000f5580000,0x00000000fcc00000)
  from space 26624K, 29% used [0x00000000fe600000,0x00000000fedb0040,0x0000000100000000)
  to   space 26624K, 0% used [0x00000000fcc00000,0x00000000fcc00000,0x00000000fe600000)
 ParOldGen       total 175104K, used 89118K [0x00000000e0000000, 0x00000000eab00000, 0x00000000f5580000)
  object space 175104K, 50% used [0x00000000e0000000,0x00000000e5707ae8,0x00000000eab00000)
 Metaspace       used 68706K, capacity 73158K, committed 73472K, reserved 1112064K
  class space    used 9604K, capacity 10673K, committed 10752K, reserved 1048576K
}
Event: 50.154 GC heap before
{Heap before GC invocations=18 (full 3):
 PSYoungGen      total 147968K, used 129216K [0x00000000f5580000, 0x0000000100000000, 0x0000000100000000)
  eden space 121344K, 100% used [0x00000000f5580000,0x00000000fcc00000,0x00000000fcc00000)
  from space 26624K, 29% used [0x00000000fe600000,0x00000000fedb0040,0x0000000100000000)
  to   space 26624K, 0% used [0x00000000fcc00000,0x00000000fcc00000,0x00000000fe600000)
 ParOldGen       total 175104K, used 89118K [0x00000000e0000000, 0x00000000eab00000, 0x00000000f5580000)
  object space 175104K, 50% used [0x00000000e0000000,0x00000000e5707ae8,0x00000000eab00000)
 Metaspace       used 70617K, capacity 75272K, committed 75520K, reserved 1114112K
  class space    used 9867K, capacity 11002K, committed 11008K, reserved 1048576K
Event: 50.213 GC heap after
Heap after GC invocations=18 (full 3):
 PSYoungGen      total 131584K, used 10153K [0x00000000f5580000, 0x00000000ffe00000, 0x0000000100000000)
  eden space 121344K, 0% used [0x00000000f5580000,0x00000000f5580000,0x00000000fcc00000)
  from space 10240K, 99% used [0x00000000fcc00000,0x00000000fd5ea580,0x00000000fd600000)
  to   space 25600K, 0% used [0x00000000fe500000,0x00000000fe500000,0x00000000ffe00000)
 ParOldGen       total 175104K, used 96276K [0x00000000e0000000, 0x00000000eab00000, 0x00000000f5580000)
  object space 175104K, 54% used [0x00000000e0000000,0x00000000e5e053a0,0x00000000eab00000)
 Metaspace       used 70617K, capacity 75272K, committed 75520K, reserved 1114112K
  class space    used 9867K, capacity 11002K, committed 11008K, reserved 1048576K
}
Event: 52.411 GC heap before
{Heap before GC invocations=19 (full 3):
 PSYoungGen      total 131584K, used 131497K [0x00000000f5580000, 0x00000000ffe00000, 0x0000000100000000)
  eden space 121344K, 100% used [0x00000000f5580000,0x00000000fcc00000,0x00000000fcc00000)
  from space 10240K, 99% used [0x00000000fcc00000,0x00000000fd5ea580,0x00000000fd600000)
  to   space 25600K, 0% used [0x00000000fe500000,0x00000000fe500000,0x00000000ffe00000)
 ParOldGen       total 175104K, used 96276K [0x00000000e0000000, 0x00000000eab00000, 0x00000000f5580000)
  object space 175104K, 54% used [0x00000000e0000000,0x00000000e5e053a0,0x00000000eab00000)
 Metaspace       used 73326K, capacity 78100K, committed 78208K, reserved 1116160K
  class space    used 10235K, capacity 11364K, committed 11392K, reserved 1048576K
Event: 52.502 GC heap after
Heap after GC invocations=19 (full 3):
 PSYoungGen      total 133632K, used 25587K [0x00000000f5580000, 0x0000000100000000, 0x0000000100000000)
  eden space 108032K, 0% used [0x00000000f5580000,0x00000000f5580000,0x00000000fbf00000)
  from space 25600K, 99% used [0x00000000fe500000,0x00000000ffdfcfe8,0x00000000ffe00000)
  to   space 33280K, 0% used [0x00000000fbf00000,0x00000000fbf00000,0x00000000fdf80000)
 ParOldGen       total 175104K, used 107147K [0x00000000e0000000, 0x00000000eab00000, 0x00000000f5580000)
  object space 175104K, 61% used [0x00000000e0000000,0x00000000e68a2c90,0x00000000eab00000)
 Metaspace       used 73326K, capacity 78100K, committed 78208K, reserved 1116160K
  class space    used 10235K, capacity 11364K, committed 11392K, reserved 1048576K
}

Deoptimization events (10 events):
Event: 52.833 Thread 0x0000000017a30000 Uncommon trap: reason=bimorphic action=maybe_recompile pc=0x00000000045dd278 method=com.android.tools.r8.m.a.a.a.A.b(Ljava/lang/Object;)I @ 8
Event: 53.470 Thread 0x0000000017a37800 Uncommon trap: reason=unstable_if action=reinterpret pc=0x00000000046043ec method=com.android.tools.r8.t.a.a.B.b()Ljava/lang/String; @ 34
Event: 53.519 Thread 0x0000000017a37000 Uncommon trap: reason=unstable_if action=reinterpret pc=0x000000000303d744 method=java.util.stream.StreamOpFlag.fromCharacteristics(Ljava/util/Spliterator;)I @ 19
Event: 53.586 Thread 0x0000000017a39000 Uncommon trap: reason=unstable_if action=reinterpret pc=0x0000000003877860 method=com.android.tools.build.apkzlib.zip.ZipField.verify(Ljava/nio/ByteBuffer;JLcom/android/tools/build/apkzlib/zip/VerifyLog;)V @ 16
Event: 53.623 Thread 0x0000000017a30000 Uncommon trap: reason=unstable_if action=reinterpret pc=0x0000000004151aa4 method=java.util.HashSet.remove(Ljava/lang/Object;)Z @ 11
Event: 53.704 Thread 0x0000000017a30000 Uncommon trap: reason=class_check action=maybe_recompile pc=0x000000000422dd08 method=java.util.Collections$UnmodifiableCollection.contains(Ljava/lang/Object;)Z @ 5
Event: 53.786 Thread 0x0000000017a37000 Uncommon trap: reason=unstable_if action=reinterpret pc=0x0000000003cc4280 method=java.util.HashMap.computeIfAbsent(Ljava/lang/Object;Ljava/util/function/Function;)Ljava/lang/Object; @ 145
Event: 53.786 Thread 0x0000000017a37000 Uncommon trap: reason=class_check action=maybe_recompile pc=0x000000000422dd08 method=java.util.Collections$UnmodifiableCollection.contains(Ljava/lang/Object;)Z @ 5
Event: 53.786 Thread 0x0000000017a37000 Uncommon trap: reason=class_check action=maybe_recompile pc=0x000000000422dd08 method=java.util.Collections$UnmodifiableCollection.contains(Ljava/lang/Object;)Z @ 5
Event: 53.872 Thread 0x0000000017a37800 Uncommon trap: reason=unstable_if action=reinterpret pc=0x0000000004641084 method=com.android.tools.r8.graph.DexProto.b(Ljava/lang/Object;)Z @ 23

Classes redefined (0 events):
No events

Internal exceptions (10 events):
Event: 48.489 Thread 0x0000000017a39000 Exception <a 'java/lang/NoSuchMethodError': java.lang.Object.lambda$asRunnable$0(Lcom/android/tools/build/apkzlib/utils/IOExceptionRunnable;)V> (0x00000000f8c00598) thrown at [C:\re\workspace\8-2-build-windows-amd64-cygwin\jdk8u221\13320\hotspot\src\share
Event: 48.670 Thread 0x0000000017a39000 Exception <a 'java/lang/NoSuchMethodError': java.lang.Object.newSystemTemporaryDirectory()Lcom/android/tools/build/apkzlib/bytestorage/TemporaryDirectory;> (0x00000000f969e0c8) thrown at [C:\re\workspace\8-2-build-windows-amd64-cygwin\jdk8u221\13320\hotsp
Event: 50.330 Thread 0x0000000017a37800 Exception <a 'java/lang/NoSuchMethodError': java.lang.Object.lambda$static$0(Ljava/lang/String;)Z> (0x00000000f5c078f0) thrown at [C:\re\workspace\8-2-build-windows-amd64-cygwin\jdk8u221\13320\hotspot\src\share\vm\interpreter\linkResolver.cpp, line 620]
Event: 50.684 Thread 0x0000000017a30000 Exception <a 'sun/nio/fs/WindowsException'> (0x00000000f7281390) thrown at [C:\re\workspace\8-2-build-windows-amd64-cygwin\jdk8u221\13320\hotspot\src\share\vm\prims\jni.cpp, line 710]
Event: 50.976 Thread 0x0000000017a37000 Exception <a 'sun/nio/fs/WindowsException'> (0x00000000f83c53a0) thrown at [C:\re\workspace\8-2-build-windows-amd64-cygwin\jdk8u221\13320\hotspot\src\share\vm\prims\jni.cpp, line 710]
Event: 51.021 Thread 0x0000000017a30000 Exception <a 'java/lang/NoSuchMethodError': java.lang.Object.lambda$identity$2(Ljava/lang/Object;)Ljava/lang/Object;> (0x00000000f8549af8) thrown at [C:\re\workspace\8-2-build-windows-amd64-cygwin\jdk8u221\13320\hotspot\src\share\vm\interpreter\linkResolv
Event: 51.279 Thread 0x0000000017a37800 Exception <a 'sun/nio/fs/WindowsException'> (0x00000000f979b160) thrown at [C:\re\workspace\8-2-build-windows-amd64-cygwin\jdk8u221\13320\hotspot\src\share\vm\prims\jni.cpp, line 710]
Event: 52.772 Thread 0x0000000017a30000 Implicit null exception at 0x000000000458103f to 0x0000000004582df5
Event: 53.144 Thread 0x0000000017a30000 Exception <a 'java/lang/NoSuchMethodError': java.lang.Object.lambda$maxBy$1(Ljava/util/Comparator;Ljava/lang/Object;Ljava/lang/Object;)Ljava/lang/Object;> (0x00000000f6917a50) thrown at [C:\re\workspace\8-2-build-windows-amd64-cygwin\jdk8u221\13320\hotspo
Event: 53.144 Thread 0x0000000017a37800 Exception <a 'java/lang/NoSuchMethodError': java.lang.Object.lambda$maxBy$1(Ljava/util/Comparator;Ljava/lang/Object;Ljava/lang/Object;)Ljava/lang/Object;> (0x00000000f6546d50) thrown at [C:\re\workspace\8-2-build-windows-amd64-cygwin\jdk8u221\13320\hotspo

Events (10 events):
Event: 54.657 loading class com/android/tools/r8/code/F0
Event: 54.657 loading class com/android/tools/r8/code/F0 done
Event: 54.657 loading class com/android/tools/r8/code/B0
Event: 54.658 loading class com/android/tools/r8/code/B0 done
Event: 54.658 loading class com/android/tools/r8/code/A0
Event: 54.658 loading class com/android/tools/r8/code/A0 done
Event: 54.659 loading class com/android/tools/r8/code/e0
Event: 54.659 loading class com/android/tools/r8/code/e0 done
Event: 54.660 loading class com/android/tools/r8/code/H0
Event: 54.660 loading class com/android/tools/r8/code/H0 done


Dynamic libraries:
0x00007ff7c7a30000 - 0x00007ff7c7a67000 	C:\Program Files\Java\jdk1.8.0_221\bin\java.exe
0x00007ffa49fb0000 - 0x00007ffa4a171000 	C:\WINDOWS\SYSTEM32\ntdll.dll
0x00007ffa48cb0000 - 0x00007ffa48d5d000 	C:\WINDOWS\system32\KERNEL32.DLL
0x00007ffa46990000 - 0x00007ffa46b78000 	C:\WINDOWS\system32\KERNELBASE.dll
0x00007ffa48af0000 - 0x00007ffa48b97000 	C:\WINDOWS\system32\ADVAPI32.dll
0x00007ffa48a50000 - 0x00007ffa48aed000 	C:\WINDOWS\system32\msvcrt.dll
0x00007ffa49790000 - 0x00007ffa497eb000 	C:\WINDOWS\system32\sechost.dll
0x00007ffa49e90000 - 0x00007ffa49fad000 	C:\WINDOWS\system32\RPCRT4.dll
0x00007ffa49630000 - 0x00007ffa49786000 	C:\WINDOWS\system32\USER32.dll
0x00007ffa49c30000 - 0x00007ffa49db7000 	C:\WINDOWS\system32\GDI32.dll
0x00007ffa38b90000 - 0x00007ffa38e04000 	C:\WINDOWS\WinSxS\amd64_microsoft.windows.common-controls_6595b64144ccf1df_6.0.10586.839_none_a2ddba30a539a2ae\COMCTL32.dll
0x00007ffa499a0000 - 0x00007ffa49c1e000 	C:\WINDOWS\system32\combase.dll
0x00007ffa46920000 - 0x00007ffa4698a000 	C:\WINDOWS\system32\bcryptPrimitives.dll
0x00007ffa47480000 - 0x00007ffa474bb000 	C:\WINDOWS\system32\IMM32.DLL
0x00000000507f0000 - 0x00000000508c2000 	C:\Program Files\Java\jdk1.8.0_221\jre\bin\msvcr100.dll
0x0000000077750000 - 0x0000000077ff5000 	C:\Program Files\Java\jdk1.8.0_221\jre\bin\server\jvm.dll
0x00007ffa491f0000 - 0x00007ffa491f8000 	C:\WINDOWS\system32\PSAPI.DLL
0x00007ffa435b0000 - 0x00007ffa435b9000 	C:\WINDOWS\SYSTEM32\WSOCK32.dll
0x00007ffa49360000 - 0x00007ffa493cb000 	C:\WINDOWS\system32\WS2_32.dll
0x00007ffa44cb0000 - 0x00007ffa44cd3000 	C:\WINDOWS\SYSTEM32\WINMM.dll
0x00007ffa3b260000 - 0x00007ffa3b26a000 	C:\WINDOWS\SYSTEM32\VERSION.dll
0x00007ffa44c50000 - 0x00007ffa44c7c000 	C:\WINDOWS\SYSTEM32\WINMMBASE.dll
0x00007ffa47360000 - 0x00007ffa473a3000 	C:\WINDOWS\system32\cfgmgr32.dll
0x00007ffa389e0000 - 0x00007ffa389ef000 	C:\Program Files\Java\jdk1.8.0_221\jre\bin\verify.dll
0x00007ffa36b50000 - 0x00007ffa36b79000 	C:\Program Files\Java\jdk1.8.0_221\jre\bin\java.dll
0x00007ffa37df0000 - 0x00007ffa37e06000 	C:\Program Files\Java\jdk1.8.0_221\jre\bin\zip.dll
0x00007ffa474d0000 - 0x00007ffa48a2c000 	C:\WINDOWS\system32\SHELL32.dll
0x00007ffa46c40000 - 0x00007ffa47285000 	C:\WINDOWS\system32\windows.storage.dll
0x00007ffa49dc0000 - 0x00007ffa49e12000 	C:\WINDOWS\system32\shlwapi.dll
0x00007ffa46630000 - 0x00007ffa4663f000 	C:\WINDOWS\system32\kernel.appcore.dll
0x00007ffa46b80000 - 0x00007ffa46c35000 	C:\WINDOWS\system32\shcore.dll
0x00007ffa465d0000 - 0x00007ffa4661b000 	C:\WINDOWS\system32\powrprof.dll
0x00007ffa46640000 - 0x00007ffa46654000 	C:\WINDOWS\system32\profapi.dll
0x00007ffa36ab0000 - 0x00007ffa36aca000 	C:\Program Files\Java\jdk1.8.0_221\jre\bin\net.dll
0x00007ffa35650000 - 0x00007ffa35807000 	C:\WINDOWS\SYSTEM32\urlmon.dll
0x00007ffa3b390000 - 0x00007ffa3b71a000 	C:\WINDOWS\SYSTEM32\iertutil.dll
0x00007ffa45f00000 - 0x00007ffa45f5c000 	C:\WINDOWS\system32\mswsock.dll
0x00007ffa36a90000 - 0x00007ffa36aa2000 	C:\Program Files\Java\jdk1.8.0_221\jre\bin\nio.dll
0x00007ffa35410000 - 0x00007ffa35436000 	C:\Users\hunza rafiq\.gradle\native\30\windows-amd64\native-platform.dll
0x00007ffa37f40000 - 0x00007ffa37f4d000 	C:\Program Files\Java\jdk1.8.0_221\jre\bin\management.dll
0x00007ffa45fb0000 - 0x00007ffa45fc7000 	C:\WINDOWS\SYSTEM32\CRYPTSP.dll
0x00007ffa45c40000 - 0x00007ffa45c74000 	C:\WINDOWS\system32\rsaenh.dll
0x00007ffa46500000 - 0x00007ffa46529000 	C:\WINDOWS\SYSTEM32\bcrypt.dll
0x00007ffa45d90000 - 0x00007ffa45daf000 	C:\WINDOWS\SYSTEM32\USERENV.dll
0x00007ffa460d0000 - 0x00007ffa460db000 	C:\WINDOWS\SYSTEM32\CRYPTBASE.dll
0x00007ffa3e910000 - 0x00007ffa3e948000 	C:\WINDOWS\SYSTEM32\IPHLPAPI.DLL
0x00007ffa474c0000 - 0x00007ffa474c8000 	C:\WINDOWS\system32\NSI.dll
0x00007ffa3d940000 - 0x00007ffa3d956000 	C:\WINDOWS\SYSTEM32\dhcpcsvc6.DLL
0x00007ffa3da20000 - 0x00007ffa3da3a000 	C:\WINDOWS\SYSTEM32\dhcpcsvc.DLL

VM Arguments:
jvm_args: -XX:MaxMetaspaceSize=256m -XX:+HeapDumpOnOutOfMemoryError -Xms256m -Xmx512m -Dfile.encoding=windows-1252 -Duser.country=US -Duser.language=en -Duser.variant 
java_command: org.gradle.launcher.daemon.bootstrap.GradleDaemon 6.0.1
java_class_path (initial): C:\Users\hunza rafiq\.gradle\wrapper\dists\gradle-6.0.1-all\99d3u8wxs16ndehh90lbbir67\gradle-6.0.1\lib\gradle-launcher-6.0.1.jar
Launcher Type: SUN_STANDARD

Environment Variables:
JAVA_HOME=C:\Program Files\Java\jdk1.8.0_221
CLASSPATH=E:\react-native\PracticeApp\android\\gradle\wrapper\gradle-wrapper.jar
PATH=E:\react-native\PracticeApp\android\node_modules\.bin;E:\react-native\PracticeApp\node_modules\.bin;E:\react-native\node_modules\.bin;E:\node_modules\.bin;C:\Program Files\nodejs;C:\Python27\;C:\Python27\Scripts;C:\Program Files (x86)\Intel\iCLS Client\C:\Users\hunza rafiq\Desktop\openssl;C:\Program Files\Intel\iCLS Client\;C:\WINDOWS\system32;C:\WINDOWS;C:\WINDOWS\System32\Wbem;C:\WINDOWS\System32\WindowsPowerShell\v1.0\;C:\Program Files (x86)\Intel\Intel(R) Management Engine Components\DAL;C:\Program Files\Intel\Intel(R) Management Engine Components\DAL;C:\Program Files (x86)\Intel\Intel(R) Management Engine Components\IPT;C:\Program Files\Intel\Intel(R) Management Engine Components\IPT;C:\Program Files\Git\cmd;c:\OpenSSL\;e:\100\Tools\Binn\;e:\100\DTS\Binn\;e:\100\Tools\Binn\VSShell\Common7\IDE\;C:\ProgramData\chocolatey\bin;C:\Program Files\nodejs\;E:\android\platform-tools;C:\Program Files\Java\jdk1.8.0_221;C:\Program Files\Microsoft VS Code\bin;C:\Program Files\Microsoft VS Code\bin;C:\Program Files\heroku\bin;C:\Users\hunza rafiq\Desktop\openssl;C:\Users\hunza rafiq\AppData\Roaming\npm;E:\android\platform-tools
USERNAME=hunza rafiq
OS=Windows_NT
PROCESSOR_IDENTIFIER=Intel64 Family 6 Model 61 Stepping 4, GenuineIntel



---------------  S Y S T E M  ---------------

OS: Windows 10.0 , 64 bit Build 10586 (10.0.10586.589)

CPU:total 4 (initial active 4) (2 cores per cpu, 2 threads per core) family 6 model 61 stepping 4, cmov, cx8, fxsr, mmx, sse, sse2, sse3, ssse3, sse4.1, sse4.2, popcnt, avx, avx2, aes, clmul, erms, 3dnowpref, lzcnt, ht, tsc, tscinvbit, bmi1, bmi2, adx

Memory: 4k page, physical 4107804k(843712k free), swap 4506600k(3088k free)

vm_info: Java HotSpot(TM) 64-Bit Server VM (25.221-b11) for windows-amd64 JRE (1.8.0_221-b11), built on Jul  4 2019 04:39:29 by "java_re" with MS VC++ 10.0 (VS2010)

time: Sun Jun 14 17:41:49 2020
timezone: Pakistan Standard Time
elapsed time: 54 seconds (0d 0h 0m 54s)

