#
# There is insufficient memory for the Java Runtime Environment to continue.
# Native memory allocation (malloc) failed to allocate 2068176 bytes for Chunk::new
# Possible reasons:
#   The system is out of physical RAM or swap space
#   The process is running with CompressedOops enabled, and the Java Heap may be blocking the growth of the native heap
# Possible solutions:
#   Reduce memory load on the system
#   Increase physical memory or swap space
#   Check if swap backing store is full
#   Decrease Java heap size (-Xmx/-Xms)
#   Decrease number of Java threads
#   Decrease Java thread stack sizes (-Xss)
#   Set larger code cache with -XX:ReservedCodeCacheSize=
#   JVM is running with Unscaled Compressed Oops mode in which the Java heap is
#     placed in the first 4GB address space. The Java Heap base address is the
#     maximum limit for the native heap growth. Please use -XX:HeapBaseMinAddress
#     to set the Java Heap base and to place the Java Heap above 4GB virtual address.
# This output file may be truncated or incomplete.
#
#  Out of Memory Error (allocation.cpp:389), pid=2496, tid=0x0000000000002194
#
# JRE version: Java(TM) SE Runtime Environment (8.0_221-b11) (build 1.8.0_221-b11)
# Java VM: Java HotSpot(TM) 64-Bit Server VM (25.221-b11 mixed mode windows-amd64 compressed oops)
# Failed to write core dump. Minidumps are not enabled by default on client versions of Windows
#

---------------  T H R E A D  ---------------

Current thread (0x0000000013e21000):  JavaThread "C2 CompilerThread0" daemon [_thread_in_native, id=8596, stack(0x0000000015470000,0x0000000015570000)]

Stack: [0x0000000015470000,0x0000000015570000]
[error occurred during error reporting (printing stack bounds), id 0xc0000005]

Native frames: (J=compiled Java code, j=interpreted, Vv=VM code, C=native code)


Current CompileTask:
C2: 124899 20178 %     4       com.android.tools.r8.ir.regalloc.LinearScanRegisterAllocator::a @ 2036 (3743 bytes)


---------------  P R O C E S S  ---------------

Java Threads: ( => current thread )
  0x0000000018095800 JavaThread "Cache worker for Java compile cache (E:\react-native\PracticeApp\android\.gradle\6.0.1\javaCompile)" [_thread_blocked, id=6748, stack(0x0000000024b10000,0x0000000024c10000)]
  0x000000001808e000 JavaThread "Cache worker for Java compile cache (C:\Users\hunza rafiq\.gradle\caches\6.0.1\javaCompile)" [_thread_blocked, id=1016, stack(0x0000000024a10000,0x0000000024b10000)]
  0x000000001808d000 JavaThread "stdout" [_thread_in_native, id=3376, stack(0x0000000024910000,0x0000000024a10000)]
  0x0000000018090000 JavaThread "stderr" [_thread_in_native, id=8428, stack(0x0000000024810000,0x0000000024910000)]
  0x0000000018091800 JavaThread "stdout" [_thread_in_native, id=6056, stack(0x0000000024710000,0x0000000024810000)]
  0x0000000018094000 JavaThread "stderr" [_thread_in_native, id=1180, stack(0x0000000024610000,0x0000000024710000)]
  0x0000000018093000 JavaThread "stdout" [_thread_in_native, id=4036, stack(0x0000000024510000,0x0000000024610000)]
  0x000000001808e800 JavaThread "stderr" [_thread_in_native, id=6004, stack(0x0000000024410000,0x0000000024510000)]
  0x000000001808f800 JavaThread "stdout" [_thread_in_native, id=8408, stack(0x0000000024310000,0x0000000024410000)]
  0x0000000016a02800 JavaThread "stderr" [_thread_in_native, id=7432, stack(0x0000000024210000,0x0000000024310000)]
  0x0000000017a2f000 JavaThread "pool-2-thread-1" [_thread_blocked, id=2252, stack(0x0000000024110000,0x0000000024210000)]
  0x0000000016a02000 JavaThread "WorkerExecutor Queue Thread 4" [_thread_in_native, id=4672, stack(0x0000000023e10000,0x0000000023f10000)]
  0x0000000016a01000 JavaThread "WorkerExecutor Queue Thread 3" [_thread_blocked, id=8296, stack(0x0000000023d10000,0x0000000023e10000)]
  0x0000000016a03800 JavaThread "WorkerExecutor Queue Thread 2" [_thread_blocked, id=120, stack(0x0000000023a40000,0x0000000023b40000)]
  0x00000000169ff000 JavaThread "WorkerExecutor Queue" [_thread_blocked, id=3432, stack(0x0000000023780000,0x0000000023880000)]
  0x00000000169fe000 JavaThread "Cache worker for execution history cache (E:\react-native\PracticeApp\android\.gradle\6.0.1\executionHistory)" [_thread_blocked, id=3256, stack(0x0000000023280000,0x0000000023380000)]
  0x00000000169f9000 JavaThread "Execution worker for ':' Thread 3" [_thread_in_Java, id=7484, stack(0x0000000023180000,0x0000000023280000)]
  0x00000000169f8000 JavaThread "Execution worker for ':' Thread 2" [_thread_in_Java, id=5464, stack(0x0000000023080000,0x0000000023180000)]
  0x00000000169f6800 JavaThread "Execution worker for ':'" [_thread_blocked, id=1704, stack(0x0000000022a90000,0x0000000022b90000)]
  0x00000000169f9800 JavaThread "Cache worker for file content cache (E:\react-native\PracticeApp\android\.gradle\6.0.1\fileContent)" [_thread_blocked, id=6024, stack(0x0000000022840000,0x0000000022940000)]
  0x00000000169fd800 JavaThread "Cache worker for file content cache (C:\Users\hunza rafiq\.gradle\caches\6.0.1\fileContent)" [_thread_blocked, id=8720, stack(0x0000000022740000,0x0000000022840000)]
  0x00000000169f6000 JavaThread "Memory manager" [_thread_blocked, id=172, stack(0x00000000201d0000,0x00000000202d0000)]
  0x00000000169fc800 JavaThread "Cache worker for Build Output Cleanup Cache (E:\react-native\PracticeApp\android\.gradle\buildOutputCleanup)" [_thread_blocked, id=8140, stack(0x00000000200d0000,0x00000000201d0000)]
  0x00000000169f5000 JavaThread "pool-1-thread-1" [_thread_blocked, id=7480, stack(0x000000001fbd0000,0x000000001fcd0000)]
  0x00000000169fc000 JavaThread "Build operations Thread 4" [_thread_blocked, id=7652, stack(0x000000001f4d0000,0x000000001f5d0000)]
  0x00000000169fb000 JavaThread "Build operations Thread 3" [_thread_blocked, id=7424, stack(0x000000001f3d0000,0x000000001f4d0000)]
  0x00000000169f4800 JavaThread "Build operations Thread 2" [_thread_blocked, id=5224, stack(0x000000001f2d0000,0x000000001f3d0000)]
  0x0000000017a29800 JavaThread "Build operations" [_thread_blocked, id=6536, stack(0x000000001f1d0000,0x000000001f2d0000)]
  0x0000000017a28000 JavaThread "Cache worker for execution history cache (C:\Users\hunza rafiq\.gradle\caches\6.0.1\executionHistory)" [_thread_blocked, id=8584, stack(0x000000001eed0000,0x000000001efd0000)]
  0x0000000017a2c800 JavaThread "Cache worker for cache directory md-rule (C:\Users\hunza rafiq\.gradle\caches\6.0.1\md-rule)" [_thread_blocked, id=4236, stack(0x000000001edd0000,0x000000001eed0000)]
  0x0000000017a2d800 JavaThread "Cache worker for cache directory md-supplier (C:\Users\hunza rafiq\.gradle\caches\6.0.1\md-supplier)" [_thread_blocked, id=5912, stack(0x000000001d890000,0x000000001d990000)]
  0x0000000017a28800 JavaThread "Cache worker for file hash cache (E:\react-native\PracticeApp\android\.gradle\6.0.1\fileHashes)" [_thread_blocked, id=6932, stack(0x0000000019d30000,0x0000000019e30000)]
  0x0000000017a2b000 JavaThread "Cache worker for journal cache (C:\Users\hunza rafiq\.gradle\caches\journal-1)" [_thread_blocked, id=3608, stack(0x0000000019930000,0x0000000019a30000)]
  0x0000000017a2e000 JavaThread "File lock request listener" [_thread_in_native, id=4684, stack(0x0000000019830000,0x0000000019930000)]
  0x0000000017a2a000 JavaThread "Cache worker for file hash cache (C:\Users\hunza rafiq\.gradle\caches\6.0.1\fileHashes)" [_thread_blocked, id=4472, stack(0x0000000019730000,0x0000000019830000)]
  0x0000000017982000 JavaThread "Thread-9" [_thread_blocked, id=7752, stack(0x0000000019630000,0x0000000019730000)]
  0x000000001797f000 JavaThread "Stdin handler" [_thread_blocked, id=5736, stack(0x0000000019530000,0x0000000019630000)]
  0x0000000017747800 JavaThread "Asynchronous log dispatcher for DefaultDaemonConnection: socket connection from /127.0.0.1:54481 to /127.0.0.1:54482" [_thread_blocked, id=3280, stack(0x0000000019230000,0x0000000019330000)]
  0x0000000017734800 JavaThread "Daemon worker" [_thread_in_vm, id=5496, stack(0x0000000019130000,0x0000000019230000)]
  0x000000001736a000 JavaThread "Cancel handler" [_thread_blocked, id=7940, stack(0x0000000019030000,0x0000000019130000)]
  0x0000000017369000 JavaThread "Handler for socket connection from /127.0.0.1:54481 to /127.0.0.1:54482" [_thread_in_native, id=3636, stack(0x0000000018f30000,0x0000000019030000)]
  0x0000000017229000 JavaThread "Daemon" [_thread_blocked, id=4764, stack(0x0000000018e30000,0x0000000018f30000)]
  0x000000001734f800 JavaThread "Daemon periodic checks" [_thread_blocked, id=5808, stack(0x0000000018d30000,0x0000000018e30000)]
  0x00000000173a8000 JavaThread "Incoming local TCP Connector on port 54481" [_thread_in_native, id=6164, stack(0x0000000018b50000,0x0000000018c50000)]
  0x0000000017837800 JavaThread "Daemon health stats" [_thread_blocked, id=624, stack(0x0000000018510000,0x0000000018610000)]
  0x0000000015790800 JavaThread "Service Thread" daemon [_thread_blocked, id=3340, stack(0x0000000015b70000,0x0000000015c70000)]
  0x0000000013e50800 JavaThread "C1 CompilerThread2" daemon [_thread_in_vm, id=3776, stack(0x0000000015670000,0x0000000015770000)]
  0x0000000013e25800 JavaThread "C2 CompilerThread1" daemon [_thread_in_native, id=6480, stack(0x0000000015570000,0x0000000015670000)]
=>0x0000000013e21000 JavaThread "C2 CompilerThread0" daemon [_thread_in_native, id=8596, stack(0x0000000015470000,0x0000000015570000)]
  0x0000000013e1f000 JavaThread "Attach Listener" daemon [_thread_blocked, id=7816, stack(0x0000000015370000,0x0000000015470000)]
  0x0000000013e1a000 JavaThread "Signal Dispatcher" daemon [_thread_blocked, id=6968, stack(0x0000000015270000,0x0000000015370000)]
  0x0000000013e09800 JavaThread "Finalizer" daemon [_thread_blocked, id=1492, stack(0x0000000015090000,0x0000000015190000)]
  0x0000000002aa1800 JavaThread "Reference Handler" daemon [_thread_blocked, id=4224, stack(0x0000000014f90000,0x0000000015090000)]
  0x00000000029b2800 JavaThread "main" [_thread_blocked, id=4908, stack(0x00000000027b0000,0x00000000028b0000)]

Other Threads:
  0x0000000013de7800 VMThread [stack: 0x0000000014e90000,0x0000000014f90000] [id=8308]
  0x00000000157ad800 WatcherThread [stack: 0x0000000015c70000,0x0000000015d70000] [id=5908]

VM state:not at safepoint (normal execution)

VM Mutex/Monitor currently owned by a thread: None

heap address: 0x00000000e0000000, size: 512 MB, Compressed Oops mode: 32-bit
Narrow klass base: 0x0000000000000000, Narrow klass shift: 3
Compressed class space size: 1073741824 Address: 0x0000000100000000

Heap:
 PSYoungGen      total 138752K, used 7944K [0x00000000f5580000, 0x00000000ffe80000, 0x0000000100000000)
  eden space 105984K, 4% used [0x00000000f5580000,0x00000000f5a48f98,0x00000000fbd00000)
  from space 32768K, 9% used [0x00000000fbd00000,0x00000000fbff92a8,0x00000000fdd00000)
  to   space 31744K, 0% used [0x00000000fdf80000,0x00000000fdf80000,0x00000000ffe80000)
 ParOldGen       total 284160K, used 178881K [0x00000000e0000000, 0x00000000f1580000, 0x00000000f5580000)
  object space 284160K, 62% used [0x00000000e0000000,0x00000000eaeb0530,0x00000000f1580000)
 Metaspace       used 93253K, capacity 98684K, committed 98944K, reserved 1134592K
  class space    used 12444K, capacity 13670K, committed 13696K, reserved 1048576K

Card table byte_map: [0x0000000011e70000,0x0000000011f80000] byte_map_base: 0x0000000011770000

Marking Bits: (ParMarkBitMap*) 0x0000000077f75ce0
 Begin Bits: [0x0000000012380000, 0x0000000012b80000)
 End Bits:   [0x0000000012b80000, 0x0000000013380000)

Polling page: 0x0000000000ff0000

CodeCache: size=245760Kb used=55691Kb max_used=55866Kb free=190068Kb
 bounds [0x0000000002ab0000, 0x0000000006180000, 0x0000000011ab0000]
 total_blobs=17659 nmethods=16784 adapters=783
 compilation: enabled

Compilation events (10 events):
Event: 124.845 Thread 0x0000000013e50800 20555       2       java.util.Arrays::stream (8 bytes)
Event: 124.846 Thread 0x0000000013e50800 nmethod 20555 0x000000000515ce50 code [0x000000000515d000, 0x000000000515d388]
Event: 124.846 Thread 0x0000000013e50800 20556       2       java.util.Arrays::stream (11 bytes)
Event: 124.848 Thread 0x0000000013e50800 nmethod 20556 0x000000000515c5d0 code [0x000000000515c780, 0x000000000515cb08]
Event: 124.848 Thread 0x0000000013e50800 20557       2       java.util.Arrays::spliterator (10 bytes)
Event: 124.849 Thread 0x0000000013e50800 nmethod 20557 0x000000000515bf50 code [0x000000000515c0e0, 0x000000000515c3a8]
Event: 124.849 Thread 0x0000000013e50800 20558       2       java.util.Spliterators::spliterator (25 bytes)
Event: 124.850 Thread 0x0000000013e50800 nmethod 20558 0x000000000515b950 code [0x000000000515bac0, 0x000000000515bd78]
Event: 124.850 Thread 0x0000000013e50800 20559       2       java.util.Spliterators::checkFromToBounds (74 bytes)
Event: 124.851 Thread 0x0000000013e50800 nmethod 20559 0x0000000002bea350 code [0x0000000002bea540, 0x0000000002beaac8]

GC Heap History (10 events):
Event: 121.604 GC heap before
{Heap before GC invocations=35 (full 4):
 PSYoungGen      total 135680K, used 103983K [0x00000000f5580000, 0x00000000fff00000, 0x0000000100000000)
  eden space 100352K, 100% used [0x00000000f5580000,0x00000000fb780000,0x00000000fb780000)
  from space 35328K, 10% used [0x00000000fda00000,0x00000000fdd8bf20,0x00000000ffc80000)
  to   space 35328K, 0% used [0x00000000fb780000,0x00000000fb780000,0x00000000fda00000)
 ParOldGen       total 284160K, used 163580K [0x00000000e0000000, 0x00000000f1580000, 0x00000000f5580000)
  object space 284160K, 57% used [0x00000000e0000000,0x00000000e9fbf030,0x00000000f1580000)
 Metaspace       used 93109K, capacity 98540K, committed 98688K, reserved 1134592K
  class space    used 12437K, capacity 13668K, committed 13696K, reserved 1048576K
Event: 121.629 GC heap after
Heap after GC invocations=35 (full 4):
 PSYoungGen      total 135680K, used 3412K [0x00000000f5580000, 0x0000000100000000, 0x0000000100000000)
  eden space 100352K, 0% used [0x00000000f5580000,0x00000000f5580000,0x00000000fb780000)
  from space 35328K, 9% used [0x00000000fb780000,0x00000000fbad52d0,0x00000000fda00000)
  to   space 35328K, 0% used [0x00000000fdd80000,0x00000000fdd80000,0x0000000100000000)
 ParOldGen       total 284160K, used 166502K [0x00000000e0000000, 0x00000000f1580000, 0x00000000f5580000)
  object space 284160K, 58% used [0x00000000e0000000,0x00000000ea299a90,0x00000000f1580000)
 Metaspace       used 93109K, capacity 98540K, committed 98688K, reserved 1134592K
  class space    used 12437K, capacity 13668K, committed 13696K, reserved 1048576K
}
Event: 122.347 GC heap before
{Heap before GC invocations=36 (full 4):
 PSYoungGen      total 135680K, used 103764K [0x00000000f5580000, 0x0000000100000000, 0x0000000100000000)
  eden space 100352K, 100% used [0x00000000f5580000,0x00000000fb780000,0x00000000fb780000)
  from space 35328K, 9% used [0x00000000fb780000,0x00000000fbad52d0,0x00000000fda00000)
  to   space 35328K, 0% used [0x00000000fdd80000,0x00000000fdd80000,0x0000000100000000)
 ParOldGen       total 284160K, used 166502K [0x00000000e0000000, 0x00000000f1580000, 0x00000000f5580000)
  object space 284160K, 58% used [0x00000000e0000000,0x00000000ea299a90,0x00000000f1580000)
 Metaspace       used 93142K, capacity 98544K, committed 98688K, reserved 1134592K
  class space    used 12438K, capacity 13668K, committed 13696K, reserved 1048576K
Event: 122.376 GC heap after
Heap after GC invocations=36 (full 4):
 PSYoungGen      total 138240K, used 3040K [0x00000000f5580000, 0x00000000fff00000, 0x0000000100000000)
  eden space 103936K, 0% used [0x00000000f5580000,0x00000000f5580000,0x00000000fbb00000)
  from space 34304K, 8% used [0x00000000fdd80000,0x00000000fe078000,0x00000000fff00000)
  to   space 34816K, 0% used [0x00000000fbb00000,0x00000000fbb00000,0x00000000fdd00000)
 ParOldGen       total 284160K, used 169373K [0x00000000e0000000, 0x00000000f1580000, 0x00000000f5580000)
  object space 284160K, 59% used [0x00000000e0000000,0x00000000ea5674b8,0x00000000f1580000)
 Metaspace       used 93142K, capacity 98544K, committed 98688K, reserved 1134592K
  class space    used 12438K, capacity 13668K, committed 13696K, reserved 1048576K
}
Event: 123.133 GC heap before
{Heap before GC invocations=37 (full 4):
 PSYoungGen      total 138240K, used 106976K [0x00000000f5580000, 0x00000000fff00000, 0x0000000100000000)
  eden space 103936K, 100% used [0x00000000f5580000,0x00000000fbb00000,0x00000000fbb00000)
  from space 34304K, 8% used [0x00000000fdd80000,0x00000000fe078000,0x00000000fff00000)
  to   space 34816K, 0% used [0x00000000fbb00000,0x00000000fbb00000,0x00000000fdd00000)
 ParOldGen       total 284160K, used 169373K [0x00000000e0000000, 0x00000000f1580000, 0x00000000f5580000)
  object space 284160K, 59% used [0x00000000e0000000,0x00000000ea5674b8,0x00000000f1580000)
 Metaspace       used 93180K, capacity 98616K, committed 98688K, reserved 1134592K
  class space    used 12440K, capacity 13670K, committed 13696K, reserved 1048576K
Event: 123.158 GC heap after
Heap after GC invocations=37 (full 4):
 PSYoungGen      total 138752K, used 3606K [0x00000000f5580000, 0x00000000ffe80000, 0x0000000100000000)
  eden space 103936K, 0% used [0x00000000f5580000,0x00000000f5580000,0x00000000fbb00000)
  from space 34816K, 10% used [0x00000000fbb00000,0x00000000fbe85938,0x00000000fdd00000)
  to   space 33792K, 0% used [0x00000000fdd80000,0x00000000fdd80000,0x00000000ffe80000)
 ParOldGen       total 284160K, used 171648K [0x00000000e0000000, 0x00000000f1580000, 0x00000000f5580000)
  object space 284160K, 60% used [0x00000000e0000000,0x00000000ea7a0028,0x00000000f1580000)
 Metaspace       used 93180K, capacity 98616K, committed 98688K, reserved 1134592K
  class space    used 12440K, capacity 13670K, committed 13696K, reserved 1048576K
}
Event: 124.018 GC heap before
{Heap before GC invocations=38 (full 4):
 PSYoungGen      total 138752K, used 107542K [0x00000000f5580000, 0x00000000ffe80000, 0x0000000100000000)
  eden space 103936K, 100% used [0x00000000f5580000,0x00000000fbb00000,0x00000000fbb00000)
  from space 34816K, 10% used [0x00000000fbb00000,0x00000000fbe85938,0x00000000fdd00000)
  to   space 33792K, 0% used [0x00000000fdd80000,0x00000000fdd80000,0x00000000ffe80000)
 ParOldGen       total 284160K, used 171648K [0x00000000e0000000, 0x00000000f1580000, 0x00000000f5580000)
  object space 284160K, 60% used [0x00000000e0000000,0x00000000ea7a0028,0x00000000f1580000)
 Metaspace       used 93208K, capacity 98616K, committed 98688K, reserved 1134592K
  class space    used 12440K, capacity 13670K, committed 13696K, reserved 1048576K
Event: 124.056 GC heap after
Heap after GC invocations=38 (full 4):
 PSYoungGen      total 138240K, used 4749K [0x00000000f5580000, 0x00000000ffd00000, 0x0000000100000000)
  eden space 105984K, 0% used [0x00000000f5580000,0x00000000f5580000,0x00000000fbd00000)
  from space 32256K, 14% used [0x00000000fdd80000,0x00000000fe223418,0x00000000ffd00000)
  to   space 32768K, 0% used [0x00000000fbd00000,0x00000000fbd00000,0x00000000fdd00000)
 ParOldGen       total 284160K, used 174605K [0x00000000e0000000, 0x00000000f1580000, 0x00000000f5580000)
  object space 284160K, 61% used [0x00000000e0000000,0x00000000eaa835f0,0x00000000f1580000)
 Metaspace       used 93208K, capacity 98616K, committed 98688K, reserved 1134592K
  class space    used 12440K, capacity 13670K, committed 13696K, reserved 1048576K
}
Event: 124.765 GC heap before
{Heap before GC invocations=39 (full 4):
 PSYoungGen      total 138240K, used 110733K [0x00000000f5580000, 0x00000000ffd00000, 0x0000000100000000)
  eden space 105984K, 100% used [0x00000000f5580000,0x00000000fbd00000,0x00000000fbd00000)
  from space 32256K, 14% used [0x00000000fdd80000,0x00000000fe223418,0x00000000ffd00000)
  to   space 32768K, 0% used [0x00000000fbd00000,0x00000000fbd00000,0x00000000fdd00000)
 ParOldGen       total 284160K, used 174605K [0x00000000e0000000, 0x00000000f1580000, 0x00000000f5580000)
  object space 284160K, 61% used [0x00000000e0000000,0x00000000eaa835f0,0x00000000f1580000)
 Metaspace       used 93248K, capacity 98684K, committed 98944K, reserved 1134592K
  class space    used 12444K, capacity 13670K, committed 13696K, reserved 1048576K
Event: 124.802 GC heap after
Heap after GC invocations=39 (full 4):
 PSYoungGen      total 138752K, used 3044K [0x00000000f5580000, 0x00000000ffe80000, 0x0000000100000000)
  eden space 105984K, 0% used [0x00000000f5580000,0x00000000f5580000,0x00000000fbd00000)
  from space 32768K, 9% used [0x00000000fbd00000,0x00000000fbff92a8,0x00000000fdd00000)
  to   space 31744K, 0% used [0x00000000fdf80000,0x00000000fdf80000,0x00000000ffe80000)
 ParOldGen       total 284160K, used 178881K [0x00000000e0000000, 0x00000000f1580000, 0x00000000f5580000)
  object space 284160K, 62% used [0x00000000e0000000,0x00000000eaeb0530,0x00000000f1580000)
 Metaspace       used 93248K, capacity 98684K, committed 98944K, reserved 1134592K
  class space    used 12444K, capacity 13670K, committed 13696K, reserved 1048576K
}

Deoptimization events (10 events):
Event: 122.037 Thread 0x0000000017734800 Uncommon trap: reason=unstable_if action=reinterpret pc=0x0000000005004bd0 method=com.android.tools.r8.ir.conversion.N.getIncomingLocalAtBlock(II)Lcom/android/tools/r8/graph/DebugLocalInfo; @ 3
Event: 122.339 Thread 0x00000000169f8000 Uncommon trap: reason=bimorphic action=maybe_recompile pc=0x0000000005fb12b0 method=com.android.tools.r8.ir.regalloc.LinearScanRegisterAllocator.a(Lcom/android/tools/r8/ir/code/Value;Ljava/util/Collection;)Z @ 1
Event: 122.339 Thread 0x00000000169f8000 Uncommon trap: reason=bimorphic action=maybe_recompile pc=0x0000000005fb12b0 method=com.android.tools.r8.ir.regalloc.LinearScanRegisterAllocator.a(Lcom/android/tools/r8/ir/code/Value;Ljava/util/Collection;)Z @ 1
Event: 124.319 Thread 0x00000000169f8000 Uncommon trap: reason=bimorphic action=maybe_recompile pc=0x0000000005fb12b0 method=com.android.tools.r8.ir.regalloc.LinearScanRegisterAllocator.a(Lcom/android/tools/r8/ir/code/Value;Ljava/util/Collection;)Z @ 1
Event: 124.319 Thread 0x00000000169f8000 Uncommon trap: reason=bimorphic action=maybe_recompile pc=0x0000000005fb12b0 method=com.android.tools.r8.ir.regalloc.LinearScanRegisterAllocator.a(Lcom/android/tools/r8/ir/code/Value;Ljava/util/Collection;)Z @ 1
Event: 124.494 Thread 0x00000000169f9000 Uncommon trap: reason=bimorphic action=maybe_recompile pc=0x00000000051877d8 method=com.android.tools.r8.ir.code.k0.a(Lcom/android/tools/r8/ir/analysis/type/TypeLatticeElement;)Lcom/android/tools/r8/ir/code/k0; @ 19
Event: 124.494 Thread 0x00000000169f9000 Uncommon trap: reason=bimorphic action=maybe_recompile pc=0x00000000051877d8 method=com.android.tools.r8.ir.code.k0.a(Lcom/android/tools/r8/ir/analysis/type/TypeLatticeElement;)Lcom/android/tools/r8/ir/code/k0; @ 19
Event: 124.495 Thread 0x00000000169f9000 Uncommon trap: reason=bimorphic action=maybe_recompile pc=0x00000000051877d8 method=com.android.tools.r8.ir.code.k0.a(Lcom/android/tools/r8/ir/analysis/type/TypeLatticeElement;)Lcom/android/tools/r8/ir/code/k0; @ 19
Event: 124.495 Thread 0x00000000169f9000 Uncommon trap: reason=bimorphic action=maybe_recompile pc=0x00000000051877d8 method=com.android.tools.r8.ir.code.k0.a(Lcom/android/tools/r8/ir/analysis/type/TypeLatticeElement;)Lcom/android/tools/r8/ir/code/k0; @ 19
Event: 124.838 Thread 0x00000000169f8000 Uncommon trap: reason=unstable_if action=reinterpret pc=0x0000000005b8eefc method=java.util.TimSort.countRunAndMakeAscending([Ljava/lang/Object;IILjava/util/Comparator;)I @ 27

Classes redefined (0 events):
No events

Internal exceptions (10 events):
Event: 114.169 Thread 0x00000000169f8000 Exception <a 'java/lang/NoSuchMethodError': java.lang.Object.lambda$maxBy$1(Ljava/util/Comparator;Ljava/lang/Object;Ljava/lang/Object;)Ljava/lang/Object;> (0x00000000f5cf47c0) thrown at [C:\re\workspace\8-2-build-windows-amd64-cygwin\jdk8u221\13320\hotspo
Event: 114.169 Thread 0x0000000017734800 Exception <a 'java/lang/NoSuchMethodError': java.lang.Object.lambda$maxBy$1(Ljava/util/Comparator;Ljava/lang/Object;Ljava/lang/Object;)Ljava/lang/Object;> (0x00000000f5c8c7b8) thrown at [C:\re\workspace\8-2-build-windows-amd64-cygwin\jdk8u221\13320\hotspo
Event: 115.462 Thread 0x00000000169f9000 Exception <a 'sun/nio/fs/WindowsException'> (0x00000000f96f40d0) thrown at [C:\re\workspace\8-2-build-windows-amd64-cygwin\jdk8u221\13320\hotspot\src\share\vm\prims\jni.cpp, line 710]
Event: 117.182 Thread 0x0000000017734800 Exception <a 'sun/nio/fs/WindowsException'> (0x00000000f673ad28) thrown at [C:\re\workspace\8-2-build-windows-amd64-cygwin\jdk8u221\13320\hotspot\src\share\vm\prims\jni.cpp, line 710]
Event: 117.624 Thread 0x0000000017734800 Exception <a 'sun/nio/fs/WindowsException'> (0x00000000f82b6020) thrown at [C:\re\workspace\8-2-build-windows-amd64-cygwin\jdk8u221\13320\hotspot\src\share\vm\prims\jni.cpp, line 710]
Event: 117.677 Thread 0x00000000169f8000 Exception <a 'sun/nio/fs/WindowsException'> (0x00000000f786a770) thrown at [C:\re\workspace\8-2-build-windows-amd64-cygwin\jdk8u221\13320\hotspot\src\share\vm\prims\jni.cpp, line 710]
Event: 118.310 Thread 0x00000000169f8000 Exception <a 'sun/nio/fs/WindowsException'> (0x00000000faab6c60) thrown at [C:\re\workspace\8-2-build-windows-amd64-cygwin\jdk8u221\13320\hotspot\src\share\vm\prims\jni.cpp, line 710]
Event: 118.327 Thread 0x0000000017734800 Exception <a 'sun/nio/fs/WindowsException'> (0x00000000fa8e78c0) thrown at [C:\re\workspace\8-2-build-windows-amd64-cygwin\jdk8u221\13320\hotspot\src\share\vm\prims\jni.cpp, line 710]
Event: 119.111 Thread 0x0000000017734800 Exception <a 'sun/nio/fs/WindowsException'> (0x00000000f863d6c8) thrown at [C:\re\workspace\8-2-build-windows-amd64-cygwin\jdk8u221\13320\hotspot\src\share\vm\prims\jni.cpp, line 710]
Event: 119.229 Thread 0x00000000169f8000 Implicit null exception at 0x0000000005f877f1 to 0x0000000005f89b0d

Events (10 events):
Event: 124.735 loading class com/android/tools/r8/code/m1 done
Event: 124.736 loading class com/android/tools/r8/code/l1
Event: 124.736 loading class com/android/tools/r8/code/l1 done
Event: 124.737 loading class com/android/tools/r8/code/p1
Event: 124.737 loading class com/android/tools/r8/code/p1 done
Event: 124.763 Executing VM operation: ParallelGCFailedAllocation
Event: 124.802 Executing VM operation: ParallelGCFailedAllocation done
Event: 124.838 Thread 0x00000000169f8000 Uncommon trap: trap_request=0xffffff65 fr.pc=0x0000000005b8eefc
Event: 124.838 Thread 0x00000000169f8000 DEOPT PACKING pc=0x0000000005b8eefc sp=0x000000002317b360
Event: 124.838 Thread 0x00000000169f8000 DEOPT UNPACKING pc=0x0000000002af583b sp=0x000000002317b2c8 mode 2


Dynamic libraries:
0x00007ff7c7a30000 - 0x00007ff7c7a67000 	C:\Program Files\Java\jdk1.8.0_221\bin\java.exe
0x00007ffa49fb0000 - 0x00007ffa4a171000 	C:\WINDOWS\SYSTEM32\ntdll.dll
0x00007ffa48cb0000 - 0x00007ffa48d5d000 	C:\WINDOWS\system32\KERNEL32.DLL
0x00007ffa46990000 - 0x00007ffa46b78000 	C:\WINDOWS\system32\KERNELBASE.dll
0x00007ffa48af0000 - 0x00007ffa48b97000 	C:\WINDOWS\system32\ADVAPI32.dll
0x00007ffa48a50000 - 0x00007ffa48aed000 	C:\WINDOWS\system32\msvcrt.dll
0x00007ffa49790000 - 0x00007ffa497eb000 	C:\WINDOWS\system32\sechost.dll
0x00007ffa49e90000 - 0x00007ffa49fad000 	C:\WINDOWS\system32\RPCRT4.dll
0x00007ffa49630000 - 0x00007ffa49786000 	C:\WINDOWS\system32\USER32.dll
0x00007ffa49c30000 - 0x00007ffa49db7000 	C:\WINDOWS\system32\GDI32.dll
0x00007ffa38b90000 - 0x00007ffa38e04000 	C:\WINDOWS\WinSxS\amd64_microsoft.windows.common-controls_6595b64144ccf1df_6.0.10586.839_none_a2ddba30a539a2ae\COMCTL32.dll
0x00007ffa499a0000 - 0x00007ffa49c1e000 	C:\WINDOWS\system32\combase.dll
0x00007ffa46920000 - 0x00007ffa4698a000 	C:\WINDOWS\system32\bcryptPrimitives.dll
0x00007ffa47480000 - 0x00007ffa474bb000 	C:\WINDOWS\system32\IMM32.DLL
0x00000000507f0000 - 0x00000000508c2000 	C:\Program Files\Java\jdk1.8.0_221\jre\bin\msvcr100.dll
0x0000000077750000 - 0x0000000077ff5000 	C:\Program Files\Java\jdk1.8.0_221\jre\bin\server\jvm.dll
0x00007ffa491f0000 - 0x00007ffa491f8000 	C:\WINDOWS\system32\PSAPI.DLL
0x00007ffa435b0000 - 0x00007ffa435b9000 	C:\WINDOWS\SYSTEM32\WSOCK32.dll
0x00007ffa44cb0000 - 0x00007ffa44cd3000 	C:\WINDOWS\SYSTEM32\WINMM.dll
0x00007ffa49360000 - 0x00007ffa493cb000 	C:\WINDOWS\system32\WS2_32.dll
0x00007ffa3b260000 - 0x00007ffa3b26a000 	C:\WINDOWS\SYSTEM32\VERSION.dll
0x00007ffa44c50000 - 0x00007ffa44c7c000 	C:\WINDOWS\SYSTEM32\WINMMBASE.dll
0x00007ffa47360000 - 0x00007ffa473a3000 	C:\WINDOWS\system32\cfgmgr32.dll
0x00007ffa39210000 - 0x00007ffa3921f000 	C:\Program Files\Java\jdk1.8.0_221\jre\bin\verify.dll
0x00007ffa37fd0000 - 0x00007ffa37ff9000 	C:\Program Files\Java\jdk1.8.0_221\jre\bin\java.dll
0x00007ffa37e20000 - 0x00007ffa37e36000 	C:\Program Files\Java\jdk1.8.0_221\jre\bin\zip.dll
0x00007ffa474d0000 - 0x00007ffa48a2c000 	C:\WINDOWS\system32\SHELL32.dll
0x00007ffa46c40000 - 0x00007ffa47285000 	C:\WINDOWS\system32\windows.storage.dll
0x00007ffa49dc0000 - 0x00007ffa49e12000 	C:\WINDOWS\system32\shlwapi.dll
0x00007ffa46630000 - 0x00007ffa4663f000 	C:\WINDOWS\system32\kernel.appcore.dll
0x00007ffa46b80000 - 0x00007ffa46c35000 	C:\WINDOWS\system32\shcore.dll
0x00007ffa465d0000 - 0x00007ffa4661b000 	C:\WINDOWS\system32\powrprof.dll
0x00007ffa46640000 - 0x00007ffa46654000 	C:\WINDOWS\system32\profapi.dll
0x00007ffa37e00000 - 0x00007ffa37e1a000 	C:\Program Files\Java\jdk1.8.0_221\jre\bin\net.dll
0x00007ffa35650000 - 0x00007ffa35807000 	C:\WINDOWS\SYSTEM32\urlmon.dll
0x00007ffa3b390000 - 0x00007ffa3b71a000 	C:\WINDOWS\SYSTEM32\iertutil.dll
0x00007ffa45f00000 - 0x00007ffa45f5c000 	C:\WINDOWS\system32\mswsock.dll
0x00007ffa36b60000 - 0x00007ffa36b72000 	C:\Program Files\Java\jdk1.8.0_221\jre\bin\nio.dll
0x00007ffa36aa0000 - 0x00007ffa36ac6000 	C:\Users\hunza rafiq\.gradle\native\30\windows-amd64\native-platform.dll
0x00007ffa37fc0000 - 0x00007ffa37fcd000 	C:\Program Files\Java\jdk1.8.0_221\jre\bin\management.dll
0x00007ffa45fb0000 - 0x00007ffa45fc7000 	C:\WINDOWS\SYSTEM32\CRYPTSP.dll
0x00007ffa45c40000 - 0x00007ffa45c74000 	C:\WINDOWS\system32\rsaenh.dll
0x00007ffa46500000 - 0x00007ffa46529000 	C:\WINDOWS\SYSTEM32\bcrypt.dll
0x00007ffa45d90000 - 0x00007ffa45daf000 	C:\WINDOWS\SYSTEM32\USERENV.dll
0x00007ffa460d0000 - 0x00007ffa460db000 	C:\WINDOWS\SYSTEM32\CRYPTBASE.dll
0x00007ffa3e910000 - 0x00007ffa3e948000 	C:\WINDOWS\SYSTEM32\IPHLPAPI.DLL
0x00007ffa474c0000 - 0x00007ffa474c8000 	C:\WINDOWS\system32\NSI.dll
0x00007ffa3d940000 - 0x00007ffa3d956000 	C:\WINDOWS\SYSTEM32\dhcpcsvc6.DLL
0x00007ffa3da20000 - 0x00007ffa3da3a000 	C:\WINDOWS\SYSTEM32\dhcpcsvc.DLL

VM Arguments:
jvm_args: -XX:MaxMetaspaceSize=256m -XX:+HeapDumpOnOutOfMemoryError -Xms256m -Xmx512m -Dfile.encoding=windows-1252 -Duser.country=US -Duser.language=en -Duser.variant 
java_command: org.gradle.launcher.daemon.bootstrap.GradleDaemon 6.0.1
java_class_path (initial): C:\Users\hunza rafiq\.gradle\wrapper\dists\gradle-6.0.1-all\99d3u8wxs16ndehh90lbbir67\gradle-6.0.1\lib\gradle-launcher-6.0.1.jar
Launcher Type: SUN_STANDARD

Environment Variables:
JAVA_HOME=C:\Program Files\Java\jdk1.8.0_221
CLASSPATH=E:\react-native\PracticeApp\android\\gradle\wrapper\gradle-wrapper.jar
PATH=E:\react-native\PracticeApp\android\node_modules\.bin;E:\react-native\PracticeApp\node_modules\.bin;E:\react-native\node_modules\.bin;E:\node_modules\.bin;C:\Program Files\nodejs;C:\Python27\;C:\Python27\Scripts;C:\Program Files (x86)\Intel\iCLS Client\C:\Users\hunza rafiq\Desktop\openssl;C:\Program Files\Intel\iCLS Client\;C:\WINDOWS\system32;C:\WINDOWS;C:\WINDOWS\System32\Wbem;C:\WINDOWS\System32\WindowsPowerShell\v1.0\;C:\Program Files (x86)\Intel\Intel(R) Management Engine Components\DAL;C:\Program Files\Intel\Intel(R) Management Engine Components\DAL;C:\Program Files (x86)\Intel\Intel(R) Management Engine Components\IPT;C:\Program Files\Intel\Intel(R) Management Engine Components\IPT;C:\Program Files\Git\cmd;c:\OpenSSL\;e:\100\Tools\Binn\;e:\100\DTS\Binn\;e:\100\Tools\Binn\VSShell\Common7\IDE\;C:\ProgramData\chocolatey\bin;C:\Program Files\nodejs\;E:\android\platform-tools;C:\Program Files\Java\jdk1.8.0_221;C:\Program Files\Microsoft VS Code\bin;C:\Program Files\Microsoft VS Code\bin;C:\Program Files\heroku\bin;C:\Users\hunza rafiq\Desktop\openssl;C:\Users\hunza rafiq\AppData\Roaming\npm;E:\android\platform-tools
USERNAME=hunza rafiq
OS=Windows_NT
PROCESSOR_IDENTIFIER=Intel64 Family 6 Model 61 Stepping 4, GenuineIntel



---------------  S Y S T E M  ---------------

OS: Windows 10.0 , 64 bit Build 10586 (10.0.10586.589)

CPU:total 4 (initial active 4) (2 cores per cpu, 2 threads per core) family 6 model 61 stepping 4, cmov, cx8, fxsr, mmx, sse, sse2, sse3, ssse3, sse4.1, sse4.2, popcnt, avx, avx2, aes, clmul, erms, 3dnowpref, lzcnt, ht, tsc, tscinvbit, bmi1, bmi2, adx

Memory: 4k page, physical 4107804k(1000124k free), swap 4501948k(5332k free)

vm_info: Java HotSpot(TM) 64-Bit Server VM (25.221-b11) for windows-amd64 JRE (1.8.0_221-b11), built on Jul  4 2019 04:39:29 by "java_re" with MS VC++ 10.0 (VS2010)

time: Sun Jun 14 17:37:37 2020
timezone: Pakistan Standard Time
elapsed time: 124 seconds (0d 0h 2m 4s)

