#
# There is insufficient memory for the Java Runtime Environment to continue.
# Native memory allocation (malloc) failed to allocate 32744 bytes for ChunkPool::allocate
# Possible reasons:
#   The system is out of physical RAM or swap space
#   The process is running with CompressedOops enabled, and the Java Heap may be blocking the growth of the native heap
# Possible solutions:
#   Reduce memory load on the system
#   Increase physical memory or swap space
#   Check if swap backing store is full
#   Decrease Java heap size (-Xmx/-Xms)
#   Decrease number of Java threads
#   Decrease Java thread stack sizes (-Xss)
#   Set larger code cache with -XX:ReservedCodeCacheSize=
#   JVM is running with Unscaled Compressed Oops mode in which the Java heap is
#     placed in the first 4GB address space. The Java Heap base address is the
#     maximum limit for the native heap growth. Please use -XX:HeapBaseMinAddress
#     to set the Java Heap base and to place the Java Heap above 4GB virtual address.
# This output file may be truncated or incomplete.
#
#  Out of Memory Error (allocation.cpp:272), pid=892, tid=0x00000000000018ec
#
# JRE version: Java(TM) SE Runtime Environment (8.0_221-b11) (build 1.8.0_221-b11)
# Java VM: Java HotSpot(TM) 64-Bit Server VM (25.221-b11 mixed mode windows-amd64 compressed oops)
# Failed to write core dump. Minidumps are not enabled by default on client versions of Windows
#

---------------  T H R E A D  ---------------

Current thread (0x0000000017050800):  JavaThread "C1 CompilerThread2" daemon [_thread_in_native, id=6380, stack(0x0000000018850000,0x0000000018950000)]

Stack: [0x0000000018850000,0x0000000018950000]
[error occurred during error reporting (printing stack bounds), id 0xc0000005]

Native frames: (J=compiled Java code, j=interpreted, Vv=VM code, C=native code)


Current CompileTask:
C1:   6017 1978       3       sun.nio.cs.UTF_8$Decoder::decode (779 bytes)


---------------  P R O C E S S  ---------------

Java Threads: ( => current thread )
  0x000000001aa9c000 JavaThread "Cache worker for file hash cache (E:\react-native\PracticeApp\android\.gradle\6.0.1\fileHashes)" [_thread_blocked, id=7132, stack(0x000000001f580000,0x000000001f680000)]
  0x000000001aa99000 JavaThread "Cache worker for journal cache (C:\Users\hunza rafiq\.gradle\caches\journal-1)" [_thread_blocked, id=7904, stack(0x000000001cc10000,0x000000001cd10000)]
  0x000000001aa98800 JavaThread "File lock request listener" [_thread_in_native, id=752, stack(0x000000001cb10000,0x000000001cc10000)]
  0x000000001aa9a000 JavaThread "Cache worker for file hash cache (C:\Users\hunza rafiq\.gradle\caches\6.0.1\fileHashes)" [_thread_blocked, id=7536, stack(0x000000001ca10000,0x000000001cb10000)]
  0x000000001a9e4000 JavaThread "Thread-9" [_thread_blocked, id=7388, stack(0x000000001c910000,0x000000001ca10000)]
  0x000000001a9df800 JavaThread "Stdin handler" [_thread_blocked, id=4352, stack(0x000000001c810000,0x000000001c910000)]
  0x000000001a9de800 JavaThread "Asynchronous log dispatcher for DefaultDaemonConnection: socket connection from /127.0.0.1:50233 to /127.0.0.1:50234" [_thread_blocked, id=7900, stack(0x000000001c510000,0x000000001c610000)]
  0x000000001a99c000 JavaThread "Daemon worker" [_thread_in_native, id=5900, stack(0x000000001c410000,0x000000001c510000)]
  0x000000001a995800 JavaThread "Cancel handler" [_thread_blocked, id=7148, stack(0x000000001c310000,0x000000001c410000)]
  0x000000001974e000 JavaThread "Handler for socket connection from /127.0.0.1:50233 to /127.0.0.1:50234" [_thread_in_native, id=4440, stack(0x000000001c210000,0x000000001c310000)]
  0x000000001996c800 JavaThread "Daemon" [_thread_blocked, id=5748, stack(0x000000001c110000,0x000000001c210000)]
  0x000000001a93a000 JavaThread "Daemon periodic checks" [_thread_blocked, id=7860, stack(0x000000001c010000,0x000000001c110000)]
  0x000000001a923800 JavaThread "Incoming local TCP Connector on port 50233" [_thread_in_native, id=7840, stack(0x000000001be30000,0x000000001bf30000)]
  0x000000001a8a7800 JavaThread "Daemon health stats" [_thread_blocked, id=8032, stack(0x000000001b6f0000,0x000000001b7f0000)]
  0x0000000018978800 JavaThread "Service Thread" daemon [_thread_blocked, id=8040, stack(0x0000000018d50000,0x0000000018e50000)]
=>0x0000000017050800 JavaThread "C1 CompilerThread2" daemon [_thread_in_native, id=6380, stack(0x0000000018850000,0x0000000018950000)]
  0x000000001702d000 JavaThread "C2 CompilerThread1" daemon [_thread_in_native, id=3616, stack(0x0000000018750000,0x0000000018850000)]
  0x0000000017029800 JavaThread "C2 CompilerThread0" daemon [_thread_in_native, id=3500, stack(0x0000000018650000,0x0000000018750000)]
  0x0000000017028000 JavaThread "Attach Listener" daemon [_thread_blocked, id=7016, stack(0x0000000018550000,0x0000000018650000)]
  0x0000000017024000 JavaThread "Signal Dispatcher" daemon [_thread_blocked, id=1044, stack(0x0000000018450000,0x0000000018550000)]
  0x0000000017009800 JavaThread "Finalizer" daemon [_thread_blocked, id=5552, stack(0x0000000018270000,0x0000000018370000)]
  0x00000000023f4000 JavaThread "Reference Handler" daemon [_thread_blocked, id=7396, stack(0x0000000018170000,0x0000000018270000)]
  0x0000000002303800 JavaThread "main" [_thread_blocked, id=2764, stack(0x0000000002080000,0x0000000002180000)]

Other Threads:
  0x0000000016fe8000 VMThread [stack: 0x0000000018070000,0x0000000018170000] [id=7452]
  0x0000000018995800 WatcherThread [stack: 0x0000000018e50000,0x0000000018f50000] [id=7756]

VM state:not at safepoint (normal execution)

VM Mutex/Monitor currently owned by a thread: None

heap address: 0x0000000080000000, size: 2048 MB, Compressed Oops mode: 32-bit
Narrow klass base: 0x0000000000000000, Narrow klass shift: 3
Compressed class space size: 1073741824 Address: 0x0000000100000000

Heap:
 PSYoungGen      total 69632K, used 31626K [0x00000000d5580000, 0x00000000da080000, 0x0000000100000000)
  eden space 62976K, 50% used [0x00000000d5580000,0x00000000d74628a0,0x00000000d9300000)
  from space 6656K, 0% used [0x00000000d9300000,0x00000000d9300000,0x00000000d9980000)
  to   space 6144K, 0% used [0x00000000d9980000,0x00000000d9980000,0x00000000d9f80000)
 ParOldGen       total 35328K, used 9408K [0x0000000080000000, 0x0000000082280000, 0x00000000d5580000)
  object space 35328K, 26% used [0x0000000080000000,0x0000000080930140,0x0000000082280000)
 Metaspace       used 25706K, capacity 26248K, committed 26624K, reserved 1073152K
  class space    used 3546K, capacity 3728K, committed 3840K, reserved 1048576K

Card table byte_map: [0x00000000117c0000,0x0000000011bd0000] byte_map_base: 0x00000000113c0000

Marking Bits: (ParMarkBitMap*) 0x0000000061955ce0
 Begin Bits: [0x0000000012280000, 0x0000000014280000)
 End Bits:   [0x0000000014280000, 0x0000000016280000)

Polling page: 0x0000000000870000

CodeCache: size=245760Kb used=8160Kb max_used=8160Kb free=237599Kb
 bounds [0x0000000002400000, 0x0000000002c00000, 0x0000000011400000]
 total_blobs=2633 nmethods=1971 adapters=574
 compilation: enabled

Compilation events (10 events):
Event: 5.912 Thread 0x0000000017050800 nmethod 1973 0x0000000002bf8bd0 code [0x0000000002bf8d80, 0x0000000002bf94a8]
Event: 5.913 Thread 0x0000000017050800 1974       3       org.codehaus.groovy.util.ComplexKeyHashMap$1::nextEntry (69 bytes)
Event: 5.913 Thread 0x0000000017050800 nmethod 1974 0x0000000002bf9710 code [0x0000000002bf98a0, 0x0000000002bf9c28]
Event: 5.940 Thread 0x0000000017050800 1975       3       jdk.internal.org.objectweb.asm.MethodWriter::visitFieldInsn (248 bytes)
Event: 5.941 Thread 0x0000000017050800 nmethod 1975 0x0000000002bf9e50 code [0x0000000002bfa020, 0x0000000002bfa8d8]
Event: 6.004 Thread 0x0000000017050800 1976       3       com.google.common.collect.ImmutableCollection$ArrayBasedBuilder::getReadyToExpandTo (64 bytes)
Event: 6.006 Thread 0x0000000017050800 nmethod 1976 0x0000000002bfac90 code [0x0000000002bfae40, 0x0000000002bfb388]
Event: 6.006 Thread 0x0000000017050800 1977       3       com.google.common.cache.LocalCache::expiresAfterAccess (15 bytes)
Event: 6.006 Thread 0x0000000017050800 nmethod 1977 0x0000000002bfb510 code [0x0000000002bfb660, 0x0000000002bfb810]
Event: 6.008 Thread 0x0000000017050800 1978       3       sun.nio.cs.UTF_8$Decoder::decode (779 bytes)

GC Heap History (10 events):
Event: 2.983 GC heap before
{Heap before GC invocations=6 (full 0):
 PSYoungGen      total 18944K, used 18928K [0x00000000d5580000, 0x00000000d7e80000, 0x0000000100000000)
  eden space 16384K, 100% used [0x00000000d5580000,0x00000000d6580000,0x00000000d6580000)
  from space 2560K, 99% used [0x00000000d6580000,0x00000000d67fc030,0x00000000d6800000)
  to   space 4608K, 0% used [0x00000000d7a00000,0x00000000d7a00000,0x00000000d7e80000)
 ParOldGen       total 44032K, used 2691K [0x0000000080000000, 0x0000000082b00000, 0x00000000d5580000)
  object space 44032K, 6% used [0x0000000080000000,0x00000000802a0d08,0x0000000082b00000)
 Metaspace       used 11977K, capacity 12302K, committed 12544K, reserved 1060864K
  class space    used 1656K, capacity 1779K, committed 1792K, reserved 1048576K
Event: 2.991 GC heap after
Heap after GC invocations=6 (full 0):
 PSYoungGen      total 36352K, used 4596K [0x00000000d5580000, 0x00000000d8080000, 0x0000000100000000)
  eden space 31744K, 0% used [0x00000000d5580000,0x00000000d5580000,0x00000000d7480000)
  from space 4608K, 99% used [0x00000000d7a00000,0x00000000d7e7d090,0x00000000d7e80000)
  to   space 5632K, 0% used [0x00000000d7480000,0x00000000d7480000,0x00000000d7a00000)
 ParOldGen       total 44032K, used 2939K [0x0000000080000000, 0x0000000082b00000, 0x00000000d5580000)
  object space 44032K, 6% used [0x0000000080000000,0x00000000802deea8,0x0000000082b00000)
 Metaspace       used 11977K, capacity 12302K, committed 12544K, reserved 1060864K
  class space    used 1656K, capacity 1779K, committed 1792K, reserved 1048576K
}
Event: 3.512 GC heap before
{Heap before GC invocations=7 (full 0):
 PSYoungGen      total 36352K, used 36340K [0x00000000d5580000, 0x00000000d8080000, 0x0000000100000000)
  eden space 31744K, 100% used [0x00000000d5580000,0x00000000d7480000,0x00000000d7480000)
  from space 4608K, 99% used [0x00000000d7a00000,0x00000000d7e7d090,0x00000000d7e80000)
  to   space 5632K, 0% used [0x00000000d7480000,0x00000000d7480000,0x00000000d7a00000)
 ParOldGen       total 44032K, used 2939K [0x0000000080000000, 0x0000000082b00000, 0x00000000d5580000)
  object space 44032K, 6% used [0x0000000080000000,0x00000000802deea8,0x0000000082b00000)
 Metaspace       used 14403K, capacity 14678K, committed 14976K, reserved 1062912K
  class space    used 2067K, capacity 2165K, committed 2176K, reserved 1048576K
Event: 3.524 GC heap after
Heap after GC invocations=7 (full 0):
 PSYoungGen      total 37376K, used 5288K [0x00000000d5580000, 0x00000000d9f80000, 0x0000000100000000)
  eden space 31744K, 0% used [0x00000000d5580000,0x00000000d5580000,0x00000000d7480000)
  from space 5632K, 93% used [0x00000000d7480000,0x00000000d79aa3d0,0x00000000d7a00000)
  to   space 6144K, 0% used [0x00000000d9980000,0x00000000d9980000,0x00000000d9f80000)
 ParOldGen       total 44032K, used 4403K [0x0000000080000000, 0x0000000082b00000, 0x00000000d5580000)
  object space 44032K, 10% used [0x0000000080000000,0x000000008044cf18,0x0000000082b00000)
 Metaspace       used 14403K, capacity 14678K, committed 14976K, reserved 1062912K
  class space    used 2067K, capacity 2165K, committed 2176K, reserved 1048576K
}
Event: 4.291 GC heap before
{Heap before GC invocations=8 (full 0):
 PSYoungGen      total 37376K, used 37032K [0x00000000d5580000, 0x00000000d9f80000, 0x0000000100000000)
  eden space 31744K, 100% used [0x00000000d5580000,0x00000000d7480000,0x00000000d7480000)
  from space 5632K, 93% used [0x00000000d7480000,0x00000000d79aa3d0,0x00000000d7a00000)
  to   space 6144K, 0% used [0x00000000d9980000,0x00000000d9980000,0x00000000d9f80000)
 ParOldGen       total 44032K, used 4403K [0x0000000080000000, 0x0000000082b00000, 0x00000000d5580000)
  object space 44032K, 10% used [0x0000000080000000,0x000000008044cf18,0x0000000082b00000)
 Metaspace       used 17370K, capacity 17884K, committed 18176K, reserved 1064960K
  class space    used 2549K, capacity 2720K, committed 2816K, reserved 1048576K
Event: 4.308 GC heap after
Heap after GC invocations=8 (full 0):
 PSYoungGen      total 69120K, used 5692K [0x00000000d5580000, 0x00000000da080000, 0x0000000100000000)
  eden space 62976K, 0% used [0x00000000d5580000,0x00000000d5580000,0x00000000d9300000)
  from space 6144K, 92% used [0x00000000d9980000,0x00000000d9f0f018,0x00000000d9f80000)
  to   space 6656K, 0% used [0x00000000d9300000,0x00000000d9300000,0x00000000d9980000)
 ParOldGen       total 44032K, used 5011K [0x0000000080000000, 0x0000000082b00000, 0x00000000d5580000)
  object space 44032K, 11% used [0x0000000080000000,0x00000000804e4f18,0x0000000082b00000)
 Metaspace       used 17370K, capacity 17884K, committed 18176K, reserved 1064960K
  class space    used 2549K, capacity 2720K, committed 2816K, reserved 1048576K
}
Event: 4.969 GC heap before
{Heap before GC invocations=9 (full 0):
 PSYoungGen      total 69120K, used 34705K [0x00000000d5580000, 0x00000000da080000, 0x0000000100000000)
  eden space 62976K, 46% used [0x00000000d5580000,0x00000000d71d5498,0x00000000d9300000)
  from space 6144K, 92% used [0x00000000d9980000,0x00000000d9f0f018,0x00000000d9f80000)
  to   space 6656K, 0% used [0x00000000d9300000,0x00000000d9300000,0x00000000d9980000)
 ParOldGen       total 44032K, used 5011K [0x0000000080000000, 0x0000000082b00000, 0x00000000d5580000)
  object space 44032K, 11% used [0x0000000080000000,0x00000000804e4f18,0x0000000082b00000)
 Metaspace       used 20697K, capacity 21108K, committed 21296K, reserved 1067008K
  class space    used 3006K, capacity 3172K, committed 3200K, reserved 1048576K
Event: 4.986 GC heap after
Heap after GC invocations=9 (full 0):
 PSYoungGen      total 69632K, used 5766K [0x00000000d5580000, 0x00000000da080000, 0x0000000100000000)
  eden space 62976K, 0% used [0x00000000d5580000,0x00000000d5580000,0x00000000d9300000)
  from space 6656K, 86% used [0x00000000d9300000,0x00000000d98a1a90,0x00000000d9980000)
  to   space 6144K, 0% used [0x00000000d9980000,0x00000000d9980000,0x00000000d9f80000)
 ParOldGen       total 44032K, used 6227K [0x0000000080000000, 0x0000000082b00000, 0x00000000d5580000)
  object space 44032K, 14% used [0x0000000080000000,0x0000000080614f90,0x0000000082b00000)
 Metaspace       used 20697K, capacity 21108K, committed 21296K, reserved 1067008K
  class space    used 3006K, capacity 3172K, committed 3200K, reserved 1048576K
}
Event: 4.986 GC heap before
{Heap before GC invocations=10 (full 1):
 PSYoungGen      total 69632K, used 5766K [0x00000000d5580000, 0x00000000da080000, 0x0000000100000000)
  eden space 62976K, 0% used [0x00000000d5580000,0x00000000d5580000,0x00000000d9300000)
  from space 6656K, 86% used [0x00000000d9300000,0x00000000d98a1a90,0x00000000d9980000)
  to   space 6144K, 0% used [0x00000000d9980000,0x00000000d9980000,0x00000000d9f80000)
 ParOldGen       total 44032K, used 6227K [0x0000000080000000, 0x0000000082b00000, 0x00000000d5580000)
  object space 44032K, 14% used [0x0000000080000000,0x0000000080614f90,0x0000000082b00000)
 Metaspace       used 20697K, capacity 21108K, committed 21296K, reserved 1067008K
  class space    used 3006K, capacity 3172K, committed 3200K, reserved 1048576K
Event: 5.065 GC heap after
Heap after GC invocations=10 (full 1):
 PSYoungGen      total 69632K, used 0K [0x00000000d5580000, 0x00000000da080000, 0x0000000100000000)
  eden space 62976K, 0% used [0x00000000d5580000,0x00000000d5580000,0x00000000d9300000)
  from space 6656K, 0% used [0x00000000d9300000,0x00000000d9300000,0x00000000d9980000)
  to   space 6144K, 0% used [0x00000000d9980000,0x00000000d9980000,0x00000000d9f80000)
 ParOldGen       total 35328K, used 9408K [0x0000000080000000, 0x0000000082280000, 0x00000000d5580000)
  object space 35328K, 26% used [0x0000000080000000,0x0000000080930140,0x0000000082280000)
 Metaspace       used 20697K, capacity 21108K, committed 21296K, reserved 1067008K
  class space    used 3006K, capacity 3172K, committed 3200K, reserved 1048576K
}

Deoptimization events (10 events):
Event: 3.843 Thread 0x000000001a99c000 Uncommon trap: reason=unstable_if action=reinterpret pc=0x00000000028770f4 method=java.util.HashMap.putVal(ILjava/lang/Object;Ljava/lang/Object;ZZ)Ljava/lang/Object; @ 236
Event: 4.449 Thread 0x000000001a99c000 Uncommon trap: reason=unstable_if action=reinterpret pc=0x0000000002703e40 method=java.io.File.getName()Ljava/lang/String; @ 16
Event: 5.461 Thread 0x000000001a99c000 Uncommon trap: reason=class_check action=maybe_recompile pc=0x0000000002a485e8 method=sun.misc.URLClassPath.getLoader(I)Lsun/misc/URLClassPath$Loader; @ 94
Event: 5.461 Thread 0x000000001a99c000 Uncommon trap: reason=class_check action=maybe_recompile pc=0x0000000002991eac method=sun.misc.URLClassPath.getResource(Ljava/lang/String;Z)Lsun/misc/Resource; @ 62
Event: 5.462 Thread 0x000000001a99c000 Uncommon trap: reason=unstable_if action=reinterpret pc=0x0000000002a12db8 method=java.lang.String.regionMatches(ZILjava/lang/String;II)Z @ 41
Event: 5.465 Thread 0x000000001a99c000 Uncommon trap: reason=unstable_if action=reinterpret pc=0x00000000028c7a84 method=java.lang.ClassLoader.getClassLoadingLock(Ljava/lang/String;)Ljava/lang/Object; @ 6
Event: 5.497 Thread 0x000000001a99c000 Uncommon trap: reason=class_check action=maybe_recompile pc=0x0000000002a48ab8 method=sun.misc.URLClassPath.getLoader(I)Lsun/misc/URLClassPath$Loader; @ 239
Event: 5.516 Thread 0x000000001a99c000 Uncommon trap: reason=class_check action=maybe_recompile pc=0x0000000002a48ab8 method=sun.misc.URLClassPath.getLoader(I)Lsun/misc/URLClassPath$Loader; @ 239
Event: 6.007 Thread 0x000000001a99c000 Uncommon trap: reason=unstable_if action=reinterpret pc=0x0000000002693604 method=sun.nio.cs.UTF_8$Decoder.decode([BII[C)I @ 30
Event: 6.008 Thread 0x000000001a99c000 Uncommon trap: reason=unstable_if action=reinterpret pc=0x00000000025c70d8 method=sun.nio.cs.UTF_8$Encoder.encode([CII[B)I @ 33

Classes redefined (0 events):
No events

Internal exceptions (10 events):
Event: 5.550 Thread 0x000000001a99c000 Exception <a 'java/lang/ClassNotFoundException': org/gradle/api/internal/project/AbstractPluginAwareBeanInfo> (0x00000000d6657ca8) thrown at [C:\re\workspace\8-2-build-windows-amd64-cygwin\jdk8u221\13320\hotspot\src\share\vm\classfile\systemDictionary.cpp
Event: 5.551 Thread 0x000000001a99c000 Exception <a 'java/lang/ClassNotFoundException': org/gradle/api/internal/project/AbstractPluginAwareCustomizer> (0x00000000d668abd8) thrown at [C:\re\workspace\8-2-build-windows-amd64-cygwin\jdk8u221\13320\hotspot\src\share\vm\classfile\systemDictionary.c
Event: 5.554 Thread 0x000000001a99c000 Exception <a 'java/lang/ClassNotFoundException': org/gradle/initialization/DefaultSettingsCustomizer> (0x00000000d66c0428) thrown at [C:\re\workspace\8-2-build-windows-amd64-cygwin\jdk8u221\13320\hotspot\src\share\vm\classfile\systemDictionary.cpp, line 2
Event: 5.561 Thread 0x000000001a99c000 Exception <a 'java/lang/ClassNotFoundException': org/gradle/initialization/DefaultSettings_DecoratedCustomizer> (0x00000000d672eaf0) thrown at [C:\re\workspace\8-2-build-windows-amd64-cygwin\jdk8u221\13320\hotspot\src\share\vm\classfile\systemDictionary.c
Event: 5.578 Thread 0x000000001a99c000 Exception <a 'java/lang/ClassNotFoundException': org/gradle/initialization/DefaultProjectDescriptorBeanInfo> (0x00000000d6801fe8) thrown at [C:\re\workspace\8-2-build-windows-amd64-cygwin\jdk8u221\13320\hotspot\src\share\vm\classfile\systemDictionary.cpp,
Event: 5.579 Thread 0x000000001a99c000 Exception <a 'java/lang/ClassNotFoundException': org/gradle/initialization/DefaultProjectDescriptorCustomizer> (0x00000000d6832d40) thrown at [C:\re\workspace\8-2-build-windows-amd64-cygwin\jdk8u221\13320\hotspot\src\share\vm\classfile\systemDictionary.cp
Event: 5.775 Thread 0x000000001a99c000 Exception <a 'java/lang/ClassNotFoundException': java/io/FileBeanInfo> (0x00000000d6d41b68) thrown at [C:\re\workspace\8-2-build-windows-amd64-cygwin\jdk8u221\13320\hotspot\src\share\vm\classfile\systemDictionary.cpp, line 210]
Event: 5.776 Thread 0x000000001a99c000 Exception <a 'java/lang/ClassNotFoundException': java/io/FileCustomizer> (0x00000000d6d448f8) thrown at [C:\re\workspace\8-2-build-windows-amd64-cygwin\jdk8u221\13320\hotspot\src\share\vm\classfile\systemDictionary.cpp, line 210]
Event: 5.903 Thread 0x000000001a99c000 Exception <a 'java/lang/ClassNotFoundException': org/gradle/api/internal/plugins/DefaultObjectConfigurationActionBeanInfo> (0x00000000d6f568e8) thrown at [C:\re\workspace\8-2-build-windows-amd64-cygwin\jdk8u221\13320\hotspot\src\share\vm\classfile\systemD
Event: 5.904 Thread 0x000000001a99c000 Exception <a 'java/lang/ClassNotFoundException': org/gradle/api/internal/plugins/DefaultObjectConfigurationActionCustomizer> (0x00000000d6f8ebc0) thrown at [C:\re\workspace\8-2-build-windows-amd64-cygwin\jdk8u221\13320\hotspot\src\share\vm\classfile\syste

Events (10 events):
Event: 6.002 loading class org/gradle/internal/resource/transfer/CacheAwareExternalResourceAccessor$ResourceFileStore
Event: 6.002 loading class org/gradle/internal/resource/transfer/CacheAwareExternalResourceAccessor$ResourceFileStore done
Event: 6.003 loading class org/gradle/internal/resource/transfer/CachingTextUriResourceLoader
Event: 6.003 loading class org/gradle/internal/resource/transfer/CachingTextUriResourceLoader done
Event: 6.007 Thread 0x000000001a99c000 Uncommon trap: trap_request=0xffffff65 fr.pc=0x0000000002693604
Event: 6.007 Thread 0x000000001a99c000 DEOPT PACKING pc=0x0000000002693604 sp=0x000000001c50aad0
Event: 6.007 Thread 0x000000001a99c000 DEOPT UNPACKING pc=0x000000000244583b sp=0x000000001c50aa50 mode 2
Event: 6.008 Thread 0x000000001a99c000 Uncommon trap: trap_request=0xffffff65 fr.pc=0x00000000025c70d8
Event: 6.008 Thread 0x000000001a99c000 DEOPT PACKING pc=0x00000000025c70d8 sp=0x000000001c50abd0
Event: 6.008 Thread 0x000000001a99c000 DEOPT UNPACKING pc=0x000000000244583b sp=0x000000001c50ab68 mode 2


Dynamic libraries:
0x00007ff6ee4c0000 - 0x00007ff6ee4f7000 	C:\Program Files\Java\jdk1.8.0_221\bin\java.exe
0x00007ff984ab0000 - 0x00007ff984c71000 	C:\WINDOWS\SYSTEM32\ntdll.dll
0x00007ff982c90000 - 0x00007ff982d3d000 	C:\WINDOWS\system32\KERNEL32.DLL
0x00007ff981480000 - 0x00007ff981668000 	C:\WINDOWS\system32\KERNELBASE.dll
0x00007ff984980000 - 0x00007ff984a27000 	C:\WINDOWS\system32\ADVAPI32.dll
0x00007ff982590000 - 0x00007ff98262d000 	C:\WINDOWS\system32\msvcrt.dll
0x00007ff982630000 - 0x00007ff98268b000 	C:\WINDOWS\system32\sechost.dll
0x00007ff984610000 - 0x00007ff98472d000 	C:\WINDOWS\system32\RPCRT4.dll
0x00007ff9821b0000 - 0x00007ff982306000 	C:\WINDOWS\system32\USER32.dll
0x00007ff982b00000 - 0x00007ff982c87000 	C:\WINDOWS\system32\GDI32.dll
0x00007ff973b90000 - 0x00007ff973e04000 	C:\WINDOWS\WinSxS\amd64_microsoft.windows.common-controls_6595b64144ccf1df_6.0.10586.839_none_a2ddba30a539a2ae\COMCTL32.dll
0x00007ff982dc0000 - 0x00007ff98303e000 	C:\WINDOWS\system32\combase.dll
0x00007ff981410000 - 0x00007ff98147a000 	C:\WINDOWS\system32\bcryptPrimitives.dll
0x00007ff982690000 - 0x00007ff9826cb000 	C:\WINDOWS\system32\IMM32.DLL
0x00000000619e0000 - 0x0000000061ab2000 	C:\Program Files\Java\jdk1.8.0_221\jre\bin\msvcr100.dll
0x0000000061130000 - 0x00000000619d5000 	C:\Program Files\Java\jdk1.8.0_221\jre\bin\server\jvm.dll
0x00007ff983040000 - 0x00007ff983048000 	C:\WINDOWS\system32\PSAPI.DLL
0x00007ff977970000 - 0x00007ff977979000 	C:\WINDOWS\SYSTEM32\WSOCK32.dll
0x00007ff982d40000 - 0x00007ff982dab000 	C:\WINDOWS\system32\WS2_32.dll
0x00007ff97f8c0000 - 0x00007ff97f8e3000 	C:\WINDOWS\SYSTEM32\WINMM.dll
0x00007ff977c00000 - 0x00007ff977c0a000 	C:\WINDOWS\SYSTEM32\VERSION.dll
0x00007ff97f860000 - 0x00007ff97f88c000 	C:\WINDOWS\SYSTEM32\WINMMBASE.dll
0x00007ff981d70000 - 0x00007ff981db3000 	C:\WINDOWS\system32\cfgmgr32.dll
0x00007ff974a80000 - 0x00007ff974a8f000 	C:\Program Files\Java\jdk1.8.0_221\jre\bin\verify.dll
0x00007ff95c1f0000 - 0x00007ff95c219000 	C:\Program Files\Java\jdk1.8.0_221\jre\bin\java.dll
0x00007ff96d350000 - 0x00007ff96d366000 	C:\Program Files\Java\jdk1.8.0_221\jre\bin\zip.dll
0x00007ff983050000 - 0x00007ff9845ac000 	C:\WINDOWS\system32\SHELL32.dll
0x00007ff981720000 - 0x00007ff981d65000 	C:\WINDOWS\system32\windows.storage.dll
0x00007ff984730000 - 0x00007ff984782000 	C:\WINDOWS\system32\shlwapi.dll
0x00007ff981100000 - 0x00007ff98110f000 	C:\WINDOWS\system32\kernel.appcore.dll
0x00007ff981180000 - 0x00007ff981235000 	C:\WINDOWS\system32\shcore.dll
0x00007ff981110000 - 0x00007ff98115b000 	C:\WINDOWS\system32\powrprof.dll
0x00007ff9810d0000 - 0x00007ff9810e4000 	C:\WINDOWS\system32\profapi.dll
0x00007ff96ca50000 - 0x00007ff96ca6a000 	C:\Program Files\Java\jdk1.8.0_221\jre\bin\net.dll
0x00007ff970210000 - 0x00007ff9703c7000 	C:\WINDOWS\SYSTEM32\urlmon.dll
0x00007ff9758c0000 - 0x00007ff975c4a000 	C:\WINDOWS\SYSTEM32\iertutil.dll
0x00007ff9809a0000 - 0x00007ff9809fc000 	C:\WINDOWS\system32\mswsock.dll
0x00007ff9612e0000 - 0x00007ff9612f2000 	C:\Program Files\Java\jdk1.8.0_221\jre\bin\nio.dll
0x00007ff95b440000 - 0x00007ff95b466000 	C:\Users\hunza rafiq\.gradle\native\30\windows-amd64\native-platform.dll
0x00007ff9726a0000 - 0x00007ff9726ad000 	C:\Program Files\Java\jdk1.8.0_221\jre\bin\management.dll
0x00007ff980a50000 - 0x00007ff980a67000 	C:\WINDOWS\SYSTEM32\CRYPTSP.dll
0x00007ff9806e0000 - 0x00007ff980714000 	C:\WINDOWS\system32\rsaenh.dll
0x00007ff981000000 - 0x00007ff981029000 	C:\WINDOWS\SYSTEM32\bcrypt.dll
0x00007ff980830000 - 0x00007ff98084f000 	C:\WINDOWS\SYSTEM32\USERENV.dll
0x00007ff980ff0000 - 0x00007ff980ffb000 	C:\WINDOWS\SYSTEM32\CRYPTBASE.dll
0x00007ff979a60000 - 0x00007ff979a98000 	C:\WINDOWS\SYSTEM32\IPHLPAPI.DLL
0x00007ff9848a0000 - 0x00007ff9848a8000 	C:\WINDOWS\system32\NSI.dll
0x00007ff978fc0000 - 0x00007ff978fd6000 	C:\WINDOWS\SYSTEM32\dhcpcsvc6.DLL
0x00007ff978fe0000 - 0x00007ff978ffa000 	C:\WINDOWS\SYSTEM32\dhcpcsvc.DLL

VM Arguments:
jvm_args: -XX:MaxPermSize=512m -XX:+HeapDumpOnOutOfMemoryError -Xmx2048m -Dfile.encoding=UTF-8 -Duser.country=US -Duser.language=en -Duser.variant 
java_command: org.gradle.launcher.daemon.bootstrap.GradleDaemon 6.0.1
java_class_path (initial): C:\Users\hunza rafiq\.gradle\wrapper\dists\gradle-6.0.1-all\99d3u8wxs16ndehh90lbbir67\gradle-6.0.1\lib\gradle-launcher-6.0.1.jar
Launcher Type: SUN_STANDARD

Environment Variables:
JAVA_HOME=C:\Program Files\Java\jdk1.8.0_221
CLASSPATH=E:\react-native\PracticeApp\android\\gradle\wrapper\gradle-wrapper.jar
PATH=E:\react-native\PracticeApp\android\node_modules\.bin;E:\react-native\PracticeApp\node_modules\.bin;E:\react-native\node_modules\.bin;E:\node_modules\.bin;C:\Program Files\nodejs;C:\Python27\;C:\Python27\Scripts;C:\Program Files (x86)\Intel\iCLS Client\C:\Users\hunza rafiq\Desktop\openssl;C:\Program Files\Intel\iCLS Client\;C:\WINDOWS\system32;C:\WINDOWS;C:\WINDOWS\System32\Wbem;C:\WINDOWS\System32\WindowsPowerShell\v1.0\;C:\Program Files (x86)\Intel\Intel(R) Management Engine Components\DAL;C:\Program Files\Intel\Intel(R) Management Engine Components\DAL;C:\Program Files (x86)\Intel\Intel(R) Management Engine Components\IPT;C:\Program Files\Intel\Intel(R) Management Engine Components\IPT;C:\Program Files\Git\cmd;c:\OpenSSL\;e:\100\Tools\Binn\;e:\100\DTS\Binn\;e:\100\Tools\Binn\VSShell\Common7\IDE\;C:\ProgramData\chocolatey\bin;C:\Program Files\nodejs\;E:\android\platform-tools;C:\Program Files\Java\jdk1.8.0_221;C:\Program Files\Microsoft VS Code\bin;C:\Program Files\Microsoft VS Code\bin;C:\Program Files\heroku\bin;C:\Users\hunza rafiq\Desktop\openssl;C:\Users\hunza rafiq\AppData\Roaming\npm;E:\android\platform-tools
USERNAME=hunza rafiq
OS=Windows_NT
PROCESSOR_IDENTIFIER=Intel64 Family 6 Model 61 Stepping 4, GenuineIntel



---------------  S Y S T E M  ---------------

OS: Windows 10.0 , 64 bit Build 10586 (10.0.10586.589)

CPU:total 4 (initial active 4) (2 cores per cpu, 2 threads per core) family 6 model 61 stepping 4, cmov, cx8, fxsr, mmx, sse, sse2, sse3, ssse3, sse4.1, sse4.2, popcnt, avx, avx2, aes, clmul, erms, 3dnowpref, lzcnt, ht, tsc, tscinvbit, bmi1, bmi2, adx

Memory: 4k page, physical 4107804k(709860k free), swap 4509436k(11556k free)

vm_info: Java HotSpot(TM) 64-Bit Server VM (25.221-b11) for windows-amd64 JRE (1.8.0_221-b11), built on Jul  4 2019 04:39:29 by "java_re" with MS VC++ 10.0 (VS2010)

time: Sat Jun 13 10:40:23 2020
timezone: Pakistan Standard Time
elapsed time: 6 seconds (0d 0h 0m 6s)

