#
# There is insufficient memory for the Java Runtime Environment to continue.
# Native memory allocation (malloc) failed to allocate 32744 bytes for ChunkPool::allocate
# Possible reasons:
#   The system is out of physical RAM or swap space
#   The process is running with CompressedOops enabled, and the Java Heap may be blocking the growth of the native heap
# Possible solutions:
#   Reduce memory load on the system
#   Increase physical memory or swap space
#   Check if swap backing store is full
#   Decrease Java heap size (-Xmx/-Xms)
#   Decrease number of Java threads
#   Decrease Java thread stack sizes (-Xss)
#   Set larger code cache with -XX:ReservedCodeCacheSize=
#   JVM is running with Unscaled Compressed Oops mode in which the Java heap is
#     placed in the first 4GB address space. The Java Heap base address is the
#     maximum limit for the native heap growth. Please use -XX:HeapBaseMinAddress
#     to set the Java Heap base and to place the Java Heap above 4GB virtual address.
# This output file may be truncated or incomplete.
#
#  Out of Memory Error (allocation.cpp:272), pid=7624, tid=0x0000000000000b6c
#
# JRE version: Java(TM) SE Runtime Environment (8.0_221-b11) (build 1.8.0_221-b11)
# Java VM: Java HotSpot(TM) 64-Bit Server VM (25.221-b11 mixed mode windows-amd64 compressed oops)
# Failed to write core dump. Minidumps are not enabled by default on client versions of Windows
#

---------------  T H R E A D  ---------------

Current thread (0x00000000141b6800):  JavaThread "C2 CompilerThread1" daemon [_thread_in_native, id=2924, stack(0x00000000158e0000,0x00000000159e0000)]

Stack: [0x00000000158e0000,0x00000000159e0000]
[error occurred during error reporting (printing stack bounds), id 0xc0000005]

Native frames: (J=compiled Java code, j=interpreted, Vv=VM code, C=native code)


Current CompileTask:
C2:   6562 1906   !   4       java.net.URLClassLoader$1::run (63 bytes)


---------------  P R O C E S S  ---------------

Java Threads: ( => current thread )
  0x0000000017d9c800 JavaThread "Cache worker for file hash cache (E:\react-native\PracticeApp\android\.gradle\6.0.1\fileHashes)" [_thread_blocked, id=348, stack(0x000000001d610000,0x000000001d710000)]
  0x0000000017d9d800 JavaThread "Cache worker for journal cache (C:\Users\hunza rafiq\.gradle\caches\journal-1)" [_thread_blocked, id=7908, stack(0x0000000019ca0000,0x0000000019da0000)]
  0x0000000017d9a800 JavaThread "File lock request listener" [_thread_in_native, id=7500, stack(0x0000000019ba0000,0x0000000019ca0000)]
  0x0000000017d9c000 JavaThread "Cache worker for file hash cache (C:\Users\hunza rafiq\.gradle\caches\6.0.1\fileHashes)" [_thread_blocked, id=7348, stack(0x0000000019aa0000,0x0000000019ba0000)]
  0x0000000017b3f800 JavaThread "Thread-9" [_thread_blocked, id=1080, stack(0x00000000199a0000,0x0000000019aa0000)]
  0x0000000017ce0000 JavaThread "Stdin handler" [_thread_blocked, id=8480, stack(0x00000000198a0000,0x00000000199a0000)]
  0x0000000017b3a800 JavaThread "Asynchronous log dispatcher for DefaultDaemonConnection: socket connection from /127.0.0.1:54428 to /127.0.0.1:54429" [_thread_blocked, id=7252, stack(0x00000000197a0000,0x00000000198a0000)]
  0x0000000017cc4000 JavaThread "Daemon worker" [_thread_in_vm, id=2696, stack(0x00000000194a0000,0x00000000195a0000)]
  0x0000000017cbf000 JavaThread "Cancel handler" [_thread_blocked, id=4232, stack(0x00000000193a0000,0x00000000194a0000)]
  0x0000000016d1b000 JavaThread "Handler for socket connection from /127.0.0.1:54428 to /127.0.0.1:54429" [_thread_in_native, id=6948, stack(0x00000000192a0000,0x00000000193a0000)]
  0x0000000017ab0000 JavaThread "Daemon" [_thread_blocked, id=6172, stack(0x00000000191a0000,0x00000000192a0000)]
  0x0000000017a24000 JavaThread "Daemon periodic checks" [_thread_blocked, id=1688, stack(0x00000000190a0000,0x00000000191a0000)]
  0x0000000017c15800 JavaThread "Incoming local TCP Connector on port 54428" [_thread_in_native, id=4216, stack(0x0000000018ec0000,0x0000000018fc0000)]
  0x000000001793c800 JavaThread "Daemon health stats" [_thread_blocked, id=3536, stack(0x0000000018880000,0x0000000018980000)]
  0x0000000015b0b800 JavaThread "Service Thread" daemon [_thread_blocked, id=7216, stack(0x0000000015ee0000,0x0000000015fe0000)]
  0x00000000141bf800 JavaThread "C1 CompilerThread2" daemon [_thread_blocked, id=8464, stack(0x00000000159e0000,0x0000000015ae0000)]
=>0x00000000141b6800 JavaThread "C2 CompilerThread1" daemon [_thread_in_native, id=2924, stack(0x00000000158e0000,0x00000000159e0000)]
  0x00000000141b2000 JavaThread "C2 CompilerThread0" daemon [_thread_in_native, id=6364, stack(0x00000000157e0000,0x00000000158e0000)]
  0x00000000141b0800 JavaThread "Attach Listener" daemon [_thread_blocked, id=3720, stack(0x00000000156e0000,0x00000000157e0000)]
  0x00000000141ab000 JavaThread "Signal Dispatcher" daemon [_thread_blocked, id=1084, stack(0x00000000155e0000,0x00000000156e0000)]
  0x0000000014199800 JavaThread "Finalizer" daemon [_thread_blocked, id=6304, stack(0x0000000015400000,0x0000000015500000)]
  0x0000000002d81800 JavaThread "Reference Handler" daemon [_thread_blocked, id=7632, stack(0x0000000015300000,0x0000000015400000)]
  0x0000000002c92800 JavaThread "main" [_thread_blocked, id=4960, stack(0x0000000002b90000,0x0000000002c90000)]

Other Threads:
  0x0000000014177800 VMThread [stack: 0x0000000015200000,0x0000000015300000] [id=4176]
  0x0000000015b34000 WatcherThread [stack: 0x0000000015fe0000,0x00000000160e0000] [id=3180]

VM state:not at safepoint (normal execution)

VM Mutex/Monitor currently owned by a thread:  ([mutex/lock_event])
[0x0000000002b8d190] CodeCache_lock - owner thread: 0x0000000017cc4000
[0x0000000002b8e360] AdapterHandlerLibrary_lock - owner thread: 0x0000000017cc4000

heap address: 0x00000000e0000000, size: 512 MB, Compressed Oops mode: 32-bit
Narrow klass base: 0x0000000000000000, Narrow klass shift: 3
Compressed class space size: 1073741824 Address: 0x0000000100000000

Heap:
 PSYoungGen      total 76288K, used 23588K [0x00000000f5580000, 0x00000000fea80000, 0x0000000100000000)
  eden space 65536K, 35% used [0x00000000f5580000,0x00000000f6c89078,0x00000000f9580000)
  from space 10752K, 0% used [0x00000000fa000000,0x00000000fa000000,0x00000000faa80000)
  to   space 10752K, 0% used [0x00000000f9580000,0x00000000f9580000,0x00000000fa000000)
 ParOldGen       total 175104K, used 7069K [0x00000000e0000000, 0x00000000eab00000, 0x00000000f5580000)
  object space 175104K, 4% used [0x00000000e0000000,0x00000000e06e7590,0x00000000eab00000)
 Metaspace       used 24870K, capacity 25316K, committed 25728K, reserved 1071104K
  class space    used 3434K, capacity 3591K, committed 3712K, reserved 1048576K

Card table byte_map: [0x0000000012150000,0x0000000012260000] byte_map_base: 0x0000000011a50000

Marking Bits: (ParMarkBitMap*) 0x0000000077f75ce0
 Begin Bits: [0x0000000012710000, 0x0000000012f10000)
 End Bits:   [0x0000000012f10000, 0x0000000013710000)

Polling page: 0x0000000001100000

CodeCache: size=245760Kb used=8111Kb max_used=8111Kb free=237648Kb
 bounds [0x0000000002d90000, 0x0000000003580000, 0x0000000011d90000]
 total_blobs=2656 nmethods=2000 adapters=567
 compilation: enabled

Compilation events (10 events):
Event: 6.270 Thread 0x00000000141bf800 2002  s!   3       java.beans.PropertyDescriptor::getPropertyType (33 bytes)
Event: 6.271 Thread 0x00000000141bf800 nmethod 2002 0x00000000034889d0 code [0x0000000003488bc0, 0x0000000003489628]
Event: 6.272 Thread 0x00000000141bf800 2003       3       java.beans.Introspector::decapitalize (68 bytes)
Event: 6.274 Thread 0x00000000141bf800 nmethod 2003 0x0000000003489a90 code [0x0000000003489da0, 0x000000000348b418]
Event: 6.274 Thread 0x00000000141bf800 2004       3       org.codehaus.groovy.util.ComplexKeyHashMap$1::hasNext (13 bytes)
Event: 6.275 Thread 0x00000000141bf800 nmethod 2004 0x000000000348bf10 code [0x000000000348c060, 0x000000000348c210]
Event: 6.329 Thread 0x00000000141bf800 2005       3       java.util.concurrent.locks.AbstractQueuedSynchronizer::transferAfterCancelledWait (34 bytes)
Event: 6.330 Thread 0x00000000141bf800 nmethod 2005 0x000000000348c290 code [0x000000000348c440, 0x000000000348ca78]
Event: 6.330 Thread 0x00000000141bf800 2006       3       java.util.concurrent.locks.AbstractQueuedSynchronizer::enq (58 bytes)
Event: 6.331 Thread 0x00000000141bf800 nmethod 2006 0x000000000348ccd0 code [0x000000000348ce60, 0x000000000348d390]

GC Heap History (10 events):
Event: 1.966 GC heap before
{Heap before GC invocations=1 (full 0):
 PSYoungGen      total 76288K, used 65536K [0x00000000f5580000, 0x00000000faa80000, 0x0000000100000000)
  eden space 65536K, 100% used [0x00000000f5580000,0x00000000f9580000,0x00000000f9580000)
  from space 10752K, 0% used [0x00000000fa000000,0x00000000fa000000,0x00000000faa80000)
  to   space 10752K, 0% used [0x00000000f9580000,0x00000000f9580000,0x00000000fa000000)
 ParOldGen       total 175104K, used 0K [0x00000000e0000000, 0x00000000eab00000, 0x00000000f5580000)
  object space 175104K, 0% used [0x00000000e0000000,0x00000000e0000000,0x00000000eab00000)
 Metaspace       used 7005K, capacity 7240K, committed 7424K, reserved 1056768K
  class space    used 874K, capacity 948K, committed 1024K, reserved 1048576K
Event: 1.977 GC heap after
Heap after GC invocations=1 (full 0):
 PSYoungGen      total 76288K, used 5539K [0x00000000f5580000, 0x00000000faa80000, 0x0000000100000000)
  eden space 65536K, 0% used [0x00000000f5580000,0x00000000f5580000,0x00000000f9580000)
  from space 10752K, 51% used [0x00000000f9580000,0x00000000f9ae8e08,0x00000000fa000000)
  to   space 10752K, 0% used [0x00000000fa000000,0x00000000fa000000,0x00000000faa80000)
 ParOldGen       total 175104K, used 8K [0x00000000e0000000, 0x00000000eab00000, 0x00000000f5580000)
  object space 175104K, 0% used [0x00000000e0000000,0x00000000e0002000,0x00000000eab00000)
 Metaspace       used 7005K, capacity 7240K, committed 7424K, reserved 1056768K
  class space    used 874K, capacity 948K, committed 1024K, reserved 1048576K
}
Event: 3.370 GC heap before
{Heap before GC invocations=2 (full 0):
 PSYoungGen      total 76288K, used 71075K [0x00000000f5580000, 0x00000000faa80000, 0x0000000100000000)
  eden space 65536K, 100% used [0x00000000f5580000,0x00000000f9580000,0x00000000f9580000)
  from space 10752K, 51% used [0x00000000f9580000,0x00000000f9ae8e08,0x00000000fa000000)
  to   space 10752K, 0% used [0x00000000fa000000,0x00000000fa000000,0x00000000faa80000)
 ParOldGen       total 175104K, used 8K [0x00000000e0000000, 0x00000000eab00000, 0x00000000f5580000)
  object space 175104K, 0% used [0x00000000e0000000,0x00000000e0002000,0x00000000eab00000)
 Metaspace       used 14207K, capacity 14518K, committed 14720K, reserved 1062912K
  class space    used 2024K, capacity 2133K, committed 2176K, reserved 1048576K
Event: 3.384 GC heap after
Heap after GC invocations=2 (full 0):
 PSYoungGen      total 76288K, used 9331K [0x00000000f5580000, 0x00000000faa80000, 0x0000000100000000)
  eden space 65536K, 0% used [0x00000000f5580000,0x00000000f5580000,0x00000000f9580000)
  from space 10752K, 86% used [0x00000000fa000000,0x00000000fa91cd80,0x00000000faa80000)
  to   space 10752K, 0% used [0x00000000f9580000,0x00000000f9580000,0x00000000fa000000)
 ParOldGen       total 175104K, used 16K [0x00000000e0000000, 0x00000000eab00000, 0x00000000f5580000)
  object space 175104K, 0% used [0x00000000e0000000,0x00000000e0004000,0x00000000eab00000)
 Metaspace       used 14207K, capacity 14518K, committed 14720K, reserved 1062912K
  class space    used 2024K, capacity 2133K, committed 2176K, reserved 1048576K
}
Event: 5.328 GC heap before
{Heap before GC invocations=3 (full 0):
 PSYoungGen      total 76288K, used 74867K [0x00000000f5580000, 0x00000000faa80000, 0x0000000100000000)
  eden space 65536K, 100% used [0x00000000f5580000,0x00000000f9580000,0x00000000f9580000)
  from space 10752K, 86% used [0x00000000fa000000,0x00000000fa91cd80,0x00000000faa80000)
  to   space 10752K, 0% used [0x00000000f9580000,0x00000000f9580000,0x00000000fa000000)
 ParOldGen       total 175104K, used 16K [0x00000000e0000000, 0x00000000eab00000, 0x00000000f5580000)
  object space 175104K, 0% used [0x00000000e0000000,0x00000000e0004000,0x00000000eab00000)
 Metaspace       used 20291K, capacity 20756K, committed 21120K, reserved 1067008K
  class space    used 3001K, capacity 3140K, committed 3200K, reserved 1048576K
Event: 5.344 GC heap after
Heap after GC invocations=3 (full 0):
 PSYoungGen      total 76288K, used 10723K [0x00000000f5580000, 0x00000000faa80000, 0x0000000100000000)
  eden space 65536K, 0% used [0x00000000f5580000,0x00000000f5580000,0x00000000f9580000)
  from space 10752K, 99% used [0x00000000f9580000,0x00000000f9ff8db8,0x00000000fa000000)
  to   space 10752K, 0% used [0x00000000fa000000,0x00000000fa000000,0x00000000faa80000)
 ParOldGen       total 175104K, used 1694K [0x00000000e0000000, 0x00000000eab00000, 0x00000000f5580000)
  object space 175104K, 0% used [0x00000000e0000000,0x00000000e01a78f8,0x00000000eab00000)
 Metaspace       used 20291K, capacity 20756K, committed 21120K, reserved 1067008K
  class space    used 3001K, capacity 3140K, committed 3200K, reserved 1048576K
}
Event: 5.373 GC heap before
{Heap before GC invocations=4 (full 0):
 PSYoungGen      total 76288K, used 11865K [0x00000000f5580000, 0x00000000faa80000, 0x0000000100000000)
  eden space 65536K, 1% used [0x00000000f5580000,0x00000000f569d9a0,0x00000000f9580000)
  from space 10752K, 99% used [0x00000000f9580000,0x00000000f9ff8db8,0x00000000fa000000)
  to   space 10752K, 0% used [0x00000000fa000000,0x00000000fa000000,0x00000000faa80000)
 ParOldGen       total 175104K, used 1694K [0x00000000e0000000, 0x00000000eab00000, 0x00000000f5580000)
  object space 175104K, 0% used [0x00000000e0000000,0x00000000e01a78f8,0x00000000eab00000)
 Metaspace       used 20651K, capacity 21108K, committed 21296K, reserved 1067008K
  class space    used 3003K, capacity 3172K, committed 3200K, reserved 1048576K
Event: 5.391 GC heap after
Heap after GC invocations=4 (full 0):
 PSYoungGen      total 76288K, used 7156K [0x00000000f5580000, 0x00000000fea80000, 0x0000000100000000)
  eden space 65536K, 0% used [0x00000000f5580000,0x00000000f5580000,0x00000000f9580000)
  from space 10752K, 66% used [0x00000000fa000000,0x00000000fa6fd040,0x00000000faa80000)
  to   space 10752K, 0% used [0x00000000f9580000,0x00000000f9580000,0x00000000fa000000)
 ParOldGen       total 175104K, used 1702K [0x00000000e0000000, 0x00000000eab00000, 0x00000000f5580000)
  object space 175104K, 0% used [0x00000000e0000000,0x00000000e01a98f8,0x00000000eab00000)
 Metaspace       used 20651K, capacity 21108K, committed 21296K, reserved 1067008K
  class space    used 3003K, capacity 3172K, committed 3200K, reserved 1048576K
}
Event: 5.391 GC heap before
{Heap before GC invocations=5 (full 1):
 PSYoungGen      total 76288K, used 7156K [0x00000000f5580000, 0x00000000fea80000, 0x0000000100000000)
  eden space 65536K, 0% used [0x00000000f5580000,0x00000000f5580000,0x00000000f9580000)
  from space 10752K, 66% used [0x00000000fa000000,0x00000000fa6fd040,0x00000000faa80000)
  to   space 10752K, 0% used [0x00000000f9580000,0x00000000f9580000,0x00000000fa000000)
 ParOldGen       total 175104K, used 1702K [0x00000000e0000000, 0x00000000eab00000, 0x00000000f5580000)
  object space 175104K, 0% used [0x00000000e0000000,0x00000000e01a98f8,0x00000000eab00000)
 Metaspace       used 20651K, capacity 21108K, committed 21296K, reserved 1067008K
  class space    used 3003K, capacity 3172K, committed 3200K, reserved 1048576K
Event: 5.483 GC heap after
Heap after GC invocations=5 (full 1):
 PSYoungGen      total 76288K, used 0K [0x00000000f5580000, 0x00000000fea80000, 0x0000000100000000)
  eden space 65536K, 0% used [0x00000000f5580000,0x00000000f5580000,0x00000000f9580000)
  from space 10752K, 0% used [0x00000000fa000000,0x00000000fa000000,0x00000000faa80000)
  to   space 10752K, 0% used [0x00000000f9580000,0x00000000f9580000,0x00000000fa000000)
 ParOldGen       total 175104K, used 7069K [0x00000000e0000000, 0x00000000eab00000, 0x00000000f5580000)
  object space 175104K, 4% used [0x00000000e0000000,0x00000000e06e7590,0x00000000eab00000)
 Metaspace       used 20651K, capacity 21108K, committed 21296K, reserved 1067008K
  class space    used 3003K, capacity 3172K, committed 3200K, reserved 1048576K
}

Deoptimization events (10 events):
Event: 3.127 Thread 0x0000000017cc4000 Uncommon trap: reason=class_check action=maybe_recompile pc=0x00000000030acf18 method=java.util.regex.Matcher.match(II)Z @ 86
Event: 3.127 Thread 0x0000000017cc4000 Uncommon trap: reason=class_check action=maybe_recompile pc=0x000000000306ec9c method=java.util.regex.Matcher.match(II)Z @ 86
Event: 4.043 Thread 0x0000000017cc4000 Uncommon trap: reason=unstable_if action=reinterpret pc=0x000000000321a774 method=java.util.HashMap.putVal(ILjava/lang/Object;Ljava/lang/Object;ZZ)Ljava/lang/Object; @ 236
Event: 4.826 Thread 0x0000000017cc4000 Uncommon trap: reason=unstable_if action=reinterpret pc=0x00000000030a9a98 method=java.io.File.getName()Ljava/lang/String; @ 16
Event: 6.001 Thread 0x0000000017cc4000 Uncommon trap: reason=class_check action=maybe_recompile pc=0x00000000033d5854 method=sun.misc.URLClassPath.getLoader(I)Lsun/misc/URLClassPath$Loader; @ 94
Event: 6.002 Thread 0x0000000017cc4000 Uncommon trap: reason=class_check action=maybe_recompile pc=0x000000000334308c method=sun.misc.URLClassPath.getResource(Ljava/lang/String;Z)Lsun/misc/Resource; @ 62
Event: 6.002 Thread 0x0000000017cc4000 Uncommon trap: reason=unstable_if action=reinterpret pc=0x00000000033ab838 method=java.lang.String.regionMatches(ZILjava/lang/String;II)Z @ 41
Event: 6.006 Thread 0x0000000017cc4000 Uncommon trap: reason=unstable_if action=reinterpret pc=0x0000000003267244 method=java.lang.ClassLoader.getClassLoadingLock(Ljava/lang/String;)Ljava/lang/Object; @ 6
Event: 6.084 Thread 0x0000000017cc4000 Uncommon trap: reason=class_check action=maybe_recompile pc=0x00000000033d5b38 method=sun.misc.URLClassPath.getLoader(I)Lsun/misc/URLClassPath$Loader; @ 239
Event: 6.104 Thread 0x0000000017cc4000 Uncommon trap: reason=class_check action=maybe_recompile pc=0x00000000033d5b38 method=sun.misc.URLClassPath.getLoader(I)Lsun/misc/URLClassPath$Loader; @ 239

Classes redefined (0 events):
No events

Internal exceptions (10 events):
Event: 6.103 Thread 0x0000000017cc4000 Exception <a 'java/lang/ClassNotFoundException': org/gradle/initialization/SettingsScriptCustomizer> (0x00000000f6561de8) thrown at [C:\re\workspace\8-2-build-windows-amd64-cygwin\jdk8u221\13320\hotspot\src\share\vm\classfile\systemDictionary.cpp, line 21
Event: 6.105 Thread 0x0000000017cc4000 Exception <a 'java/lang/ClassNotFoundException': settings_1xcf1no712v984ex4vaqmhueiCustomizer> (0x00000000f65770a0) thrown at [C:\re\workspace\8-2-build-windows-amd64-cygwin\jdk8u221\13320\hotspot\src\share\vm\classfile\systemDictionary.cpp, line 210]
Event: 6.179 Thread 0x0000000017cc4000 Exception <a 'java/lang/ClassNotFoundException': org/gradle/initialization/DefaultSettings_DecoratedBeanInfo> (0x00000000f66ba740) thrown at [C:\re\workspace\8-2-build-windows-amd64-cygwin\jdk8u221\13320\hotspot\src\share\vm\classfile\systemDictionary.cpp
Event: 6.180 Thread 0x0000000017cc4000 Exception <a 'java/lang/ClassNotFoundException': org/gradle/initialization/DefaultSettingsBeanInfo> (0x00000000f66e6138) thrown at [C:\re\workspace\8-2-build-windows-amd64-cygwin\jdk8u221\13320\hotspot\src\share\vm\classfile\systemDictionary.cpp, line 210
Event: 6.181 Thread 0x0000000017cc4000 Exception <a 'java/lang/ClassNotFoundException': org/gradle/api/internal/project/AbstractPluginAwareBeanInfo> (0x00000000f6718318) thrown at [C:\re\workspace\8-2-build-windows-amd64-cygwin\jdk8u221\13320\hotspot\src\share\vm\classfile\systemDictionary.cpp
Event: 6.182 Thread 0x0000000017cc4000 Exception <a 'java/lang/ClassNotFoundException': org/gradle/api/internal/project/AbstractPluginAwareCustomizer> (0x00000000f674b248) thrown at [C:\re\workspace\8-2-build-windows-amd64-cygwin\jdk8u221\13320\hotspot\src\share\vm\classfile\systemDictionary.c
Event: 6.184 Thread 0x0000000017cc4000 Exception <a 'java/lang/ClassNotFoundException': org/gradle/initialization/DefaultSettingsCustomizer> (0x00000000f6780a20) thrown at [C:\re\workspace\8-2-build-windows-amd64-cygwin\jdk8u221\13320\hotspot\src\share\vm\classfile\systemDictionary.cpp, line 2
Event: 6.189 Thread 0x0000000017cc4000 Exception <a 'java/lang/ClassNotFoundException': org/gradle/initialization/DefaultSettings_DecoratedCustomizer> (0x00000000f67ef230) thrown at [C:\re\workspace\8-2-build-windows-amd64-cygwin\jdk8u221\13320\hotspot\src\share\vm\classfile\systemDictionary.c
Event: 6.260 Thread 0x0000000017cc4000 Exception <a 'java/lang/ClassNotFoundException': org/gradle/initialization/DefaultProjectDescriptorBeanInfo> (0x00000000f68c2728) thrown at [C:\re\workspace\8-2-build-windows-amd64-cygwin\jdk8u221\13320\hotspot\src\share\vm\classfile\systemDictionary.cpp,
Event: 6.261 Thread 0x0000000017cc4000 Exception <a 'java/lang/ClassNotFoundException': org/gradle/initialization/DefaultProjectDescriptorCustomizer> (0x00000000f68f3480) thrown at [C:\re\workspace\8-2-build-windows-amd64-cygwin\jdk8u221\13320\hotspot\src\share\vm\classfile\systemDictionary.cp

Events (10 events):
Event: 6.261 loading class org/gradle/initialization/DefaultProjectDescriptorCustomizer
Event: 6.261 loading class org/gradle/initialization/DefaultProjectDescriptorCustomizer done
Event: 6.261 loading class org/gradle/initialization/DefaultProjectDescriptorCustomizer
Event: 6.261 loading class org/gradle/initialization/DefaultProjectDescriptorCustomizer done
Event: 6.275 loading class org/codehaus/groovy/runtime/typehandling/DefaultTypeTransformation
Event: 6.275 loading class org/codehaus/groovy/runtime/typehandling/DefaultTypeTransformation done
Event: 6.278 loading class org/gradle/util/NameValidator
Event: 6.278 loading class org/gradle/util/NameValidator done
Event: 6.279 loading class org/codehaus/groovy/runtime/ArrayUtil
Event: 6.279 loading class org/codehaus/groovy/runtime/ArrayUtil done


Dynamic libraries:
0x00007ff7c7a30000 - 0x00007ff7c7a67000 	C:\Program Files\Java\jdk1.8.0_221\bin\java.exe
0x00007ffa49fb0000 - 0x00007ffa4a171000 	C:\WINDOWS\SYSTEM32\ntdll.dll
0x00007ffa48cb0000 - 0x00007ffa48d5d000 	C:\WINDOWS\system32\KERNEL32.DLL
0x00007ffa46990000 - 0x00007ffa46b78000 	C:\WINDOWS\system32\KERNELBASE.dll
0x00007ffa48af0000 - 0x00007ffa48b97000 	C:\WINDOWS\system32\ADVAPI32.dll
0x00007ffa48a50000 - 0x00007ffa48aed000 	C:\WINDOWS\system32\msvcrt.dll
0x00007ffa49790000 - 0x00007ffa497eb000 	C:\WINDOWS\system32\sechost.dll
0x00007ffa49e90000 - 0x00007ffa49fad000 	C:\WINDOWS\system32\RPCRT4.dll
0x00007ffa49630000 - 0x00007ffa49786000 	C:\WINDOWS\system32\USER32.dll
0x00007ffa49c30000 - 0x00007ffa49db7000 	C:\WINDOWS\system32\GDI32.dll
0x00007ffa38b90000 - 0x00007ffa38e04000 	C:\WINDOWS\WinSxS\amd64_microsoft.windows.common-controls_6595b64144ccf1df_6.0.10586.839_none_a2ddba30a539a2ae\COMCTL32.dll
0x00007ffa499a0000 - 0x00007ffa49c1e000 	C:\WINDOWS\system32\combase.dll
0x00007ffa46920000 - 0x00007ffa4698a000 	C:\WINDOWS\system32\bcryptPrimitives.dll
0x00007ffa47480000 - 0x00007ffa474bb000 	C:\WINDOWS\system32\IMM32.DLL
0x00000000507f0000 - 0x00000000508c2000 	C:\Program Files\Java\jdk1.8.0_221\jre\bin\msvcr100.dll
0x0000000077750000 - 0x0000000077ff5000 	C:\Program Files\Java\jdk1.8.0_221\jre\bin\server\jvm.dll
0x00007ffa491f0000 - 0x00007ffa491f8000 	C:\WINDOWS\system32\PSAPI.DLL
0x00007ffa435b0000 - 0x00007ffa435b9000 	C:\WINDOWS\SYSTEM32\WSOCK32.dll
0x00007ffa44cb0000 - 0x00007ffa44cd3000 	C:\WINDOWS\SYSTEM32\WINMM.dll
0x00007ffa49360000 - 0x00007ffa493cb000 	C:\WINDOWS\system32\WS2_32.dll
0x00007ffa3b260000 - 0x00007ffa3b26a000 	C:\WINDOWS\SYSTEM32\VERSION.dll
0x00007ffa44c50000 - 0x00007ffa44c7c000 	C:\WINDOWS\SYSTEM32\WINMMBASE.dll
0x00007ffa47360000 - 0x00007ffa473a3000 	C:\WINDOWS\system32\cfgmgr32.dll
0x00007ffa39210000 - 0x00007ffa3921f000 	C:\Program Files\Java\jdk1.8.0_221\jre\bin\verify.dll
0x00007ffa38110000 - 0x00007ffa38139000 	C:\Program Files\Java\jdk1.8.0_221\jre\bin\java.dll
0x00007ffa380f0000 - 0x00007ffa38106000 	C:\Program Files\Java\jdk1.8.0_221\jre\bin\zip.dll
0x00007ffa474d0000 - 0x00007ffa48a2c000 	C:\WINDOWS\system32\SHELL32.dll
0x00007ffa46c40000 - 0x00007ffa47285000 	C:\WINDOWS\system32\windows.storage.dll
0x00007ffa49dc0000 - 0x00007ffa49e12000 	C:\WINDOWS\system32\shlwapi.dll
0x00007ffa46630000 - 0x00007ffa4663f000 	C:\WINDOWS\system32\kernel.appcore.dll
0x00007ffa46b80000 - 0x00007ffa46c35000 	C:\WINDOWS\system32\shcore.dll
0x00007ffa465d0000 - 0x00007ffa4661b000 	C:\WINDOWS\system32\powrprof.dll
0x00007ffa46640000 - 0x00007ffa46654000 	C:\WINDOWS\system32\profapi.dll
0x00007ffa37fe0000 - 0x00007ffa37ffa000 	C:\Program Files\Java\jdk1.8.0_221\jre\bin\net.dll
0x00007ffa35650000 - 0x00007ffa35807000 	C:\WINDOWS\SYSTEM32\urlmon.dll
0x00007ffa3b390000 - 0x00007ffa3b71a000 	C:\WINDOWS\SYSTEM32\iertutil.dll
0x00007ffa45f00000 - 0x00007ffa45f5c000 	C:\WINDOWS\system32\mswsock.dll
0x00007ffa37fc0000 - 0x00007ffa37fd2000 	C:\Program Files\Java\jdk1.8.0_221\jre\bin\nio.dll
0x00007ffa37f40000 - 0x00007ffa37f66000 	C:\Users\hunza rafiq\.gradle\native\30\windows-amd64\native-platform.dll
0x00007ffa37f10000 - 0x00007ffa37f1d000 	C:\Program Files\Java\jdk1.8.0_221\jre\bin\management.dll
0x00007ffa45fb0000 - 0x00007ffa45fc7000 	C:\WINDOWS\SYSTEM32\CRYPTSP.dll
0x00007ffa45c40000 - 0x00007ffa45c74000 	C:\WINDOWS\system32\rsaenh.dll
0x00007ffa46500000 - 0x00007ffa46529000 	C:\WINDOWS\SYSTEM32\bcrypt.dll
0x00007ffa45d90000 - 0x00007ffa45daf000 	C:\WINDOWS\SYSTEM32\USERENV.dll
0x00007ffa460d0000 - 0x00007ffa460db000 	C:\WINDOWS\SYSTEM32\CRYPTBASE.dll
0x00007ffa3e910000 - 0x00007ffa3e948000 	C:\WINDOWS\SYSTEM32\IPHLPAPI.DLL
0x00007ffa474c0000 - 0x00007ffa474c8000 	C:\WINDOWS\system32\NSI.dll
0x00007ffa3d940000 - 0x00007ffa3d956000 	C:\WINDOWS\SYSTEM32\dhcpcsvc6.DLL
0x00007ffa3da20000 - 0x00007ffa3da3a000 	C:\WINDOWS\SYSTEM32\dhcpcsvc.DLL

VM Arguments:
jvm_args: -XX:MaxMetaspaceSize=256m -XX:+HeapDumpOnOutOfMemoryError -Xms256m -Xmx512m -Dfile.encoding=windows-1252 -Duser.country=US -Duser.language=en -Duser.variant 
java_command: org.gradle.launcher.daemon.bootstrap.GradleDaemon 6.0.1
java_class_path (initial): C:\Users\hunza rafiq\.gradle\wrapper\dists\gradle-6.0.1-all\99d3u8wxs16ndehh90lbbir67\gradle-6.0.1\lib\gradle-launcher-6.0.1.jar
Launcher Type: SUN_STANDARD

Environment Variables:
JAVA_HOME=C:\Program Files\Java\jdk1.8.0_221
CLASSPATH=E:\react-native\PracticeApp\android\\gradle\wrapper\gradle-wrapper.jar
PATH=E:\react-native\PracticeApp\android\node_modules\.bin;E:\react-native\PracticeApp\node_modules\.bin;E:\react-native\node_modules\.bin;E:\node_modules\.bin;C:\Program Files\nodejs;C:\Python27\;C:\Python27\Scripts;C:\Program Files (x86)\Intel\iCLS Client\C:\Users\hunza rafiq\Desktop\openssl;C:\Program Files\Intel\iCLS Client\;C:\WINDOWS\system32;C:\WINDOWS;C:\WINDOWS\System32\Wbem;C:\WINDOWS\System32\WindowsPowerShell\v1.0\;C:\Program Files (x86)\Intel\Intel(R) Management Engine Components\DAL;C:\Program Files\Intel\Intel(R) Management Engine Components\DAL;C:\Program Files (x86)\Intel\Intel(R) Management Engine Components\IPT;C:\Program Files\Intel\Intel(R) Management Engine Components\IPT;C:\Program Files\Git\cmd;c:\OpenSSL\;e:\100\Tools\Binn\;e:\100\DTS\Binn\;e:\100\Tools\Binn\VSShell\Common7\IDE\;C:\ProgramData\chocolatey\bin;C:\Program Files\nodejs\;E:\android\platform-tools;C:\Program Files\Java\jdk1.8.0_221;C:\Program Files\Microsoft VS Code\bin;C:\Program Files\Microsoft VS Code\bin;C:\Program Files\heroku\bin;C:\Users\hunza rafiq\Desktop\openssl;C:\Users\hunza rafiq\AppData\Roaming\npm;E:\android\platform-tools
USERNAME=hunza rafiq
OS=Windows_NT
PROCESSOR_IDENTIFIER=Intel64 Family 6 Model 61 Stepping 4, GenuineIntel



---------------  S Y S T E M  ---------------

OS: Windows 10.0 , 64 bit Build 10586 (10.0.10586.589)

CPU:total 4 (initial active 4) (2 cores per cpu, 2 threads per core) family 6 model 61 stepping 4, cmov, cx8, fxsr, mmx, sse, sse2, sse3, ssse3, sse4.1, sse4.2, popcnt, avx, avx2, aes, clmul, erms, 3dnowpref, lzcnt, ht, tsc, tscinvbit, bmi1, bmi2, adx

Memory: 4k page, physical 4107804k(903992k free), swap 4501956k(4112k free)

vm_info: Java HotSpot(TM) 64-Bit Server VM (25.221-b11) for windows-amd64 JRE (1.8.0_221-b11), built on Jul  4 2019 04:39:29 by "java_re" with MS VC++ 10.0 (VS2010)

time: Sun Jun 14 17:34:00 2020
timezone: Pakistan Standard Time
elapsed time: 6 seconds (0d 0h 0m 6s)

