#
# There is insufficient memory for the Java Runtime Environment to continue.
# Native memory allocation (malloc) failed to allocate 765616 bytes for Chunk::new
# Possible reasons:
#   The system is out of physical RAM or swap space
#   The process is running with CompressedOops enabled, and the Java Heap may be blocking the growth of the native heap
# Possible solutions:
#   Reduce memory load on the system
#   Increase physical memory or swap space
#   Check if swap backing store is full
#   Decrease Java heap size (-Xmx/-Xms)
#   Decrease number of Java threads
#   Decrease Java thread stack sizes (-Xss)
#   Set larger code cache with -XX:ReservedCodeCacheSize=
#   JVM is running with Unscaled Compressed Oops mode in which the Java heap is
#     placed in the first 4GB address space. The Java Heap base address is the
#     maximum limit for the native heap growth. Please use -XX:HeapBaseMinAddress
#     to set the Java Heap base and to place the Java Heap above 4GB virtual address.
# This output file may be truncated or incomplete.
#
#  Out of Memory Error (allocation.cpp:389), pid=5620, tid=0x00000000000019dc
#
# JRE version: Java(TM) SE Runtime Environment (8.0_221-b11) (build 1.8.0_221-b11)
# Java VM: Java HotSpot(TM) 64-Bit Server VM (25.221-b11 mixed mode windows-amd64 compressed oops)
# Failed to write core dump. Minidumps are not enabled by default on client versions of Windows
#

---------------  T H R E A D  ---------------

Current thread (0x0000000017819800):  JavaThread "C2 CompilerThread0" daemon [_thread_in_native, id=6620, stack(0x0000000018e40000,0x0000000018f40000)]

Stack: [0x0000000018e40000,0x0000000018f40000]
[error occurred during error reporting (printing stack bounds), id 0xc0000005]

Native frames: (J=compiled Java code, j=interpreted, Vv=VM code, C=native code)


Current CompileTask:
C2:   3676 1408   !   4       java.net.URLClassLoader$1::run (63 bytes)


---------------  P R O C E S S  ---------------

Java Threads: ( => current thread )
  0x000000001b207800 JavaThread "Cache worker for journal cache (C:\Users\hunza rafiq\.gradle\caches\journal-1)" [_thread_blocked, id=6352, stack(0x000000001d300000,0x000000001d400000)]
  0x000000001b20b800 JavaThread "File lock request listener" [_thread_in_native, id=6436, stack(0x000000001d200000,0x000000001d300000)]
  0x000000001b205800 JavaThread "Cache worker for file hash cache (C:\Users\hunza rafiq\.gradle\caches\6.0.1\fileHashes)" [_thread_blocked, id=6412, stack(0x000000001d100000,0x000000001d200000)]
  0x000000001a6e4000 JavaThread "Thread-9" [_thread_blocked, id=1168, stack(0x000000001d000000,0x000000001d100000)]
  0x000000001ac97800 JavaThread "Stdin handler" [_thread_blocked, id=4908, stack(0x000000001cf00000,0x000000001d000000)]
  0x000000001a425800 JavaThread "Asynchronous log dispatcher for DefaultDaemonConnection: socket connection from /127.0.0.1:50255 to /127.0.0.1:50256" [_thread_blocked, id=1640, stack(0x000000001cc00000,0x000000001cd00000)]
  0x000000001a425000 JavaThread "Daemon worker" [_thread_in_Java, id=2008, stack(0x000000001cb00000,0x000000001cc00000)]
  0x000000001aa56000 JavaThread "Cancel handler" [_thread_blocked, id=7956, stack(0x000000001ca00000,0x000000001cb00000)]
  0x000000001aed6000 JavaThread "Handler for socket connection from /127.0.0.1:50255 to /127.0.0.1:50256" [_thread_in_native, id=4876, stack(0x000000001c900000,0x000000001ca00000)]
  0x000000001aed5000 JavaThread "Daemon" [_thread_blocked, id=8060, stack(0x000000001c800000,0x000000001c900000)]
  0x000000001ab77000 JavaThread "Daemon periodic checks" [_thread_blocked, id=7640, stack(0x000000001c700000,0x000000001c800000)]
  0x000000001ab60800 JavaThread "Incoming local TCP Connector on port 50255" [_thread_in_native, id=7420, stack(0x000000001c520000,0x000000001c620000)]
  0x000000001b0a2800 JavaThread "Daemon health stats" [_thread_blocked, id=4140, stack(0x000000001bee0000,0x000000001bfe0000)]
  0x000000001786e000 JavaThread "Service Thread" daemon [_thread_blocked, id=8172, stack(0x0000000019540000,0x0000000019640000)]
  0x000000001783f800 JavaThread "C1 CompilerThread2" daemon [_thread_in_native, id=7280, stack(0x0000000019040000,0x0000000019140000)]
  0x0000000017822800 JavaThread "C2 CompilerThread1" daemon [_thread_in_native, id=7812, stack(0x0000000018f40000,0x0000000019040000)]
=>0x0000000017819800 JavaThread "C2 CompilerThread0" daemon [_thread_in_native, id=6620, stack(0x0000000018e40000,0x0000000018f40000)]
  0x0000000017817800 JavaThread "Attach Listener" daemon [_thread_blocked, id=3748, stack(0x0000000018d40000,0x0000000018e40000)]
  0x0000000017814000 JavaThread "Signal Dispatcher" daemon [_thread_blocked, id=8036, stack(0x0000000018c40000,0x0000000018d40000)]
  0x0000000002bec000 JavaThread "Finalizer" daemon [_thread_blocked, id=2676, stack(0x0000000018a60000,0x0000000018b60000)]
  0x0000000002be3000 JavaThread "Reference Handler" daemon [_thread_blocked, id=1248, stack(0x0000000018960000,0x0000000018a60000)]
  0x0000000002af3800 JavaThread "main" [_thread_blocked, id=8188, stack(0x00000000028f0000,0x00000000029f0000)]

Other Threads:
  0x00000000177d7800 VMThread [stack: 0x0000000018860000,0x0000000018960000] [id=5196]
  0x0000000019198800 WatcherThread [stack: 0x0000000019640000,0x0000000019740000] [id=5840]

VM state:not at safepoint (normal execution)

VM Mutex/Monitor currently owned by a thread: None

heap address: 0x0000000080000000, size: 2048 MB, Compressed Oops mode: 32-bit
Narrow klass base: 0x0000000000000000, Narrow klass shift: 3
Compressed class space size: 1073741824 Address: 0x0000000100000000

Heap:
 PSYoungGen      total 38912K, used 24148K [0x00000000d5580000, 0x00000000da180000, 0x0000000100000000)
  eden space 32768K, 73% used [0x00000000d5580000,0x00000000d6d15190,0x00000000d7580000)
  from space 6144K, 0% used [0x00000000d9b80000,0x00000000d9b80000,0x00000000da180000)
  to   space 2560K, 0% used [0x00000000d7580000,0x00000000d7580000,0x00000000d7800000)
 ParOldGen       total 32768K, used 6195K [0x0000000080000000, 0x0000000082000000, 0x00000000d5580000)
  object space 32768K, 18% used [0x0000000080000000,0x000000008060ce80,0x0000000082000000)
 Metaspace       used 15498K, capacity 15906K, committed 16256K, reserved 1062912K
  class space    used 2245K, capacity 2409K, committed 2432K, reserved 1048576K

Card table byte_map: [0x0000000011fb0000,0x00000000123c0000] byte_map_base: 0x0000000011bb0000

Marking Bits: (ParMarkBitMap*) 0x0000000061955ce0
 Begin Bits: [0x0000000012a70000, 0x0000000014a70000)
 End Bits:   [0x0000000014a70000, 0x0000000016a70000)

Polling page: 0x0000000000d20000

CodeCache: size=245760Kb used=5364Kb max_used=5364Kb free=240395Kb
 bounds [0x0000000002bf0000, 0x0000000003130000, 0x0000000011bf0000]
 total_blobs=1853 nmethods=1462 adapters=303
 compilation: enabled

Compilation events (10 events):
Event: 3.668 Thread 0x000000001783f800 nmethod 1446 0x0000000003122a10 code [0x0000000003122b80, 0x0000000003122da8]
Event: 3.668 Thread 0x000000001783f800 1448       3       java.util.Collections$UnmodifiableCollection::<init> (22 bytes)
Event: 3.669 Thread 0x000000001783f800 nmethod 1448 0x0000000003122ed0 code [0x0000000003123040, 0x0000000003123308]
Event: 3.669 Thread 0x000000001783f800 1445       3       com.google.common.base.Splitter::<init> (26 bytes)
Event: 3.669 Thread 0x000000001783f800 nmethod 1445 0x0000000003123410 code [0x0000000003123560, 0x0000000003123750]
Event: 3.669 Thread 0x000000001783f800 1444       3       com.google.common.base.Splitter$1$1::separatorStart (16 bytes)
Event: 3.669 Thread 0x000000001783f800 nmethod 1444 0x0000000003123810 code [0x0000000003123980, 0x0000000003123ba8]
Event: 3.669 Thread 0x000000001783f800 1447       3       java.util.LinkedList::peek (18 bytes)
Event: 3.669 Thread 0x000000001783f800 nmethod 1447 0x0000000003123c90 code [0x0000000003123e00, 0x0000000003123fd0]
Event: 3.669 Thread 0x000000001783f800 1441       3       java.util.Collections$UnmodifiableList::<init> (11 bytes)

GC Heap History (10 events):
Event: 1.643 GC heap before
{Heap before GC invocations=3 (full 0):
 PSYoungGen      total 18944K, used 18916K [0x00000000d5580000, 0x00000000d7a80000, 0x0000000100000000)
  eden space 16384K, 100% used [0x00000000d5580000,0x00000000d6580000,0x00000000d6580000)
  from space 2560K, 98% used [0x00000000d6800000,0x00000000d6a792f8,0x00000000d6a80000)
  to   space 2560K, 0% used [0x00000000d6580000,0x00000000d6580000,0x00000000d6800000)
 ParOldGen       total 44032K, used 644K [0x0000000080000000, 0x0000000082b00000, 0x00000000d5580000)
  object space 44032K, 1% used [0x0000000080000000,0x00000000800a12c0,0x0000000082b00000)
 Metaspace       used 6833K, capacity 6992K, committed 7168K, reserved 1056768K
  class space    used 851K, capacity 908K, committed 1024K, reserved 1048576K
Event: 1.646 GC heap after
Heap after GC invocations=3 (full 0):
 PSYoungGen      total 18944K, used 2112K [0x00000000d5580000, 0x00000000d7a80000, 0x0000000100000000)
  eden space 16384K, 0% used [0x00000000d5580000,0x00000000d5580000,0x00000000d6580000)
  from space 2560K, 82% used [0x00000000d6580000,0x00000000d6790020,0x00000000d6800000)
  to   space 2560K, 0% used [0x00000000d7800000,0x00000000d7800000,0x00000000d7a80000)
 ParOldGen       total 44032K, used 652K [0x0000000080000000, 0x0000000082b00000, 0x00000000d5580000)
  object space 44032K, 1% used [0x0000000080000000,0x00000000800a32c0,0x0000000082b00000)
 Metaspace       used 6833K, capacity 6992K, committed 7168K, reserved 1056768K
  class space    used 851K, capacity 908K, committed 1024K, reserved 1048576K
}
Event: 1.986 GC heap before
{Heap before GC invocations=4 (full 0):
 PSYoungGen      total 18944K, used 18496K [0x00000000d5580000, 0x00000000d7a80000, 0x0000000100000000)
  eden space 16384K, 100% used [0x00000000d5580000,0x00000000d6580000,0x00000000d6580000)
  from space 2560K, 82% used [0x00000000d6580000,0x00000000d6790020,0x00000000d6800000)
  to   space 2560K, 0% used [0x00000000d7800000,0x00000000d7800000,0x00000000d7a80000)
 ParOldGen       total 44032K, used 652K [0x0000000080000000, 0x0000000082b00000, 0x00000000d5580000)
  object space 44032K, 1% used [0x0000000080000000,0x00000000800a32c0,0x0000000082b00000)
 Metaspace       used 7034K, capacity 7240K, committed 7424K, reserved 1056768K
  class space    used 881K, capacity 948K, committed 1024K, reserved 1048576K
Event: 1.994 GC heap after
Heap after GC invocations=4 (full 0):
 PSYoungGen      total 35328K, used 2544K [0x00000000d5580000, 0x00000000d7a80000, 0x0000000100000000)
  eden space 32768K, 0% used [0x00000000d5580000,0x00000000d5580000,0x00000000d7580000)
  from space 2560K, 99% used [0x00000000d7800000,0x00000000d7a7c030,0x00000000d7a80000)
  to   space 2560K, 0% used [0x00000000d7580000,0x00000000d7580000,0x00000000d7800000)
 ParOldGen       total 44032K, used 1188K [0x0000000080000000, 0x0000000082b00000, 0x00000000d5580000)
  object space 44032K, 2% used [0x0000000080000000,0x0000000080129318,0x0000000082b00000)
 Metaspace       used 7034K, capacity 7240K, committed 7424K, reserved 1056768K
  class space    used 881K, capacity 948K, committed 1024K, reserved 1048576K
}
Event: 2.920 GC heap before
{Heap before GC invocations=5 (full 0):
 PSYoungGen      total 35328K, used 35312K [0x00000000d5580000, 0x00000000d7a80000, 0x0000000100000000)
  eden space 32768K, 100% used [0x00000000d5580000,0x00000000d7580000,0x00000000d7580000)
  from space 2560K, 99% used [0x00000000d7800000,0x00000000d7a7c030,0x00000000d7a80000)
  to   space 2560K, 0% used [0x00000000d7580000,0x00000000d7580000,0x00000000d7800000)
 ParOldGen       total 44032K, used 1188K [0x0000000080000000, 0x0000000082b00000, 0x00000000d5580000)
  object space 44032K, 2% used [0x0000000080000000,0x0000000080129318,0x0000000082b00000)
 Metaspace       used 11936K, capacity 12206K, committed 12544K, reserved 1060864K
  class space    used 1650K, capacity 1747K, committed 1792K, reserved 1048576K
Event: 2.937 GC heap after
Heap after GC invocations=5 (full 0):
 PSYoungGen      total 35328K, used 2560K [0x00000000d5580000, 0x00000000da180000, 0x0000000100000000)
  eden space 32768K, 0% used [0x00000000d5580000,0x00000000d5580000,0x00000000d7580000)
  from space 2560K, 100% used [0x00000000d7580000,0x00000000d7800000,0x00000000d7800000)
  to   space 6144K, 0% used [0x00000000d9b80000,0x00000000d9b80000,0x00000000da180000)
 ParOldGen       total 44032K, used 4893K [0x0000000080000000, 0x0000000082b00000, 0x00000000d5580000)
  object space 44032K, 11% used [0x0000000080000000,0x00000000804c77c0,0x0000000082b00000)
 Metaspace       used 11936K, capacity 12206K, committed 12544K, reserved 1060864K
  class space    used 1650K, capacity 1747K, committed 1792K, reserved 1048576K
}
Event: 3.255 GC heap before
{Heap before GC invocations=6 (full 0):
 PSYoungGen      total 35328K, used 23272K [0x00000000d5580000, 0x00000000da180000, 0x0000000100000000)
  eden space 32768K, 63% used [0x00000000d5580000,0x00000000d69ba240,0x00000000d7580000)
  from space 2560K, 100% used [0x00000000d7580000,0x00000000d7800000,0x00000000d7800000)
  to   space 6144K, 0% used [0x00000000d9b80000,0x00000000d9b80000,0x00000000da180000)
 ParOldGen       total 44032K, used 4893K [0x0000000080000000, 0x0000000082b00000, 0x00000000d5580000)
  object space 44032K, 11% used [0x0000000080000000,0x00000000804c77c0,0x0000000082b00000)
 Metaspace       used 13695K, capacity 13972K, committed 14080K, reserved 1064960K
  class space    used 1931K, capacity 2036K, committed 2048K, reserved 1048576K
Event: 3.262 GC heap after
Heap after GC invocations=6 (full 0):
 PSYoungGen      total 38912K, used 4875K [0x00000000d5580000, 0x00000000da180000, 0x0000000100000000)
  eden space 32768K, 0% used [0x00000000d5580000,0x00000000d5580000,0x00000000d7580000)
  from space 6144K, 79% used [0x00000000d9b80000,0x00000000da042df8,0x00000000da180000)
  to   space 2560K, 0% used [0x00000000d7580000,0x00000000d7580000,0x00000000d7800000)
 ParOldGen       total 44032K, used 4901K [0x0000000080000000, 0x0000000082b00000, 0x00000000d5580000)
  object space 44032K, 11% used [0x0000000080000000,0x00000000804c97c0,0x0000000082b00000)
 Metaspace       used 13695K, capacity 13972K, committed 14080K, reserved 1064960K
  class space    used 1931K, capacity 2036K, committed 2048K, reserved 1048576K
}
Event: 3.262 GC heap before
{Heap before GC invocations=7 (full 1):
 PSYoungGen      total 38912K, used 4875K [0x00000000d5580000, 0x00000000da180000, 0x0000000100000000)
  eden space 32768K, 0% used [0x00000000d5580000,0x00000000d5580000,0x00000000d7580000)
  from space 6144K, 79% used [0x00000000d9b80000,0x00000000da042df8,0x00000000da180000)
  to   space 2560K, 0% used [0x00000000d7580000,0x00000000d7580000,0x00000000d7800000)
 ParOldGen       total 44032K, used 4901K [0x0000000080000000, 0x0000000082b00000, 0x00000000d5580000)
  object space 44032K, 11% used [0x0000000080000000,0x00000000804c97c0,0x0000000082b00000)
 Metaspace       used 13695K, capacity 13972K, committed 14080K, reserved 1064960K
  class space    used 1931K, capacity 2036K, committed 2048K, reserved 1048576K
Event: 3.303 GC heap after
Heap after GC invocations=7 (full 1):
 PSYoungGen      total 38912K, used 0K [0x00000000d5580000, 0x00000000da180000, 0x0000000100000000)
  eden space 32768K, 0% used [0x00000000d5580000,0x00000000d5580000,0x00000000d7580000)
  from space 6144K, 0% used [0x00000000d9b80000,0x00000000d9b80000,0x00000000da180000)
  to   space 2560K, 0% used [0x00000000d7580000,0x00000000d7580000,0x00000000d7800000)
 ParOldGen       total 32768K, used 6195K [0x0000000080000000, 0x0000000082000000, 0x00000000d5580000)
  object space 32768K, 18% used [0x0000000080000000,0x000000008060ce80,0x0000000082000000)
 Metaspace       used 13695K, capacity 13972K, committed 14080K, reserved 1062912K
  class space    used 1931K, capacity 2036K, committed 2048K, reserved 1048576K
}

Deoptimization events (10 events):
Event: 2.342 Thread 0x0000000002af3800 Uncommon trap: reason=bimorphic action=maybe_recompile pc=0x0000000002e8c660 method=java.util.HashMap.putVal(ILjava/lang/Object;Ljava/lang/Object;ZZ)Ljava/lang/Object; @ 203
Event: 2.489 Thread 0x0000000002af3800 Uncommon trap: reason=unstable_if action=reinterpret pc=0x0000000002f00f80 method=java.io.WinNTFileSystem.normalize(Ljava/lang/String;)Ljava/lang/String; @ 128
Event: 2.821 Thread 0x000000001a425000 Uncommon trap: reason=bimorphic action=maybe_recompile pc=0x0000000002e8c620 method=java.util.HashMap.putVal(ILjava/lang/Object;Ljava/lang/Object;ZZ)Ljava/lang/Object; @ 253
Event: 2.822 Thread 0x000000001a425000 Uncommon trap: reason=bimorphic action=maybe_recompile pc=0x0000000002e8c620 method=java.util.HashMap.putVal(ILjava/lang/Object;Ljava/lang/Object;ZZ)Ljava/lang/Object; @ 253
Event: 2.822 Thread 0x000000001a425000 Uncommon trap: reason=bimorphic action=maybe_recompile pc=0x0000000002e8c620 method=java.util.HashMap.putVal(ILjava/lang/Object;Ljava/lang/Object;ZZ)Ljava/lang/Object; @ 253
Event: 3.157 Thread 0x000000001a425000 Uncommon trap: reason=class_check action=maybe_recompile pc=0x0000000002ef7818 method=java.util.regex.Matcher.match(II)Z @ 86
Event: 3.174 Thread 0x000000001a425000 Uncommon trap: reason=class_check action=maybe_recompile pc=0x0000000002ef7818 method=java.util.regex.Matcher.match(II)Z @ 86
Event: 3.176 Thread 0x000000001a425000 Uncommon trap: reason=class_check action=maybe_recompile pc=0x0000000002ef7818 method=java.util.regex.Matcher.match(II)Z @ 86
Event: 3.176 Thread 0x000000001a425000 Uncommon trap: reason=class_check action=maybe_recompile pc=0x0000000002ec7c5c method=java.util.regex.Matcher.match(II)Z @ 86
Event: 3.628 Thread 0x000000001a425000 Uncommon trap: reason=unstable_if action=reinterpret pc=0x0000000002f92d08 method=sun.nio.cs.UTF_8$Decoder.decodeArrayLoop(Ljava/nio/ByteBuffer;Ljava/nio/CharBuffer;)Ljava/nio/charset/CoderResult; @ 110

Classes redefined (0 events):
No events

Internal exceptions (10 events):
Event: 0.922 Thread 0x0000000002af3800 Exception <a 'java/lang/ArrayIndexOutOfBoundsException'> (0x00000000d58e3ca8) thrown at [C:\re\workspace\8-2-build-windows-amd64-cygwin\jdk8u221\13320\hotspot\src\share\vm\runtime\sharedRuntime.cpp, line 605]
Event: 0.922 Thread 0x0000000002af3800 Exception <a 'java/lang/ArrayIndexOutOfBoundsException'> (0x00000000d58e5898) thrown at [C:\re\workspace\8-2-build-windows-amd64-cygwin\jdk8u221\13320\hotspot\src\share\vm\runtime\sharedRuntime.cpp, line 605]
Event: 0.922 Thread 0x0000000002af3800 Exception <a 'java/lang/ArrayIndexOutOfBoundsException'> (0x00000000d58e78c8) thrown at [C:\re\workspace\8-2-build-windows-amd64-cygwin\jdk8u221\13320\hotspot\src\share\vm\runtime\sharedRuntime.cpp, line 605]
Event: 0.923 Thread 0x0000000002af3800 Exception <a 'java/lang/ArrayIndexOutOfBoundsException'> (0x00000000d58f6060) thrown at [C:\re\workspace\8-2-build-windows-amd64-cygwin\jdk8u221\13320\hotspot\src\share\vm\runtime\sharedRuntime.cpp, line 605]
Event: 2.306 Thread 0x0000000002af3800 Exception <a 'java/lang/NoSuchFieldError': method resolution failed> (0x00000000d67b0e08) thrown at [C:\re\workspace\8-2-build-windows-amd64-cygwin\jdk8u221\13320\hotspot\src\share\vm\prims\methodHandles.cpp, line 1167]
Event: 2.308 Thread 0x0000000002af3800 Exception <a 'java/lang/NoSuchFieldError': method resolution failed> (0x00000000d67beaa8) thrown at [C:\re\workspace\8-2-build-windows-amd64-cygwin\jdk8u221\13320\hotspot\src\share\vm\prims\methodHandles.cpp, line 1167]
Event: 2.711 Thread 0x0000000002af3800 Exception <a 'java/io/IOException'> (0x00000000d6f4bb00) thrown at [C:\re\workspace\8-2-build-windows-amd64-cygwin\jdk8u221\13320\hotspot\src\share\vm\prims\jni.cpp, line 710]
Event: 3.554 Thread 0x000000001a425000 Exception <a 'java/lang/NoSuchMethodError': java.lang.Object.lambda$and$0(Ljava/util/function/Predicate;Ljava/lang/Object;)Z> (0x00000000d6822628) thrown at [C:\re\workspace\8-2-build-windows-amd64-cygwin\jdk8u221\13320\hotspot\src\share\vm\interpreter\li
Event: 3.564 Thread 0x000000001a425000 Exception <a 'java/lang/IncompatibleClassChangeError': Found class java.lang.Object, but interface was expected> (0x00000000d68383d0) thrown at [C:\re\workspace\8-2-build-windows-amd64-cygwin\jdk8u221\13320\hotspot\src\share\vm\interpreter\linkResolver.cp
Event: 3.570 Thread 0x000000001a425000 Exception <a 'java/lang/NoSuchMethodError': java.lang.Object.lambda$or$2(Ljava/util/function/Predicate;Ljava/lang/Object;)Z> (0x00000000d683d6e0) thrown at [C:\re\workspace\8-2-build-windows-amd64-cygwin\jdk8u221\13320\hotspot\src\share\vm\interpreter\lin

Events (10 events):
Event: 3.657 loading class com/google/common/base/Splitter$SplittingIterator
Event: 3.657 loading class com/google/common/base/Splitter$SplittingIterator done
Event: 3.657 loading class com/google/common/base/AbstractIterator
Event: 3.657 loading class com/google/common/base/AbstractIterator done
Event: 3.657 loading class com/google/common/base/Splitter$1$1
Event: 3.657 loading class com/google/common/base/Splitter$1$1 done
Event: 3.658 loading class com/google/common/base/AbstractIterator$State
Event: 3.658 loading class com/google/common/base/AbstractIterator$State done
Event: 3.659 loading class com/google/common/base/AbstractIterator$1
Event: 3.659 loading class com/google/common/base/AbstractIterator$1 done


Dynamic libraries:
0x00007ff6ee4c0000 - 0x00007ff6ee4f7000 	C:\Program Files\Java\jdk1.8.0_221\bin\java.exe
0x00007ff984ab0000 - 0x00007ff984c71000 	C:\WINDOWS\SYSTEM32\ntdll.dll
0x00007ff982c90000 - 0x00007ff982d3d000 	C:\WINDOWS\system32\KERNEL32.DLL
0x00007ff981480000 - 0x00007ff981668000 	C:\WINDOWS\system32\KERNELBASE.dll
0x00007ff984980000 - 0x00007ff984a27000 	C:\WINDOWS\system32\ADVAPI32.dll
0x00007ff982590000 - 0x00007ff98262d000 	C:\WINDOWS\system32\msvcrt.dll
0x00007ff982630000 - 0x00007ff98268b000 	C:\WINDOWS\system32\sechost.dll
0x00007ff984610000 - 0x00007ff98472d000 	C:\WINDOWS\system32\RPCRT4.dll
0x00007ff9821b0000 - 0x00007ff982306000 	C:\WINDOWS\system32\USER32.dll
0x00007ff982b00000 - 0x00007ff982c87000 	C:\WINDOWS\system32\GDI32.dll
0x00007ff973b90000 - 0x00007ff973e04000 	C:\WINDOWS\WinSxS\amd64_microsoft.windows.common-controls_6595b64144ccf1df_6.0.10586.839_none_a2ddba30a539a2ae\COMCTL32.dll
0x00007ff982dc0000 - 0x00007ff98303e000 	C:\WINDOWS\system32\combase.dll
0x00007ff981410000 - 0x00007ff98147a000 	C:\WINDOWS\system32\bcryptPrimitives.dll
0x00007ff982690000 - 0x00007ff9826cb000 	C:\WINDOWS\system32\IMM32.DLL
0x00000000619e0000 - 0x0000000061ab2000 	C:\Program Files\Java\jdk1.8.0_221\jre\bin\msvcr100.dll
0x0000000061130000 - 0x00000000619d5000 	C:\Program Files\Java\jdk1.8.0_221\jre\bin\server\jvm.dll
0x00007ff983040000 - 0x00007ff983048000 	C:\WINDOWS\system32\PSAPI.DLL
0x00007ff977970000 - 0x00007ff977979000 	C:\WINDOWS\SYSTEM32\WSOCK32.dll
0x00007ff982d40000 - 0x00007ff982dab000 	C:\WINDOWS\system32\WS2_32.dll
0x00007ff97f8c0000 - 0x00007ff97f8e3000 	C:\WINDOWS\SYSTEM32\WINMM.dll
0x00007ff977c00000 - 0x00007ff977c0a000 	C:\WINDOWS\SYSTEM32\VERSION.dll
0x00007ff97f860000 - 0x00007ff97f88c000 	C:\WINDOWS\SYSTEM32\WINMMBASE.dll
0x00007ff981d70000 - 0x00007ff981db3000 	C:\WINDOWS\system32\cfgmgr32.dll
0x00007ff974a80000 - 0x00007ff974a8f000 	C:\Program Files\Java\jdk1.8.0_221\jre\bin\verify.dll
0x00007ff95c1f0000 - 0x00007ff95c219000 	C:\Program Files\Java\jdk1.8.0_221\jre\bin\java.dll
0x00007ff96d350000 - 0x00007ff96d366000 	C:\Program Files\Java\jdk1.8.0_221\jre\bin\zip.dll
0x00007ff983050000 - 0x00007ff9845ac000 	C:\WINDOWS\system32\SHELL32.dll
0x00007ff981720000 - 0x00007ff981d65000 	C:\WINDOWS\system32\windows.storage.dll
0x00007ff984730000 - 0x00007ff984782000 	C:\WINDOWS\system32\shlwapi.dll
0x00007ff981100000 - 0x00007ff98110f000 	C:\WINDOWS\system32\kernel.appcore.dll
0x00007ff981180000 - 0x00007ff981235000 	C:\WINDOWS\system32\shcore.dll
0x00007ff981110000 - 0x00007ff98115b000 	C:\WINDOWS\system32\powrprof.dll
0x00007ff9810d0000 - 0x00007ff9810e4000 	C:\WINDOWS\system32\profapi.dll
0x00007ff96ca50000 - 0x00007ff96ca6a000 	C:\Program Files\Java\jdk1.8.0_221\jre\bin\net.dll
0x00007ff970210000 - 0x00007ff9703c7000 	C:\WINDOWS\SYSTEM32\urlmon.dll
0x00007ff9758c0000 - 0x00007ff975c4a000 	C:\WINDOWS\SYSTEM32\iertutil.dll
0x00007ff9809a0000 - 0x00007ff9809fc000 	C:\WINDOWS\system32\mswsock.dll
0x00007ff9612e0000 - 0x00007ff9612f2000 	C:\Program Files\Java\jdk1.8.0_221\jre\bin\nio.dll
0x00007ff95b440000 - 0x00007ff95b466000 	C:\Users\hunza rafiq\.gradle\native\30\windows-amd64\native-platform.dll
0x00007ff9726a0000 - 0x00007ff9726ad000 	C:\Program Files\Java\jdk1.8.0_221\jre\bin\management.dll
0x00007ff980a50000 - 0x00007ff980a67000 	C:\WINDOWS\SYSTEM32\CRYPTSP.dll
0x00007ff9806e0000 - 0x00007ff980714000 	C:\WINDOWS\system32\rsaenh.dll
0x00007ff981000000 - 0x00007ff981029000 	C:\WINDOWS\SYSTEM32\bcrypt.dll
0x00007ff980830000 - 0x00007ff98084f000 	C:\WINDOWS\SYSTEM32\USERENV.dll
0x00007ff980ff0000 - 0x00007ff980ffb000 	C:\WINDOWS\SYSTEM32\CRYPTBASE.dll
0x00007ff979a60000 - 0x00007ff979a98000 	C:\WINDOWS\SYSTEM32\IPHLPAPI.DLL
0x00007ff9848a0000 - 0x00007ff9848a8000 	C:\WINDOWS\system32\NSI.dll
0x00007ff978fc0000 - 0x00007ff978fd6000 	C:\WINDOWS\SYSTEM32\dhcpcsvc6.DLL
0x00007ff978fe0000 - 0x00007ff978ffa000 	C:\WINDOWS\SYSTEM32\dhcpcsvc.DLL

VM Arguments:
jvm_args: -XX:MaxPermSize=512m -XX:+HeapDumpOnOutOfMemoryError -Xmx2048m -Dfile.encoding=UTF-8 -Duser.country=US -Duser.language=en -Duser.variant 
java_command: org.gradle.launcher.daemon.bootstrap.GradleDaemon 6.0.1
java_class_path (initial): C:\Users\hunza rafiq\.gradle\wrapper\dists\gradle-6.0.1-all\99d3u8wxs16ndehh90lbbir67\gradle-6.0.1\lib\gradle-launcher-6.0.1.jar
Launcher Type: SUN_STANDARD

Environment Variables:
JAVA_HOME=C:\Program Files\Java\jdk1.8.0_221
CLASSPATH=E:\react-native\PracticeApp\android\\gradle\wrapper\gradle-wrapper.jar
PATH=E:\react-native\PracticeApp\android\node_modules\.bin;E:\react-native\PracticeApp\node_modules\.bin;E:\react-native\node_modules\.bin;E:\node_modules\.bin;C:\Program Files\nodejs;C:\Python27\;C:\Python27\Scripts;C:\Program Files (x86)\Intel\iCLS Client\C:\Users\hunza rafiq\Desktop\openssl;C:\Program Files\Intel\iCLS Client\;C:\WINDOWS\system32;C:\WINDOWS;C:\WINDOWS\System32\Wbem;C:\WINDOWS\System32\WindowsPowerShell\v1.0\;C:\Program Files (x86)\Intel\Intel(R) Management Engine Components\DAL;C:\Program Files\Intel\Intel(R) Management Engine Components\DAL;C:\Program Files (x86)\Intel\Intel(R) Management Engine Components\IPT;C:\Program Files\Intel\Intel(R) Management Engine Components\IPT;C:\Program Files\Git\cmd;c:\OpenSSL\;e:\100\Tools\Binn\;e:\100\DTS\Binn\;e:\100\Tools\Binn\VSShell\Common7\IDE\;C:\ProgramData\chocolatey\bin;C:\Program Files\nodejs\;E:\android\platform-tools;C:\Program Files\Java\jdk1.8.0_221;C:\Program Files\Microsoft VS Code\bin;C:\Program Files\Microsoft VS Code\bin;C:\Program Files\heroku\bin;C:\Users\hunza rafiq\Desktop\openssl;C:\Users\hunza rafiq\AppData\Roaming\npm;E:\android\platform-tools
USERNAME=hunza rafiq
OS=Windows_NT
PROCESSOR_IDENTIFIER=Intel64 Family 6 Model 61 Stepping 4, GenuineIntel



---------------  S Y S T E M  ---------------

OS: Windows 10.0 , 64 bit Build 10586 (10.0.10586.589)

CPU:total 4 (initial active 4) (2 cores per cpu, 2 threads per core) family 6 model 61 stepping 4, cmov, cx8, fxsr, mmx, sse, sse2, sse3, ssse3, sse4.1, sse4.2, popcnt, avx, avx2, aes, clmul, erms, 3dnowpref, lzcnt, ht, tsc, tscinvbit, bmi1, bmi2, adx

Memory: 4k page, physical 4107804k(710136k free), swap 4509436k(4600k free)

vm_info: Java HotSpot(TM) 64-Bit Server VM (25.221-b11) for windows-amd64 JRE (1.8.0_221-b11), built on Jul  4 2019 04:39:29 by "java_re" with MS VC++ 10.0 (VS2010)

time: Sat Jun 13 10:40:53 2020
timezone: Pakistan Standard Time
elapsed time: 3 seconds (0d 0h 0m 3s)

