#
# There is insufficient memory for the Java Runtime Environment to continue.
# Native memory allocation (malloc) failed to allocate 1520016 bytes for Chunk::new
# Possible reasons:
#   The system is out of physical RAM or swap space
#   The process is running with CompressedOops enabled, and the Java Heap may be blocking the growth of the native heap
# Possible solutions:
#   Reduce memory load on the system
#   Increase physical memory or swap space
#   Check if swap backing store is full
#   Decrease Java heap size (-Xmx/-Xms)
#   Decrease number of Java threads
#   Decrease Java thread stack sizes (-Xss)
#   Set larger code cache with -XX:ReservedCodeCacheSize=
#   JVM is running with Unscaled Compressed Oops mode in which the Java heap is
#     placed in the first 4GB address space. The Java Heap base address is the
#     maximum limit for the native heap growth. Please use -XX:HeapBaseMinAddress
#     to set the Java Heap base and to place the Java Heap above 4GB virtual address.
# This output file may be truncated or incomplete.
#
#  Out of Memory Error (allocation.cpp:389), pid=2656, tid=0x0000000000001b0c
#
# JRE version: Java(TM) SE Runtime Environment (8.0_221-b11) (build 1.8.0_221-b11)
# Java VM: Java HotSpot(TM) 64-Bit Server VM (25.221-b11 mixed mode windows-amd64 compressed oops)
# Failed to write core dump. Minidumps are not enabled by default on client versions of Windows
#

---------------  T H R E A D  ---------------

Current thread (0x0000000013b56800):  JavaThread "C2 CompilerThread1" daemon [_thread_in_native, id=6924, stack(0x0000000015290000,0x0000000015390000)]

Stack: [0x0000000015290000,0x0000000015390000]
[error occurred during error reporting (printing stack bounds), id 0xc0000005]

Native frames: (J=compiled Java code, j=interpreted, Vv=VM code, C=native code)


Current CompileTask:
C2:16793494 36023       4       org.gradle.api.internal.artifacts.ivyservice.modulecache.PersistentModuleMetadataCache$1::create (5 bytes)


---------------  P R O C E S S  ---------------

Java Threads: ( => current thread )
  0x000000001b8ab800 JavaThread "Cache worker for Build Output Cleanup Cache (E:\react-native\PracticeApp\android\.gradle\buildOutputCleanup)" [_thread_blocked, id=656, stack(0x000000006d9f0000,0x000000006daf0000)]
  0x000000001b8a3000 JavaThread "pool-20-thread-1" [_thread_blocked, id=3760, stack(0x000000006d8f0000,0x000000006d9f0000)]
  0x000000001b8a9000 JavaThread "Build operations Thread 4" [_thread_blocked, id=8784, stack(0x000000006d7f0000,0x000000006d8f0000)]
  0x000000001b8a8800 JavaThread "Build operations Thread 3" [_thread_blocked, id=6472, stack(0x000000006d6f0000,0x000000006d7f0000)]
  0x000000001b8a7800 JavaThread "Build operations Thread 2" [_thread_blocked, id=916, stack(0x000000006d5f0000,0x000000006d6f0000)]
  0x000000001b8a0000 JavaThread "Build operations" [_thread_blocked, id=8272, stack(0x000000006d4f0000,0x000000006d5f0000)]
  0x000000001b8a1800 JavaThread "Cache worker for cache directory md-rule (C:\Users\hunza rafiq\.gradle\caches\6.0.1\md-rule)" [_thread_blocked, id=5764, stack(0x000000006d3f0000,0x000000006d4f0000)]
  0x000000001b8a2800 JavaThread "Cache worker for cache directory md-supplier (C:\Users\hunza rafiq\.gradle\caches\6.0.1\md-supplier)" [_thread_blocked, id=3424, stack(0x000000006d2f0000,0x000000006d3f0000)]
  0x000000001b8a1000 JavaThread "Cache worker for file hash cache (E:\react-native\PracticeApp\android\.gradle\6.0.1\fileHashes)" [_thread_blocked, id=9048, stack(0x000000006d1f0000,0x000000006d2f0000)]
  0x000000001b8a7000 JavaThread "Thread-304" [_thread_blocked, id=4696, stack(0x000000006d0f0000,0x000000006d1f0000)]
  0x000000001b8a6000 JavaThread "Stdin handler" [_thread_blocked, id=8400, stack(0x000000006cff0000,0x000000006d0f0000)]
  0x000000001b8a5800 JavaThread "Asynchronous log dispatcher for DefaultDaemonConnection: socket connection from /127.0.0.1:49722 to /127.0.0.1:58480" [_thread_blocked, id=4836, stack(0x000000006cef0000,0x000000006cff0000)]
  0x000000001b89e000 JavaThread "Cancel handler" [_thread_blocked, id=7444, stack(0x000000006cdf0000,0x000000006cef0000)]
  0x000000001b89d000 JavaThread "Handler for socket connection from /127.0.0.1:49722 to /127.0.0.1:58480" [_thread_in_native, id=3440, stack(0x000000006ccf0000,0x000000006cdf0000)]
  0x0000000016578000 JavaThread "Daemon worker Thread 11" [_thread_in_native, id=1672, stack(0x000000006b9f0000,0x000000006baf0000)]
  0x000000001657f000 JavaThread "Daemon Thread 11" [_thread_blocked, id=6192, stack(0x000000006b6f0000,0x000000006b7f0000)]
  0x000000001b8aa000 JavaThread "Cache worker for Java compile cache (C:\Users\hunza rafiq\.gradle\caches\6.0.1\javaCompile)" [_thread_blocked, id=8300, stack(0x00000000602f0000,0x00000000603f0000)]
  0x0000000016580800 JavaThread "AWT-Windows" daemon [_thread_in_native, id=6232, stack(0x00000000238b0000,0x00000000239b0000)]
  0x0000000016582800 JavaThread "Java2D Disposer" daemon [_thread_blocked, id=6080, stack(0x00000000236b0000,0x00000000237b0000)]
  0x0000000016581000 JavaThread "Device List Monitor" [_thread_in_native, id=5816, stack(0x00000000234b0000,0x00000000235b0000)]
  0x0000000016586800 JavaThread "Monitor" [_thread_in_native, id=4936, stack(0x00000000230b0000,0x00000000231b0000)]
  0x000000001657e000 JavaThread "Cache worker for file content cache (C:\Users\hunza rafiq\.gradle\caches\6.0.1\fileContent)" [_thread_blocked, id=2608, stack(0x0000000021680000,0x0000000021780000)]
  0x000000001657d800 JavaThread "Memory manager" [_thread_blocked, id=6520, stack(0x000000001fea0000,0x000000001ffa0000)]
  0x00000000176da000 JavaThread "Cache worker for execution history cache (C:\Users\hunza rafiq\.gradle\caches\6.0.1\executionHistory)" [_thread_blocked, id=6436, stack(0x000000001df50000,0x000000001e050000)]
  0x00000000176db800 JavaThread "Cache worker for journal cache (C:\Users\hunza rafiq\.gradle\caches\journal-1)" [_thread_blocked, id=7112, stack(0x0000000019650000,0x0000000019750000)]
  0x00000000176d9000 JavaThread "File lock request listener" [_thread_in_native, id=7104, stack(0x0000000019550000,0x0000000019650000)]
  0x00000000176d6000 JavaThread "Cache worker for file hash cache (C:\Users\hunza rafiq\.gradle\caches\6.0.1\fileHashes)" [_thread_blocked, id=7120, stack(0x0000000019450000,0x0000000019550000)]
  0x0000000017590000 JavaThread "Daemon periodic checks" [_thread_blocked, id=3156, stack(0x0000000018a50000,0x0000000018b50000)]
  0x0000000017573000 JavaThread "Incoming local TCP Connector on port 49722" [_thread_in_native, id=2192, stack(0x0000000018870000,0x0000000018970000)]
  0x0000000017450800 JavaThread "Daemon health stats" [_thread_blocked, id=2336, stack(0x0000000018230000,0x0000000018330000)]
  0x0000000013baa800 JavaThread "Service Thread" daemon [_thread_blocked, id=2604, stack(0x0000000015890000,0x0000000015990000)]
  0x0000000013b67800 JavaThread "C1 CompilerThread2" daemon [_thread_blocked, id=6792, stack(0x0000000015390000,0x0000000015490000)]
=>0x0000000013b56800 JavaThread "C2 CompilerThread1" daemon [_thread_in_native, id=6924, stack(0x0000000015290000,0x0000000015390000)]
  0x0000000013b52000 JavaThread "C2 CompilerThread0" daemon [_thread_in_native, id=6916, stack(0x0000000015190000,0x0000000015290000)]
  0x0000000013b50800 JavaThread "Attach Listener" daemon [_thread_blocked, id=6932, stack(0x0000000015090000,0x0000000015190000)]
  0x0000000013b4b000 JavaThread "Signal Dispatcher" daemon [_thread_blocked, id=6936, stack(0x0000000014f90000,0x0000000015090000)]
  0x0000000013b39800 JavaThread "Finalizer" daemon [_thread_blocked, id=2344, stack(0x0000000014da0000,0x0000000014ea0000)]
  0x00000000027d1800 JavaThread "Reference Handler" daemon [_thread_blocked, id=6920, stack(0x0000000014ca0000,0x0000000014da0000)]
  0x00000000026e2800 JavaThread "main" [_thread_blocked, id=6812, stack(0x00000000025e0000,0x00000000026e0000)]

Other Threads:
  0x0000000013b17800 VMThread [stack: 0x0000000014ba0000,0x0000000014ca0000] [id=6824]
  0x0000000013bab000 WatcherThread [stack: 0x0000000015990000,0x0000000015a90000] [id=2576]

VM state:not at safepoint (normal execution)

VM Mutex/Monitor currently owned by a thread: None

heap address: 0x00000000e0000000, size: 512 MB, Compressed Oops mode: 32-bit
Narrow klass base: 0x0000000000000000, Narrow klass shift: 3
Compressed class space size: 1073741824 Address: 0x0000000100000000

Heap:
 PSYoungGen      total 135168K, used 91108K [0x00000000f5580000, 0x0000000100000000, 0x0000000100000000)
  eden space 95744K, 95% used [0x00000000f5580000,0x00000000fae79270,0x00000000fb300000)
  from space 39424K, 0% used [0x00000000fb300000,0x00000000fb300000,0x00000000fd980000)
  to   space 38400K, 0% used [0x00000000fda80000,0x00000000fda80000,0x0000000100000000)
 ParOldGen       total 349696K, used 113321K [0x00000000e0000000, 0x00000000f5580000, 0x00000000f5580000)
  object space 349696K, 32% used [0x00000000e0000000,0x00000000e6eaa7d8,0x00000000f5580000)
 Metaspace       used 112743K, capacity 120704K, committed 121728K, reserved 1155072K
  class space    used 14267K, capacity 15872K, committed 16256K, reserved 1048576K

Card table byte_map: [0x0000000011ba0000,0x0000000011cb0000] byte_map_base: 0x00000000114a0000

Marking Bits: (ParMarkBitMap*) 0x0000000050885ce0
 Begin Bits: [0x00000000120b0000, 0x00000000128b0000)
 End Bits:   [0x00000000128b0000, 0x00000000130b0000)

Polling page: 0x0000000000d80000

CodeCache: size=245760Kb used=99473Kb max_used=99473Kb free=146286Kb
 bounds [0x00000000027e0000, 0x00000000089a0000, 0x00000000117e0000]
 total_blobs=27689 nmethods=26718 adapters=879
 compilation: enabled

Compilation events (10 events):
Event: 16786.770 Thread 0x0000000013b67800 36031       3       java.util.concurrent.locks.ReentrantReadWriteLock$FairSync::writerShouldBlock (5 bytes)
Event: 16786.770 Thread 0x0000000013b67800 nmethod 36031 0x00000000044319d0 code [0x0000000004431b40, 0x0000000004431d48]
Event: 16786.780 Thread 0x0000000013b67800 36032       3       java.lang.invoke.DelegatingMethodHandle::makeReinvokerForm (58 bytes)
Event: 16786.781 Thread 0x0000000013b67800 nmethod 36032 0x0000000008986990 code [0x0000000008986b00, 0x0000000008986cc8]
Event: 16786.822 Thread 0x0000000013b67800 36034       3       org.gradle.internal.metaobject.BeanDynamicObject::getProperties (8 bytes)
Event: 16786.823 Thread 0x0000000013b67800 nmethod 36034 0x0000000008986550 code [0x00000000089866c0, 0x00000000089868c8]
Event: 16786.823 Thread 0x0000000013b67800 36035       3       org.gradle.internal.metaobject.BeanDynamicObject$MetaClassAdapter::getOpaqueProperties (1 bytes)
Event: 16786.823 Thread 0x0000000013b67800 nmethod 36035 0x00000000032dc150 code [0x00000000032dc2a0, 0x00000000032dc3f0]
Event: 16786.831 Thread 0x0000000013b67800 36036       3       org.gradle.api.internal.artifacts.dependencies.AbstractExternalModuleDependency::equals (35 bytes)
Event: 16786.832 Thread 0x0000000013b67800 nmethod 36036 0x0000000008985dd0 code [0x0000000008985f40, 0x0000000008986448]

GC Heap History (10 events):
Event: 16510.570 GC heap before
{Heap before GC invocations=171 (full 8):
 PSYoungGen      total 133632K, used 103952K [0x00000000f5580000, 0x00000000ffc80000, 0x0000000100000000)
  eden space 96256K, 100% used [0x00000000f5580000,0x00000000fb380000,0x00000000fb380000)
  from space 37376K, 20% used [0x00000000fb380000,0x00000000fbb04040,0x00000000fd800000)
  to   space 35840K, 0% used [0x00000000fd980000,0x00000000fd980000,0x00000000ffc80000)
 ParOldGen       total 349696K, used 307878K [0x00000000e0000000, 0x00000000f5580000, 0x00000000f5580000)
  object space 349696K, 88% used [0x00000000e0000000,0x00000000f2ca9880,0x00000000f5580000)
 Metaspace       used 112959K, capacity 121242K, committed 121728K, reserved 1155072K
  class space    used 14316K, capacity 15963K, committed 16256K, reserved 1048576K
Event: 16510.635 GC heap after
Heap after GC invocations=171 (full 8):
 PSYoungGen      total 135680K, used 2240K [0x00000000f5580000, 0x00000000ffd80000, 0x0000000100000000)
  eden space 99840K, 0% used [0x00000000f5580000,0x00000000f5580000,0x00000000fb700000)
  from space 35840K, 6% used [0x00000000fd980000,0x00000000fdbb0000,0x00000000ffc80000)
  to   space 35328K, 0% used [0x00000000fb700000,0x00000000fb700000,0x00000000fd980000)
 ParOldGen       total 349696K, used 314900K [0x00000000e0000000, 0x00000000f5580000, 0x00000000f5580000)
  object space 349696K, 90% used [0x00000000e0000000,0x00000000f33851e0,0x00000000f5580000)
 Metaspace       used 112959K, capacity 121242K, committed 121728K, reserved 1155072K
  class space    used 14316K, capacity 15963K, committed 16256K, reserved 1048576K
}
Event: 16703.259 GC heap before
{Heap before GC invocations=172 (full 8):
 PSYoungGen      total 135680K, used 102080K [0x00000000f5580000, 0x00000000ffd80000, 0x0000000100000000)
  eden space 99840K, 100% used [0x00000000f5580000,0x00000000fb700000,0x00000000fb700000)
  from space 35840K, 6% used [0x00000000fd980000,0x00000000fdbb0000,0x00000000ffc80000)
  to   space 35328K, 0% used [0x00000000fb700000,0x00000000fb700000,0x00000000fd980000)
 ParOldGen       total 349696K, used 314900K [0x00000000e0000000, 0x00000000f5580000, 0x00000000f5580000)
  object space 349696K, 90% used [0x00000000e0000000,0x00000000f33851e0,0x00000000f5580000)
 Metaspace       used 113024K, capacity 121246K, committed 121728K, reserved 1155072K
  class space    used 14317K, capacity 15963K, committed 16256K, reserved 1048576K
Event: 16703.350 GC heap after
Heap after GC invocations=172 (full 8):
 PSYoungGen      total 135168K, used 14891K [0x00000000f5580000, 0x00000000ffd80000, 0x0000000100000000)
  eden space 99840K, 0% used [0x00000000f5580000,0x00000000f5580000,0x00000000fb700000)
  from space 35328K, 42% used [0x00000000fb700000,0x00000000fc58acb0,0x00000000fd980000)
  to   space 34304K, 0% used [0x00000000fdc00000,0x00000000fdc00000,0x00000000ffd80000)
 ParOldGen       total 349696K, used 315917K [0x00000000e0000000, 0x00000000f5580000, 0x00000000f5580000)
  object space 349696K, 90% used [0x00000000e0000000,0x00000000f34836a0,0x00000000f5580000)
 Metaspace       used 113024K, capacity 121246K, committed 121728K, reserved 1155072K
  class space    used 14317K, capacity 15963K, committed 16256K, reserved 1048576K
}
Event: 16705.274 GC heap before
{Heap before GC invocations=173 (full 8):
 PSYoungGen      total 135168K, used 114731K [0x00000000f5580000, 0x00000000ffd80000, 0x0000000100000000)
  eden space 99840K, 100% used [0x00000000f5580000,0x00000000fb700000,0x00000000fb700000)
  from space 35328K, 42% used [0x00000000fb700000,0x00000000fc58acb0,0x00000000fd980000)
  to   space 34304K, 0% used [0x00000000fdc00000,0x00000000fdc00000,0x00000000ffd80000)
 ParOldGen       total 349696K, used 315917K [0x00000000e0000000, 0x00000000f5580000, 0x00000000f5580000)
  object space 349696K, 90% used [0x00000000e0000000,0x00000000f34836a0,0x00000000f5580000)
 Metaspace       used 113037K, capacity 121250K, committed 121728K, reserved 1155072K
  class space    used 14317K, capacity 15963K, committed 16256K, reserved 1048576K
Event: 16705.440 GC heap after
Heap after GC invocations=173 (full 8):
 PSYoungGen      total 130048K, used 31235K [0x00000000f5580000, 0x0000000100000000, 0x0000000100000000)
  eden space 95744K, 0% used [0x00000000f5580000,0x00000000f5580000,0x00000000fb300000)
  from space 34304K, 91% used [0x00000000fdc00000,0x00000000ffa80ec8,0x00000000ffd80000)
  to   space 39424K, 0% used [0x00000000fb300000,0x00000000fb300000,0x00000000fd980000)
 ParOldGen       total 349696K, used 315917K [0x00000000e0000000, 0x00000000f5580000, 0x00000000f5580000)
  object space 349696K, 90% used [0x00000000e0000000,0x00000000f34836a0,0x00000000f5580000)
 Metaspace       used 113037K, capacity 121250K, committed 121728K, reserved 1155072K
  class space    used 14317K, capacity 15963K, committed 16256K, reserved 1048576K
}
Event: 16708.664 GC heap before
{Heap before GC invocations=174 (full 8):
 PSYoungGen      total 130048K, used 126979K [0x00000000f5580000, 0x0000000100000000, 0x0000000100000000)
  eden space 95744K, 100% used [0x00000000f5580000,0x00000000fb300000,0x00000000fb300000)
  from space 34304K, 91% used [0x00000000fdc00000,0x00000000ffa80ec8,0x00000000ffd80000)
  to   space 39424K, 0% used [0x00000000fb300000,0x00000000fb300000,0x00000000fd980000)
 ParOldGen       total 349696K, used 315917K [0x00000000e0000000, 0x00000000f5580000, 0x00000000f5580000)
  object space 349696K, 90% used [0x00000000e0000000,0x00000000f34836a0,0x00000000f5580000)
 Metaspace       used 113044K, capacity 121250K, committed 121728K, reserved 1155072K
  class space    used 14317K, capacity 15963K, committed 16256K, reserved 1048576K
Event: 16708.998 GC heap after
Heap after GC invocations=174 (full 8):
 PSYoungGen      total 135168K, used 2592K [0x00000000f5580000, 0x0000000100000000, 0x0000000100000000)
  eden space 95744K, 0% used [0x00000000f5580000,0x00000000f5580000,0x00000000fb300000)
  from space 39424K, 6% used [0x00000000fb300000,0x00000000fb588128,0x00000000fd980000)
  to   space 38400K, 0% used [0x00000000fda80000,0x00000000fda80000,0x0000000100000000)
 ParOldGen       total 349696K, used 346177K [0x00000000e0000000, 0x00000000f5580000, 0x00000000f5580000)
  object space 349696K, 98% used [0x00000000e0000000,0x00000000f5210528,0x00000000f5580000)
 Metaspace       used 113044K, capacity 121250K, committed 121728K, reserved 1155072K
  class space    used 14317K, capacity 15963K, committed 16256K, reserved 1048576K
}
Event: 16708.998 GC heap before
{Heap before GC invocations=175 (full 9):
 PSYoungGen      total 135168K, used 2592K [0x00000000f5580000, 0x0000000100000000, 0x0000000100000000)
  eden space 95744K, 0% used [0x00000000f5580000,0x00000000f5580000,0x00000000fb300000)
  from space 39424K, 6% used [0x00000000fb300000,0x00000000fb588128,0x00000000fd980000)
  to   space 38400K, 0% used [0x00000000fda80000,0x00000000fda80000,0x0000000100000000)
 ParOldGen       total 349696K, used 346177K [0x00000000e0000000, 0x00000000f5580000, 0x00000000f5580000)
  object space 349696K, 98% used [0x00000000e0000000,0x00000000f5210528,0x00000000f5580000)
 Metaspace       used 113044K, capacity 121250K, committed 121728K, reserved 1155072K
  class space    used 14317K, capacity 15963K, committed 16256K, reserved 1048576K
Event: 16711.239 GC heap after
Heap after GC invocations=175 (full 9):
 PSYoungGen      total 135168K, used 0K [0x00000000f5580000, 0x0000000100000000, 0x0000000100000000)
  eden space 95744K, 0% used [0x00000000f5580000,0x00000000f5580000,0x00000000fb300000)
  from space 39424K, 0% used [0x00000000fb300000,0x00000000fb300000,0x00000000fd980000)
  to   space 38400K, 0% used [0x00000000fda80000,0x00000000fda80000,0x0000000100000000)
 ParOldGen       total 349696K, used 113321K [0x00000000e0000000, 0x00000000f5580000, 0x00000000f5580000)
  object space 349696K, 32% used [0x00000000e0000000,0x00000000e6eaa7d8,0x00000000f5580000)
 Metaspace       used 112712K, capacity 120692K, committed 121728K, reserved 1155072K
  class space    used 14266K, capacity 15870K, committed 16256K, reserved 1048576K
}

Deoptimization events (10 events):
Event: 16009.012 Thread 0x000000001657c800 Uncommon trap: reason=unstable_if action=reinterpret pc=0x0000000002d816c0 method=org.slf4j.helpers.MessageFormatter.deeplyAppendParameter(Ljava/lang/StringBuilder;Ljava/lang/Object;Ljava/util/Map;)V @ 1
Event: 16089.703 Thread 0x0000000016579800 Uncommon trap: reason=class_check action=maybe_recompile pc=0x000000000448de10 method=org.codehaus.groovy.runtime.typehandling.DefaultTypeTransformation.compareEqual(Ljava/lang/Object;Ljava/lang/Object;)Z @ 26
Event: 16091.701 Thread 0x0000000016579800 Uncommon trap: reason=unstable_if action=reinterpret pc=0x000000000417d978 method=com.esotericsoftware.kryo.io.Input.readAscii()Ljava/lang/String; @ 23
Event: 16091.825 Thread 0x0000000016579800 Uncommon trap: reason=class_check action=maybe_recompile pc=0x00000000053da980 method=org.gradle.api.internal.tasks.DefaultTaskDependency.visitDependencies(Lorg/gradle/api/internal/tasks/TaskDependencyResolveContext;)V @ 502
Event: 16092.415 Thread 0x0000000016579800 Uncommon trap: reason=class_check action=maybe_recompile pc=0x000000000522a14c method=org.gradle.api.internal.artifacts.transform.ConsumerProvidedResolvedVariant.visitDependencies(Lorg/gradle/api/internal/tasks/TaskDependencyResolveContext;)V @ 40
Event: 16504.217 Thread 0x0000000025fcd800 Uncommon trap: reason=class_check action=maybe_recompile pc=0x000000000522a14c method=org.gradle.api.internal.artifacts.transform.ConsumerProvidedResolvedVariant.visitDependencies(Lorg/gradle/api/internal/tasks/TaskDependencyResolveContext;)V @ 40
Event: 16507.236 Thread 0x0000000025fcd800 Uncommon trap: reason=unstable_if action=reinterpret pc=0x00000000041d0284 method=java.util.concurrent.locks.ReentrantLock$Sync.nonfairTryAcquire(I)Z @ 19
Event: 16510.388 Thread 0x000000001657b000 Uncommon trap: reason=null_check action=make_not_entrant pc=0x00000000043d362c method=com.google.common.util.concurrent.AbstractFuture.get()Ljava/lang/Object; @ 125
Event: 16510.637 Thread 0x0000000025fcd800 Uncommon trap: reason=unstable_if action=reinterpret pc=0x00000000044d80f4 method=com.google.common.cache.LocalCache$Segment.expand()V @ 228
Event: 16524.886 Thread 0x000000001657f800 Uncommon trap: reason=unstable_if action=reinterpret pc=0x0000000003b4a480 method=java.util.concurrent.locks.ReentrantLock$Sync.nonfairTryAcquire(I)Z @ 19

Classes redefined (0 events):
No events

Internal exceptions (10 events):
Event: 16725.832 Thread 0x0000000016578000 Exception <a 'sun/nio/fs/WindowsException'> (0x00000000f9c137d8) thrown at [C:\re\workspace\8-2-build-windows-amd64-cygwin\jdk8u221\13320\hotspot\src\share\vm\prims\jni.cpp, line 710]
Event: 16725.833 Thread 0x0000000016578000 Exception <a 'sun/nio/fs/WindowsException'> (0x00000000f9c15360) thrown at [C:\re\workspace\8-2-build-windows-amd64-cygwin\jdk8u221\13320\hotspot\src\share\vm\prims\jni.cpp, line 710]
Event: 16725.834 Thread 0x0000000016578000 Exception <a 'sun/nio/fs/WindowsException'> (0x00000000f9c16f80) thrown at [C:\re\workspace\8-2-build-windows-amd64-cygwin\jdk8u221\13320\hotspot\src\share\vm\prims\jni.cpp, line 710]
Event: 16725.835 Thread 0x0000000016578000 Exception <a 'sun/nio/fs/WindowsException'> (0x00000000f9c18b50) thrown at [C:\re\workspace\8-2-build-windows-amd64-cygwin\jdk8u221\13320\hotspot\src\share\vm\prims\jni.cpp, line 710]
Event: 16725.836 Thread 0x0000000016578000 Exception <a 'sun/nio/fs/WindowsException'> (0x00000000f9c1a730) thrown at [C:\re\workspace\8-2-build-windows-amd64-cygwin\jdk8u221\13320\hotspot\src\share\vm\prims\jni.cpp, line 710]
Event: 16725.837 Thread 0x0000000016578000 Exception <a 'sun/nio/fs/WindowsException'> (0x00000000f9c1c318) thrown at [C:\re\workspace\8-2-build-windows-amd64-cygwin\jdk8u221\13320\hotspot\src\share\vm\prims\jni.cpp, line 710]
Event: 16725.838 Thread 0x0000000016578000 Exception <a 'sun/nio/fs/WindowsException'> (0x00000000f9c1dee0) thrown at [C:\re\workspace\8-2-build-windows-amd64-cygwin\jdk8u221\13320\hotspot\src\share\vm\prims\jni.cpp, line 710]
Event: 16725.839 Thread 0x0000000016578000 Exception <a 'sun/nio/fs/WindowsException'> (0x00000000f9c1fae0) thrown at [C:\re\workspace\8-2-build-windows-amd64-cygwin\jdk8u221\13320\hotspot\src\share\vm\prims\jni.cpp, line 710]
Event: 16725.839 Thread 0x0000000016578000 Exception <a 'sun/nio/fs/WindowsException'> (0x00000000f9c21688) thrown at [C:\re\workspace\8-2-build-windows-amd64-cygwin\jdk8u221\13320\hotspot\src\share\vm\prims\jni.cpp, line 710]
Event: 16786.763 Thread 0x0000000016578000 Exception <a 'sun/nio/fs/WindowsException'> (0x00000000fac75ae0) thrown at [C:\re\workspace\8-2-build-windows-amd64-cygwin\jdk8u221\13320\hotspot\src\share\vm\prims\jni.cpp, line 710]

Events (10 events):
Event: 16786.630 Thread 0x000000001b8a0000 Thread added: 0x000000001b8a0000
Event: 16786.630 Thread 0x000000001b8a7800 Thread added: 0x000000001b8a7800
Event: 16786.631 Thread 0x000000001b8a8800 Thread added: 0x000000001b8a8800
Event: 16786.632 Thread 0x000000001b8a9000 Thread added: 0x000000001b8a9000
Event: 16786.654 Executing VM operation: RevokeBias
Event: 16786.661 Executing VM operation: RevokeBias done
Event: 16786.766 Thread 0x000000001b8a3000 Thread added: 0x000000001b8a3000
Event: 16786.774 Thread 0x000000001b8ab800 Thread added: 0x000000001b8ab800
Event: 16786.802 Thread 0x0000000016578000 DEOPT PACKING pc=0x0000000002ffde16 sp=0x000000006bae7f80
Event: 16786.803 Thread 0x0000000016578000 DEOPT UNPACKING pc=0x0000000002827890 sp=0x000000006bae7c88 mode 0


Dynamic libraries:
0x00007ff614120000 - 0x00007ff614157000 	C:\Program Files\Java\jdk1.8.0_221\bin\java.exe
0x00007ffa216e0000 - 0x00007ffa218a1000 	C:\WINDOWS\SYSTEM32\ntdll.dll
0x00007ffa213e0000 - 0x00007ffa2148d000 	C:\WINDOWS\system32\KERNEL32.DLL
0x00007ffa1e8f0000 - 0x00007ffa1ead8000 	C:\WINDOWS\system32\KERNELBASE.dll
0x00007ffa1f400000 - 0x00007ffa1f4a7000 	C:\WINDOWS\system32\ADVAPI32.dll
0x00007ffa21290000 - 0x00007ffa2132d000 	C:\WINDOWS\system32\msvcrt.dll
0x00007ffa21080000 - 0x00007ffa210db000 	C:\WINDOWS\system32\sechost.dll
0x00007ffa1efe0000 - 0x00007ffa1f0fd000 	C:\WINDOWS\system32\RPCRT4.dll
0x00007ffa1f880000 - 0x00007ffa1f9d6000 	C:\WINDOWS\system32\USER32.dll
0x00007ffa1f270000 - 0x00007ffa1f3f7000 	C:\WINDOWS\system32\GDI32.dll
0x00007ffa112c0000 - 0x00007ffa11534000 	C:\WINDOWS\WinSxS\amd64_microsoft.windows.common-controls_6595b64144ccf1df_6.0.10586.839_none_a2ddba30a539a2ae\COMCTL32.dll
0x00007ffa1f600000 - 0x00007ffa1f87e000 	C:\WINDOWS\system32\combase.dll
0x00007ffa1e070000 - 0x00007ffa1e0da000 	C:\WINDOWS\system32\bcryptPrimitives.dll
0x00007ffa1efa0000 - 0x00007ffa1efdb000 	C:\WINDOWS\system32\IMM32.DLL
0x0000000050910000 - 0x00000000509e2000 	C:\Program Files\Java\jdk1.8.0_221\jre\bin\msvcr100.dll
0x0000000050060000 - 0x0000000050905000 	C:\Program Files\Java\jdk1.8.0_221\jre\bin\server\jvm.dll
0x00007ffa21550000 - 0x00007ffa21558000 	C:\WINDOWS\system32\PSAPI.DLL
0x00007ffa19c80000 - 0x00007ffa19c89000 	C:\WINDOWS\SYSTEM32\WSOCK32.dll
0x00007ffa1f9e0000 - 0x00007ffa1fa4b000 	C:\WINDOWS\system32\WS2_32.dll
0x00007ffa126c0000 - 0x00007ffa126ca000 	C:\WINDOWS\SYSTEM32\VERSION.dll
0x00007ffa1c3e0000 - 0x00007ffa1c403000 	C:\WINDOWS\SYSTEM32\WINMM.dll
0x00007ffa1c290000 - 0x00007ffa1c2bc000 	C:\WINDOWS\SYSTEM32\WINMMBASE.dll
0x00007ffa1dd90000 - 0x00007ffa1ddd3000 	C:\WINDOWS\system32\cfgmgr32.dll
0x00007ffa123b0000 - 0x00007ffa123bf000 	C:\Program Files\Java\jdk1.8.0_221\jre\bin\verify.dll
0x00007ffa0cc60000 - 0x00007ffa0cc89000 	C:\Program Files\Java\jdk1.8.0_221\jre\bin\java.dll
0x00007ffa08fd0000 - 0x00007ffa08fe6000 	C:\Program Files\Java\jdk1.8.0_221\jre\bin\zip.dll
0x00007ffa1fb20000 - 0x00007ffa2107c000 	C:\WINDOWS\system32\SHELL32.dll
0x00007ffa1e190000 - 0x00007ffa1e7d5000 	C:\WINDOWS\system32\windows.storage.dll
0x00007ffa21490000 - 0x00007ffa214e2000 	C:\WINDOWS\system32\shlwapi.dll
0x00007ffa1dd20000 - 0x00007ffa1dd2f000 	C:\WINDOWS\system32\kernel.appcore.dll
0x00007ffa1dde0000 - 0x00007ffa1de95000 	C:\WINDOWS\system32\shcore.dll
0x00007ffa1dd30000 - 0x00007ffa1dd7b000 	C:\WINDOWS\system32\powrprof.dll
0x00007ffa1dd00000 - 0x00007ffa1dd14000 	C:\WINDOWS\system32\profapi.dll
0x00007ffa08fb0000 - 0x00007ffa08fca000 	C:\Program Files\Java\jdk1.8.0_221\jre\bin\net.dll
0x00007ffa0c7b0000 - 0x00007ffa0c967000 	C:\WINDOWS\SYSTEM32\urlmon.dll
0x00007ffa12de0000 - 0x00007ffa1316a000 	C:\WINDOWS\SYSTEM32\iertutil.dll
0x00007ffa1d5d0000 - 0x00007ffa1d62c000 	C:\WINDOWS\system32\mswsock.dll
0x00007ffa08f90000 - 0x00007ffa08fa2000 	C:\Program Files\Java\jdk1.8.0_221\jre\bin\nio.dll
0x00007ffa08f60000 - 0x00007ffa08f86000 	C:\Users\hunza rafiq\.gradle\native\30\windows-amd64\native-platform.dll
0x00007ffa08f50000 - 0x00007ffa08f5d000 	C:\Program Files\Java\jdk1.8.0_221\jre\bin\management.dll
0x00007ffa1d680000 - 0x00007ffa1d697000 	C:\WINDOWS\SYSTEM32\CRYPTSP.dll
0x00007ffa1d310000 - 0x00007ffa1d344000 	C:\WINDOWS\system32\rsaenh.dll
0x00007ffa1dc30000 - 0x00007ffa1dc59000 	C:\WINDOWS\SYSTEM32\bcrypt.dll
0x00007ffa1d460000 - 0x00007ffa1d47f000 	C:\WINDOWS\SYSTEM32\USERENV.dll
0x00007ffa1dc20000 - 0x00007ffa1dc2b000 	C:\WINDOWS\SYSTEM32\CRYPTBASE.dll
0x00007ffa15aa0000 - 0x00007ffa15ad8000 	C:\WINDOWS\SYSTEM32\IPHLPAPI.DLL
0x00007ffa1f260000 - 0x00007ffa1f268000 	C:\WINDOWS\system32\NSI.dll
0x00007ffa14cc0000 - 0x00007ffa14cd6000 	C:\WINDOWS\SYSTEM32\dhcpcsvc6.DLL
0x00007ffa14ce0000 - 0x00007ffa14cfa000 	C:\WINDOWS\SYSTEM32\dhcpcsvc.DLL
0x00007ffa00f10000 - 0x00007ffa010a9000 	C:\Program Files\Java\jdk1.8.0_221\jre\bin\awt.dll
0x00007ffa1fa50000 - 0x00007ffa1fb16000 	C:\WINDOWS\system32\OLEAUT32.dll
0x00007ffa1c5b0000 - 0x00007ffa1c629000 	C:\WINDOWS\system32\apphelp.dll
0x00007ffa1c7f0000 - 0x00007ffa1c886000 	C:\WINDOWS\system32\uxtheme.dll
0x00007ffa1f100000 - 0x00007ffa1f25a000 	C:\WINDOWS\system32\MSCTF.dll
0x00007ffa09710000 - 0x00007ffa097b3000 	C:\Program Files\Common Files\microsoft shared\ink\tiptsf.dll
0x00007ffa1ba50000 - 0x00007ffa1ba72000 	C:\WINDOWS\system32\dwmapi.dll
0x00007ffa1f4b0000 - 0x00007ffa1f5f3000 	C:\WINDOWS\system32\ole32.dll
0x00007ff9fcd80000 - 0x00007ff9fcda4000 	C:\Program Files\Java\jdk1.8.0_221\jre\bin\sunec.dll
0x00007ffa1c740000 - 0x00007ffa1c7ea000 	C:\WINDOWS\SYSTEM32\DNSAPI.dll
0x00007ffa0ddb0000 - 0x00007ffa0ddba000 	C:\Windows\System32\rasadhlp.dll
0x00007ffa15540000 - 0x00007ffa155a7000 	C:\WINDOWS\System32\fwpuclnt.dll
0x00007ffa10840000 - 0x00007ffa1084b000 	C:\Program Files\Java\jdk1.8.0_221\jre\bin\sunmscapi.dll
0x00007ffa1dea0000 - 0x00007ffa1e068000 	C:\WINDOWS\system32\CRYPT32.dll
0x00007ffa1dd80000 - 0x00007ffa1dd90000 	C:\WINDOWS\system32\MSASN1.dll

VM Arguments:
jvm_args: -XX:MaxMetaspaceSize=256m -XX:+HeapDumpOnOutOfMemoryError -Xms256m -Xmx512m -Dfile.encoding=windows-1252 -Duser.country=US -Duser.language=en -Duser.variant 
java_command: org.gradle.launcher.daemon.bootstrap.GradleDaemon 6.0.1
java_class_path (initial): C:\Users\hunza rafiq\.gradle\wrapper\dists\gradle-6.0.1-all\99d3u8wxs16ndehh90lbbir67\gradle-6.0.1\lib\gradle-launcher-6.0.1.jar
Launcher Type: SUN_STANDARD

Environment Variables:
JAVA_HOME=C:\Program Files\Java\jdk1.8.0_221
CLASSPATH=E:\react-native\PracticeApp\android\\gradle\wrapper\gradle-wrapper.jar
PATH=E:\react-native\PracticeApp\android\node_modules\.bin;E:\react-native\PracticeApp\node_modules\.bin;E:\react-native\node_modules\.bin;E:\node_modules\.bin;C:\Program Files\nodejs;C:\Python27\;C:\Python27\Scripts;C:\Program Files (x86)\Intel\iCLS Client\C:\Users\hunza rafiq\Desktop\openssl;C:\Program Files\Intel\iCLS Client\;C:\WINDOWS\system32;C:\WINDOWS;C:\WINDOWS\System32\Wbem;C:\WINDOWS\System32\WindowsPowerShell\v1.0\;C:\Program Files (x86)\Intel\Intel(R) Management Engine Components\DAL;C:\Program Files\Intel\Intel(R) Management Engine Components\DAL;C:\Program Files (x86)\Intel\Intel(R) Management Engine Components\IPT;C:\Program Files\Intel\Intel(R) Management Engine Components\IPT;C:\Program Files\Git\cmd;c:\OpenSSL\;e:\100\Tools\Binn\;e:\100\DTS\Binn\;e:\100\Tools\Binn\VSShell\Common7\IDE\;C:\ProgramData\chocolatey\bin;C:\Program Files\nodejs\;E:\android\platform-tools;C:\Program Files\Java\jdk1.8.0_221;C:\Program Files\Microsoft VS Code\bin;C:\Program Files\Microsoft VS Code\bin;C:\Program Files\heroku\bin;C:\Users\hunza rafiq\Desktop\openssl;C:\Users\hunza rafiq\AppData\Roaming\npm;E:\android\platform-tools
USERNAME=hunza rafiq
OS=Windows_NT
PROCESSOR_IDENTIFIER=Intel64 Family 6 Model 61 Stepping 4, GenuineIntel



---------------  S Y S T E M  ---------------

OS: Windows 10.0 , 64 bit Build 10586 (10.0.10586.589)

CPU:total 4 (initial active 4) (2 cores per cpu, 2 threads per core) family 6 model 61 stepping 4, cmov, cx8, fxsr, mmx, sse, sse2, sse3, ssse3, sse4.1, sse4.2, popcnt, avx, avx2, aes, clmul, erms, 3dnowpref, lzcnt, ht, tsc, tscinvbit, bmi1, bmi2, adx

Memory: 4k page, physical 4107804k(775596k free), swap 4494836k(4660k free)

vm_info: Java HotSpot(TM) 64-Bit Server VM (25.221-b11) for windows-amd64 JRE (1.8.0_221-b11), built on Jul  4 2019 04:39:29 by "java_re" with MS VC++ 10.0 (VS2010)

time: Sat Jun 13 15:26:04 2020
timezone: Pakistan Standard Time
elapsed time: 16788 seconds (0d 4h 39m 48s)

